Training data shape: 	(10000, 64, 64, 1)
Training label shape:	(10000,)
Testing data shape:  	(1910, 64, 64, 1)
Testing label shape: 	(1910,)
max input value is: 153.458
min input value is: -104.189
random permuted training data
==============================================================================
Model: 			inference_roicnn
Tensor Name: 	Placeholder:0
[64, 64, 64, 1]
==============================================================================
Tensor Name: concat_64:0
[64, 320, 64, 1]
==============================================================================
Tensor Name: concat_129:0
[64, 320, 320, 1]
==============================================================================
Tensor Name: conv0/conv0:0
[64, 64, 64, 8]
==============================================================================
Tensor Name: concat_162:0
[64, 64, 64, 8]
==============================================================================
Tensor Name: MaxPool:0
[64, 32, 32, 8]
==============================================================================
Tensor Name: local1/local1:0
[64, 128]
==============================================================================
Tensor Name: local2/local2:0
[64, 128]
==============================================================================
Tensor Name: softmax_linear/softmax_linear:0
[64, 2]
Step 0: loss = 3.3272 (0.367 sec)
Training Data Eval:
  Num examples: 8960  Num correct: 6341  Precision @ 1: 0.7077  AUC @ 1: 0.7654
Validation Data Eval:
  Num examples: 960  Num correct: 661  Precision @ 1: 0.6885  AUC @ 1: 0.7330
Test Data Eval:
  Num examples: 1856  Num correct: 1211  Precision @ 1: 0.6525  AUC @ 1: 0.6986
Step 100: loss = 3.0386 (0.318 sec)
Training Data Eval:
  Num examples: 8960  Num correct: 6809  Precision @ 1: 0.7599  AUC @ 1: 0.8135
Validation Data Eval:
  Num examples: 960  Num correct: 726  Precision @ 1: 0.7562  AUC @ 1: 0.7974
Test Data Eval:
  Num examples: 1856  Num correct: 1298  Precision @ 1: 0.6994  AUC @ 1: 0.7283
Step 200: loss = 2.7697 (0.316 sec)
Training Data Eval:
  Num examples: 8960  Num correct: 6894  Precision @ 1: 0.7694  AUC @ 1: 0.8366
Validation Data Eval:
  Num examples: 960  Num correct: 733  Precision @ 1: 0.7635  AUC @ 1: 0.8215
Test Data Eval:
  Num examples: 1856  Num correct: 1320  Precision @ 1: 0.7112  AUC @ 1: 0.7408
Step 300: loss = 2.5202 (0.331 sec)
Training Data Eval:
  Num examples: 8960  Num correct: 7048  Precision @ 1: 0.7866  AUC @ 1: 0.8612
Validation Data Eval:
  Num examples: 960  Num correct: 728  Precision @ 1: 0.7583  AUC @ 1: 0.8388
Test Data Eval:
  Num examples: 1856  Num correct: 1329  Precision @ 1: 0.7161  AUC @ 1: 0.7622
Step 400: loss = 2.3219 (0.308 sec)
Training Data Eval:
  Num examples: 8960  Num correct: 6819  Precision @ 1: 0.7610  AUC @ 1: 0.8584
Validation Data Eval:
  Num examples: 960  Num correct: 717  Precision @ 1: 0.7469  AUC @ 1: 0.8309
Test Data Eval:
  Num examples: 1856  Num correct: 1277  Precision @ 1: 0.6880  AUC @ 1: 0.7524
Step 500: loss = 2.2921 (0.302 sec)
Training Data Eval:
  Num examples: 8960  Num correct: 7217  Precision @ 1: 0.8055  AUC @ 1: 0.8818
Validation Data Eval:
  Num examples: 960  Num correct: 754  Precision @ 1: 0.7854  AUC @ 1: 0.8406
Test Data Eval:
  Num examples: 1856  Num correct: 1361  Precision @ 1: 0.7333  AUC @ 1: 0.7779
Step 600: loss = 2.1567 (0.311 sec)
Training Data Eval:
  Num examples: 8960  Num correct: 7077  Precision @ 1: 0.7898  AUC @ 1: 0.8867
Validation Data Eval:
  Num examples: 960  Num correct: 717  Precision @ 1: 0.7469  AUC @ 1: 0.8411
Test Data Eval:
  Num examples: 1856  Num correct: 1235  Precision @ 1: 0.6654  AUC @ 1: 0.7587
Step 700: loss = 2.0751 (0.404 sec)
Training Data Eval:
  Num examples: 8960  Num correct: 7297  Precision @ 1: 0.8144  AUC @ 1: 0.8935
Validation Data Eval:
  Num examples: 960  Num correct: 751  Precision @ 1: 0.7823  AUC @ 1: 0.8463
Test Data Eval:
  Num examples: 1856  Num correct: 1340  Precision @ 1: 0.7220  AUC @ 1: 0.7590
Step 800: loss = 1.7721 (0.332 sec)
Training Data Eval:
  Num examples: 8960  Num correct: 7446  Precision @ 1: 0.8310  AUC @ 1: 0.9078
Validation Data Eval:
  Num examples: 960  Num correct: 766  Precision @ 1: 0.7979  AUC @ 1: 0.8627
Test Data Eval:
  Num examples: 1856  Num correct: 1342  Precision @ 1: 0.7231  AUC @ 1: 0.7762
Step 900: loss = 1.6480 (0.325 sec)
Training Data Eval:
  Num examples: 8960  Num correct: 7548  Precision @ 1: 0.8424  AUC @ 1: 0.9158
Validation Data Eval:
  Num examples: 960  Num correct: 767  Precision @ 1: 0.7990  AUC @ 1: 0.8629
Test Data Eval:
  Num examples: 1856  Num correct: 1309  Precision @ 1: 0.7053  AUC @ 1: 0.7619
Step 1000: loss = 1.6184 (0.302 sec)
Training Data Eval:
  Num examples: 8960  Num correct: 7629  Precision @ 1: 0.8515  AUC @ 1: 0.9273
Validation Data Eval:
  Num examples: 960  Num correct: 757  Precision @ 1: 0.7885  AUC @ 1: 0.8695
Test Data Eval:
  Num examples: 1856  Num correct: 1322  Precision @ 1: 0.7123  AUC @ 1: 0.7804
Step 1100: loss = 1.6389 (0.309 sec)
Training Data Eval:
  Num examples: 8960  Num correct: 7624  Precision @ 1: 0.8509  AUC @ 1: 0.9294
Validation Data Eval:
  Num examples: 960  Num correct: 768  Precision @ 1: 0.8000  AUC @ 1: 0.8713
Test Data Eval:
  Num examples: 1856  Num correct: 1368  Precision @ 1: 0.7371  AUC @ 1: 0.7861
Step 1200: loss = 1.3496 (0.340 sec)
Training Data Eval:
  Num examples: 8960  Num correct: 7782  Precision @ 1: 0.8685  AUC @ 1: 0.9355
Validation Data Eval:
  Num examples: 960  Num correct: 770  Precision @ 1: 0.8021  AUC @ 1: 0.8700
Test Data Eval:
  Num examples: 1856  Num correct: 1305  Precision @ 1: 0.7031  AUC @ 1: 0.7739
Step 1300: loss = 1.3345 (0.309 sec)
Training Data Eval:
  Num examples: 8960  Num correct: 7904  Precision @ 1: 0.8821  AUC @ 1: 0.9508
Validation Data Eval:
  Num examples: 960  Num correct: 784  Precision @ 1: 0.8167  AUC @ 1: 0.8808
Test Data Eval:
  Num examples: 1856  Num correct: 1295  Precision @ 1: 0.6977  AUC @ 1: 0.7737
Step 1400: loss = 1.1463 (0.405 sec)
Training Data Eval:
  Num examples: 8960  Num correct: 7762  Precision @ 1: 0.8663  AUC @ 1: 0.9423
Validation Data Eval:
  Num examples: 960  Num correct: 764  Precision @ 1: 0.7958  AUC @ 1: 0.8693
Test Data Eval:
  Num examples: 1856  Num correct: 1321  Precision @ 1: 0.7117  AUC @ 1: 0.7687
Step 1500: loss = 1.1903 (0.332 sec)
Training Data Eval:
  Num examples: 8960  Num correct: 7785  Precision @ 1: 0.8689  AUC @ 1: 0.9482
Validation Data Eval:
  Num examples: 960  Num correct: 734  Precision @ 1: 0.7646  AUC @ 1: 0.8546
Test Data Eval:
  Num examples: 1856  Num correct: 1188  Precision @ 1: 0.6401  AUC @ 1: 0.7480
Step 1600: loss = 1.0712 (0.314 sec)
Training Data Eval:
  Num examples: 8960  Num correct: 7860  Precision @ 1: 0.8772  AUC @ 1: 0.9619
Validation Data Eval:
  Num examples: 960  Num correct: 780  Precision @ 1: 0.8125  AUC @ 1: 0.8692
Test Data Eval:
  Num examples: 1856  Num correct: 1335  Precision @ 1: 0.7193  AUC @ 1: 0.7763
Step 1700: loss = 1.0803 (0.326 sec)
Training Data Eval:
  Num examples: 8960  Num correct: 7637  Precision @ 1: 0.8523  AUC @ 1: 0.9546
Validation Data Eval:
  Num examples: 960  Num correct: 705  Precision @ 1: 0.7344  AUC @ 1: 0.8649
Test Data Eval:
  Num examples: 1856  Num correct: 1140  Precision @ 1: 0.6142  AUC @ 1: 0.7559
Step 1800: loss = 1.1272 (0.315 sec)
Training Data Eval:
  Num examples: 8960  Num correct: 8039  Precision @ 1: 0.8972  AUC @ 1: 0.9663
Validation Data Eval:
  Num examples: 960  Num correct: 761  Precision @ 1: 0.7927  AUC @ 1: 0.8762
Test Data Eval:
  Num examples: 1856  Num correct: 1242  Precision @ 1: 0.6692  AUC @ 1: 0.7688
Step 1900: loss = 0.8887 (0.316 sec)
Training Data Eval:
  Num examples: 8960  Num correct: 8150  Precision @ 1: 0.9096  AUC @ 1: 0.9743
Validation Data Eval:
  Num examples: 960  Num correct: 770  Precision @ 1: 0.8021  AUC @ 1: 0.8764
Test Data Eval:
  Num examples: 1856  Num correct: 1305  Precision @ 1: 0.7031  AUC @ 1: 0.7659
Step 2000: loss = 0.8827 (0.309 sec)
Training Data Eval:
  Num examples: 8960  Num correct: 8243  Precision @ 1: 0.9200  AUC @ 1: 0.9789
Validation Data Eval:
  Num examples: 960  Num correct: 766  Precision @ 1: 0.7979  AUC @ 1: 0.8723
Test Data Eval:
  Num examples: 1856  Num correct: 1300  Precision @ 1: 0.7004  AUC @ 1: 0.7696
Step 2100: loss = 0.7929 (0.388 sec)
Training Data Eval:
  Num examples: 8960  Num correct: 8257  Precision @ 1: 0.9215  AUC @ 1: 0.9816
Validation Data Eval:
  Num examples: 960  Num correct: 765  Precision @ 1: 0.7969  AUC @ 1: 0.8692
Test Data Eval:
  Num examples: 1856  Num correct: 1333  Precision @ 1: 0.7182  AUC @ 1: 0.7746
Step 2200: loss = 0.7310 (0.332 sec)
Training Data Eval:
  Num examples: 8960  Num correct: 8336  Precision @ 1: 0.9304  AUC @ 1: 0.9812
Validation Data Eval:
  Num examples: 960  Num correct: 757  Precision @ 1: 0.7885  AUC @ 1: 0.8647
Test Data Eval:
  Num examples: 1856  Num correct: 1270  Precision @ 1: 0.6843  AUC @ 1: 0.7682
Step 2300: loss = 0.7070 (0.323 sec)
Training Data Eval:
  Num examples: 8960  Num correct: 8160  Precision @ 1: 0.9107  AUC @ 1: 0.9846
Validation Data Eval:
  Num examples: 960  Num correct: 760  Precision @ 1: 0.7917  AUC @ 1: 0.8691
Test Data Eval:
  Num examples: 1856  Num correct: 1351  Precision @ 1: 0.7279  AUC @ 1: 0.7763
Step 2400: loss = 0.7271 (0.323 sec)
Training Data Eval:
  Num examples: 8960  Num correct: 8511  Precision @ 1: 0.9499  AUC @ 1: 0.9895
Validation Data Eval:
  Num examples: 960  Num correct: 764  Precision @ 1: 0.7958  AUC @ 1: 0.8575
Test Data Eval:
  Num examples: 1856  Num correct: 1285  Precision @ 1: 0.6923  AUC @ 1: 0.7632
Step 2500: loss = 0.7162 (0.314 sec)
Training Data Eval:
  Num examples: 8960  Num correct: 8232  Precision @ 1: 0.9187  AUC @ 1: 0.9862
Validation Data Eval:
  Num examples: 960  Num correct: 719  Precision @ 1: 0.7490  AUC @ 1: 0.8678
Test Data Eval:
  Num examples: 1856  Num correct: 1144  Precision @ 1: 0.6164  AUC @ 1: 0.7509
Step 2600: loss = 0.7051 (0.306 sec)
Training Data Eval:
  Num examples: 8960  Num correct: 8437  Precision @ 1: 0.9416  AUC @ 1: 0.9895
Validation Data Eval:
  Num examples: 960  Num correct: 761  Precision @ 1: 0.7927  AUC @ 1: 0.8591
Test Data Eval:
  Num examples: 1856  Num correct: 1283  Precision @ 1: 0.6913  AUC @ 1: 0.7537
Step 2700: loss = 0.7843 (0.313 sec)
Training Data Eval:
  Num examples: 8960  Num correct: 8434  Precision @ 1: 0.9413  AUC @ 1: 0.9913
Validation Data Eval:
  Num examples: 960  Num correct: 744  Precision @ 1: 0.7750  AUC @ 1: 0.8761
Test Data Eval:
  Num examples: 1856  Num correct: 1222  Precision @ 1: 0.6584  AUC @ 1: 0.7536
Step 2800: loss = 0.5467 (0.394 sec)
Training Data Eval:
  Num examples: 8960  Num correct: 8565  Precision @ 1: 0.9559  AUC @ 1: 0.9928
Validation Data Eval:
  Num examples: 960  Num correct: 766  Precision @ 1: 0.7979  AUC @ 1: 0.8750
Test Data Eval:
  Num examples: 1856  Num correct: 1273  Precision @ 1: 0.6859  AUC @ 1: 0.7660
Step 2900: loss = 0.6265 (0.318 sec)
Training Data Eval:
  Num examples: 8960  Num correct: 8464  Precision @ 1: 0.9446  AUC @ 1: 0.9908
Validation Data Eval:
  Num examples: 960  Num correct: 761  Precision @ 1: 0.7927  AUC @ 1: 0.8697
Test Data Eval:
  Num examples: 1856  Num correct: 1273  Precision @ 1: 0.6859  AUC @ 1: 0.7491
Step 3000: loss = 0.6242 (0.323 sec)
Training Data Eval:
  Num examples: 8960  Num correct: 8309  Precision @ 1: 0.9273  AUC @ 1: 0.9857
Validation Data Eval:
  Num examples: 960  Num correct: 762  Precision @ 1: 0.7937  AUC @ 1: 0.8659
Test Data Eval:
  Num examples: 1856  Num correct: 1322  Precision @ 1: 0.7123  AUC @ 1: 0.7550
Step 3100: loss = 0.6727 (0.312 sec)
Training Data Eval:
  Num examples: 8960  Num correct: 8488  Precision @ 1: 0.9473  AUC @ 1: 0.9949
Validation Data Eval:
  Num examples: 960  Num correct: 770  Precision @ 1: 0.8021  AUC @ 1: 0.8671
Test Data Eval:
  Num examples: 1856  Num correct: 1304  Precision @ 1: 0.7026  AUC @ 1: 0.7613
Step 3200: loss = 0.4715 (0.328 sec)
Training Data Eval:
  Num examples: 8960  Num correct: 8429  Precision @ 1: 0.9407  AUC @ 1: 0.9919
Validation Data Eval:
  Num examples: 960  Num correct: 760  Precision @ 1: 0.7917  AUC @ 1: 0.8662
Test Data Eval:
  Num examples: 1856  Num correct: 1316  Precision @ 1: 0.7091  AUC @ 1: 0.7573
Step 3300: loss = 0.4890 (0.288 sec)
Training Data Eval:
  Num examples: 8960  Num correct: 8413  Precision @ 1: 0.9390  AUC @ 1: 0.9918
Validation Data Eval:
  Num examples: 960  Num correct: 776  Precision @ 1: 0.8083  AUC @ 1: 0.8734
Test Data Eval:
  Num examples: 1856  Num correct: 1298  Precision @ 1: 0.6994  AUC @ 1: 0.7603
Step 3400: loss = 0.5093 (0.315 sec)
Training Data Eval:
  Num examples: 8960  Num correct: 8585  Precision @ 1: 0.9581  AUC @ 1: 0.9962
Validation Data Eval:
  Num examples: 960  Num correct: 765  Precision @ 1: 0.7969  AUC @ 1: 0.8690
Test Data Eval:
  Num examples: 1856  Num correct: 1323  Precision @ 1: 0.7128  AUC @ 1: 0.7728
Step 3500: loss = 0.4733 (0.395 sec)
Training Data Eval:
  Num examples: 8960  Num correct: 8467  Precision @ 1: 0.9450  AUC @ 1: 0.9931
Validation Data Eval:
  Num examples: 960  Num correct: 730  Precision @ 1: 0.7604  AUC @ 1: 0.8602
Test Data Eval:
  Num examples: 1856  Num correct: 1194  Precision @ 1: 0.6433  AUC @ 1: 0.7446
Step 3600: loss = 0.5747 (0.311 sec)
Training Data Eval:
  Num examples: 8960  Num correct: 8124  Precision @ 1: 0.9067  AUC @ 1: 0.9796
Validation Data Eval:
  Num examples: 960  Num correct: 745  Precision @ 1: 0.7760  AUC @ 1: 0.8583
Test Data Eval:
  Num examples: 1856  Num correct: 1332  Precision @ 1: 0.7177  AUC @ 1: 0.7519
Step 3700: loss = 0.6562 (0.331 sec)
Training Data Eval:
  Num examples: 8960  Num correct: 8598  Precision @ 1: 0.9596  AUC @ 1: 0.9952
Validation Data Eval:
  Num examples: 960  Num correct: 742  Precision @ 1: 0.7729  AUC @ 1: 0.8644
Test Data Eval:
  Num examples: 1856  Num correct: 1210  Precision @ 1: 0.6519  AUC @ 1: 0.7444
Step 3800: loss = 0.4751 (0.321 sec)
Training Data Eval:
  Num examples: 8960  Num correct: 8672  Precision @ 1: 0.9679  AUC @ 1: 0.9966
Validation Data Eval:
  Num examples: 960  Num correct: 752  Precision @ 1: 0.7833  AUC @ 1: 0.8624
Test Data Eval:
  Num examples: 1856  Num correct: 1275  Precision @ 1: 0.6870  AUC @ 1: 0.7605
Step 3900: loss = 0.4470 (0.300 sec)
Training Data Eval:
  Num examples: 8960  Num correct: 8698  Precision @ 1: 0.9708  AUC @ 1: 0.9969
Validation Data Eval:
  Num examples: 960  Num correct: 763  Precision @ 1: 0.7948  AUC @ 1: 0.8692
Test Data Eval:
  Num examples: 1856  Num correct: 1270  Precision @ 1: 0.6843  AUC @ 1: 0.7567
Step 4000: loss = 0.3874 (0.313 sec)
Training Data Eval:
  Num examples: 8960  Num correct: 8692  Precision @ 1: 0.9701  AUC @ 1: 0.9977
Validation Data Eval:
  Num examples: 960  Num correct: 775  Precision @ 1: 0.8073  AUC @ 1: 0.8703
Test Data Eval:
  Num examples: 1856  Num correct: 1318  Precision @ 1: 0.7101  AUC @ 1: 0.7548
Step 4100: loss = 0.4107 (0.306 sec)
Training Data Eval:
  Num examples: 8960  Num correct: 8714  Precision @ 1: 0.9725  AUC @ 1: 0.9974
Validation Data Eval:
  Num examples: 960  Num correct: 778  Precision @ 1: 0.8104  AUC @ 1: 0.8662
Test Data Eval:
  Num examples: 1856  Num correct: 1308  Precision @ 1: 0.7047  AUC @ 1: 0.7619
Step 4200: loss = 0.3452 (0.365 sec)
Training Data Eval:
  Num examples: 8960  Num correct: 8629  Precision @ 1: 0.9631  AUC @ 1: 0.9968
Validation Data Eval:
  Num examples: 960  Num correct: 768  Precision @ 1: 0.8000  AUC @ 1: 0.8624
Test Data Eval:
  Num examples: 1856  Num correct: 1279  Precision @ 1: 0.6891  AUC @ 1: 0.7622
Step 4300: loss = 0.3743 (0.296 sec)
Training Data Eval:
  Num examples: 8960  Num correct: 8652  Precision @ 1: 0.9656  AUC @ 1: 0.9965
Validation Data Eval:
  Num examples: 960  Num correct: 752  Precision @ 1: 0.7833  AUC @ 1: 0.8715
Test Data Eval:
  Num examples: 1856  Num correct: 1264  Precision @ 1: 0.6810  AUC @ 1: 0.7597
Step 4400: loss = 0.4236 (0.316 sec)
Training Data Eval:
  Num examples: 8960  Num correct: 8734  Precision @ 1: 0.9748  AUC @ 1: 0.9981
Validation Data Eval:
  Num examples: 960  Num correct: 780  Precision @ 1: 0.8125  AUC @ 1: 0.8732
Test Data Eval:
  Num examples: 1856  Num correct: 1259  Precision @ 1: 0.6783  AUC @ 1: 0.7495
Step 4500: loss = 0.3916 (0.310 sec)
Training Data Eval:
  Num examples: 8960  Num correct: 8587  Precision @ 1: 0.9584  AUC @ 1: 0.9960
Validation Data Eval:
  Num examples: 960  Num correct: 762  Precision @ 1: 0.7937  AUC @ 1: 0.8637
Test Data Eval:
  Num examples: 1856  Num correct: 1291  Precision @ 1: 0.6956  AUC @ 1: 0.7569
Step 4600: loss = 0.4327 (0.323 sec)
Training Data Eval:
  Num examples: 8960  Num correct: 8672  Precision @ 1: 0.9679  AUC @ 1: 0.9976
Validation Data Eval:
  Num examples: 960  Num correct: 765  Precision @ 1: 0.7969  AUC @ 1: 0.8617
Test Data Eval:
  Num examples: 1856  Num correct: 1264  Precision @ 1: 0.6810  AUC @ 1: 0.7592
Step 4700: loss = 0.3897 (0.317 sec)
Training Data Eval:
  Num examples: 8960  Num correct: 8744  Precision @ 1: 0.9759  AUC @ 1: 0.9983
Validation Data Eval:
  Num examples: 960  Num correct: 769  Precision @ 1: 0.8010  AUC @ 1: 0.8596
Test Data Eval:
  Num examples: 1856  Num correct: 1297  Precision @ 1: 0.6988  AUC @ 1: 0.7542
Step 4800: loss = 0.3353 (0.297 sec)
Training Data Eval:
  Num examples: 8960  Num correct: 8680  Precision @ 1: 0.9688  AUC @ 1: 0.9978
Validation Data Eval:
  Num examples: 960  Num correct: 758  Precision @ 1: 0.7896  AUC @ 1: 0.8594
Test Data Eval:
  Num examples: 1856  Num correct: 1321  Precision @ 1: 0.7117  AUC @ 1: 0.7704
Step 4900: loss = 0.4624 (0.373 sec)
Training Data Eval:
  Num examples: 8960  Num correct: 8737  Precision @ 1: 0.9751  AUC @ 1: 0.9988
Validation Data Eval:
  Num examples: 960  Num correct: 766  Precision @ 1: 0.7979  AUC @ 1: 0.8640
Test Data Eval:
  Num examples: 1856  Num correct: 1309  Precision @ 1: 0.7053  AUC @ 1: 0.7549
Step 5000: loss = 0.2800 (0.328 sec)
Training Data Eval:
  Num examples: 8960  Num correct: 8706  Precision @ 1: 0.9717  AUC @ 1: 0.9970
Validation Data Eval:
  Num examples: 960  Num correct: 772  Precision @ 1: 0.8042  AUC @ 1: 0.8660
Test Data Eval:
  Num examples: 1856  Num correct: 1279  Precision @ 1: 0.6891  AUC @ 1: 0.7521
Step 5100: loss = 0.2946 (0.312 sec)
Training Data Eval:
  Num examples: 8960  Num correct: 8717  Precision @ 1: 0.9729  AUC @ 1: 0.9981
Validation Data Eval:
  Num examples: 960  Num correct: 758  Precision @ 1: 0.7896  AUC @ 1: 0.8619
Test Data Eval:
  Num examples: 1856  Num correct: 1300  Precision @ 1: 0.7004  AUC @ 1: 0.7523
Step 5200: loss = 0.3223 (0.308 sec)
Training Data Eval:
  Num examples: 8960  Num correct: 8719  Precision @ 1: 0.9731  AUC @ 1: 0.9981
Validation Data Eval:
  Num examples: 960  Num correct: 773  Precision @ 1: 0.8052  AUC @ 1: 0.8651
Test Data Eval:
  Num examples: 1856  Num correct: 1338  Precision @ 1: 0.7209  AUC @ 1: 0.7647
Step 5300: loss = 0.4199 (0.314 sec)
Training Data Eval:
  Num examples: 8960  Num correct: 8781  Precision @ 1: 0.9800  AUC @ 1: 0.9985
Validation Data Eval:
  Num examples: 960  Num correct: 777  Precision @ 1: 0.8094  AUC @ 1: 0.8660
Test Data Eval:
  Num examples: 1856  Num correct: 1277  Precision @ 1: 0.6880  AUC @ 1: 0.7491
Step 5400: loss = 0.3465 (0.333 sec)
Training Data Eval:
  Num examples: 8960  Num correct: 8677  Precision @ 1: 0.9684  AUC @ 1: 0.9972
Validation Data Eval:
  Num examples: 960  Num correct: 760  Precision @ 1: 0.7917  AUC @ 1: 0.8594
Test Data Eval:
  Num examples: 1856  Num correct: 1253  Precision @ 1: 0.6751  AUC @ 1: 0.7585
Step 5500: loss = 0.3862 (0.324 sec)
Training Data Eval:
  Num examples: 8960  Num correct: 8708  Precision @ 1: 0.9719  AUC @ 1: 0.9980
Validation Data Eval:
  Num examples: 960  Num correct: 761  Precision @ 1: 0.7927  AUC @ 1: 0.8628
Test Data Eval:
  Num examples: 1856  Num correct: 1315  Precision @ 1: 0.7085  AUC @ 1: 0.7602
Step 5600: loss = 0.4176 (0.401 sec)
Training Data Eval:
  Num examples: 8960  Num correct: 8670  Precision @ 1: 0.9676  AUC @ 1: 0.9970
Validation Data Eval:
  Num examples: 960  Num correct: 741  Precision @ 1: 0.7719  AUC @ 1: 0.8524
Test Data Eval:
  Num examples: 1856  Num correct: 1331  Precision @ 1: 0.7171  AUC @ 1: 0.7674
Step 5700: loss = 0.3579 (0.309 sec)
Training Data Eval:
  Num examples: 8960  Num correct: 8670  Precision @ 1: 0.9676  AUC @ 1: 0.9967
Validation Data Eval:
  Num examples: 960  Num correct: 759  Precision @ 1: 0.7906  AUC @ 1: 0.8587
Test Data Eval:
  Num examples: 1856  Num correct: 1323  Precision @ 1: 0.7128  AUC @ 1: 0.7665
Step 5800: loss = 0.4505 (0.316 sec)
Training Data Eval:
  Num examples: 8960  Num correct: 8780  Precision @ 1: 0.9799  AUC @ 1: 0.9987
Validation Data Eval:
  Num examples: 960  Num correct: 753  Precision @ 1: 0.7844  AUC @ 1: 0.8611
Test Data Eval:
  Num examples: 1856  Num correct: 1309  Precision @ 1: 0.7053  AUC @ 1: 0.7608
Step 5900: loss = 0.3459 (0.323 sec)
Training Data Eval:
  Num examples: 8960  Num correct: 8674  Precision @ 1: 0.9681  AUC @ 1: 0.9977
Validation Data Eval:
  Num examples: 960  Num correct: 753  Precision @ 1: 0.7844  AUC @ 1: 0.8536
Test Data Eval:
  Num examples: 1856  Num correct: 1283  Precision @ 1: 0.6913  AUC @ 1: 0.7519
Step 6000: loss = 0.3594 (0.327 sec)
Training Data Eval:
  Num examples: 8960  Num correct: 8746  Precision @ 1: 0.9761  AUC @ 1: 0.9981
Validation Data Eval:
  Num examples: 960  Num correct: 765  Precision @ 1: 0.7969  AUC @ 1: 0.8586
Test Data Eval:
  Num examples: 1856  Num correct: 1276  Precision @ 1: 0.6875  AUC @ 1: 0.7515
Step 6100: loss = 0.3583 (0.325 sec)
Training Data Eval:
  Num examples: 8960  Num correct: 8611  Precision @ 1: 0.9610  AUC @ 1: 0.9973
Validation Data Eval:
  Num examples: 960  Num correct: 751  Precision @ 1: 0.7823  AUC @ 1: 0.8614
Test Data Eval:
  Num examples: 1856  Num correct: 1290  Precision @ 1: 0.6950  AUC @ 1: 0.7561
Step 6200: loss = 0.3783 (0.319 sec)
Training Data Eval:
  Num examples: 8960  Num correct: 8726  Precision @ 1: 0.9739  AUC @ 1: 0.9984
Validation Data Eval:
  Num examples: 960  Num correct: 750  Precision @ 1: 0.7812  AUC @ 1: 0.8577
Test Data Eval:
  Num examples: 1856  Num correct: 1283  Precision @ 1: 0.6913  AUC @ 1: 0.7576
Step 6300: loss = 0.4189 (0.389 sec)
Training Data Eval:
  Num examples: 8960  Num correct: 8697  Precision @ 1: 0.9706  AUC @ 1: 0.9979
Validation Data Eval:
  Num examples: 960  Num correct: 750  Precision @ 1: 0.7812  AUC @ 1: 0.8530
Test Data Eval:
  Num examples: 1856  Num correct: 1303  Precision @ 1: 0.7020  AUC @ 1: 0.7519
Step 6400: loss = 0.4653 (0.309 sec)
Training Data Eval:
  Num examples: 8960  Num correct: 8747  Precision @ 1: 0.9762  AUC @ 1: 0.9984
Validation Data Eval:
  Num examples: 960  Num correct: 757  Precision @ 1: 0.7885  AUC @ 1: 0.8590
Test Data Eval:
  Num examples: 1856  Num correct: 1214  Precision @ 1: 0.6541  AUC @ 1: 0.7484
Step 6500: loss = 0.4041 (0.335 sec)
Training Data Eval:
  Num examples: 8960  Num correct: 8740  Precision @ 1: 0.9754  AUC @ 1: 0.9979
Validation Data Eval:
  Num examples: 960  Num correct: 752  Precision @ 1: 0.7833  AUC @ 1: 0.8509
Test Data Eval:
  Num examples: 1856  Num correct: 1247  Precision @ 1: 0.6719  AUC @ 1: 0.7522
Step 6600: loss = 0.4485 (0.311 sec)
Training Data Eval:
  Num examples: 8960  Num correct: 8758  Precision @ 1: 0.9775  AUC @ 1: 0.9981
Validation Data Eval:
  Num examples: 960  Num correct: 755  Precision @ 1: 0.7865  AUC @ 1: 0.8628
Test Data Eval:
  Num examples: 1856  Num correct: 1309  Precision @ 1: 0.7053  AUC @ 1: 0.7681
Step 6700: loss = 0.3770 (0.333 sec)
Training Data Eval:
  Num examples: 8960  Num correct: 8747  Precision @ 1: 0.9762  AUC @ 1: 0.9976
Validation Data Eval:
  Num examples: 960  Num correct: 760  Precision @ 1: 0.7917  AUC @ 1: 0.8659
Test Data Eval:
  Num examples: 1856  Num correct: 1302  Precision @ 1: 0.7015  AUC @ 1: 0.7578
Step 6800: loss = 0.3958 (0.308 sec)
Training Data Eval:
  Num examples: 8960  Num correct: 8796  Precision @ 1: 0.9817  AUC @ 1: 0.9990
Validation Data Eval:
  Num examples: 960  Num correct: 752  Precision @ 1: 0.7833  AUC @ 1: 0.8528
Test Data Eval:
  Num examples: 1856  Num correct: 1246  Precision @ 1: 0.6713  AUC @ 1: 0.7614
Step 6900: loss = 0.3549 (0.326 sec)
Training Data Eval:
  Num examples: 8960  Num correct: 8800  Precision @ 1: 0.9821  AUC @ 1: 0.9984
Validation Data Eval:
  Num examples: 960  Num correct: 754  Precision @ 1: 0.7854  AUC @ 1: 0.8652
Test Data Eval:
  Num examples: 1856  Num correct: 1284  Precision @ 1: 0.6918  AUC @ 1: 0.7605
Step 7000: loss = 0.3824 (0.387 sec)
Training Data Eval:
  Num examples: 8960  Num correct: 8737  Precision @ 1: 0.9751  AUC @ 1: 0.9982
Validation Data Eval:
  Num examples: 960  Num correct: 753  Precision @ 1: 0.7844  AUC @ 1: 0.8593
Test Data Eval:
  Num examples: 1856  Num correct: 1324  Precision @ 1: 0.7134  AUC @ 1: 0.7611
Step 7100: loss = 0.4008 (0.298 sec)
Training Data Eval:
  Num examples: 8960  Num correct: 8746  Precision @ 1: 0.9761  AUC @ 1: 0.9983
Validation Data Eval:
  Num examples: 960  Num correct: 771  Precision @ 1: 0.8031  AUC @ 1: 0.8671
Test Data Eval:
  Num examples: 1856  Num correct: 1234  Precision @ 1: 0.6649  AUC @ 1: 0.7456
Step 7200: loss = 0.3885 (0.297 sec)
Training Data Eval:
  Num examples: 8960  Num correct: 8719  Precision @ 1: 0.9731  AUC @ 1: 0.9977
Validation Data Eval:
  Num examples: 960  Num correct: 749  Precision @ 1: 0.7802  AUC @ 1: 0.8508
Test Data Eval:
  Num examples: 1856  Num correct: 1307  Precision @ 1: 0.7042  AUC @ 1: 0.7638
Step 7300: loss = 0.3048 (0.312 sec)
Training Data Eval:
  Num examples: 8960  Num correct: 8762  Precision @ 1: 0.9779  AUC @ 1: 0.9987
Validation Data Eval:
  Num examples: 960  Num correct: 775  Precision @ 1: 0.8073  AUC @ 1: 0.8646
Test Data Eval:
  Num examples: 1856  Num correct: 1335  Precision @ 1: 0.7193  AUC @ 1: 0.7659
Step 7400: loss = 0.3531 (0.309 sec)
Training Data Eval:
  Num examples: 8960  Num correct: 8701  Precision @ 1: 0.9711  AUC @ 1: 0.9976
Validation Data Eval:
  Num examples: 960  Num correct: 763  Precision @ 1: 0.7948  AUC @ 1: 0.8613
Test Data Eval:
  Num examples: 1856  Num correct: 1300  Precision @ 1: 0.7004  AUC @ 1: 0.7673
Step 7500: loss = 0.3724 (0.329 sec)
Training Data Eval:
  Num examples: 8960  Num correct: 8738  Precision @ 1: 0.9752  AUC @ 1: 0.9981
Validation Data Eval:
  Num examples: 960  Num correct: 757  Precision @ 1: 0.7885  AUC @ 1: 0.8536
Test Data Eval:
  Num examples: 1856  Num correct: 1292  Precision @ 1: 0.6961  AUC @ 1: 0.7581
Step 7600: loss = 0.3584 (0.316 sec)
Training Data Eval:
  Num examples: 8960  Num correct: 8805  Precision @ 1: 0.9827  AUC @ 1: 0.9989
Validation Data Eval:
  Num examples: 960  Num correct: 766  Precision @ 1: 0.7979  AUC @ 1: 0.8554
Test Data Eval:
  Num examples: 1856  Num correct: 1245  Precision @ 1: 0.6708  AUC @ 1: 0.7391
Step 7700: loss = 0.3812 (0.404 sec)
Training Data Eval:
  Num examples: 8960  Num correct: 8668  Precision @ 1: 0.9674  AUC @ 1: 0.9974
Validation Data Eval:
  Num examples: 960  Num correct: 743  Precision @ 1: 0.7740  AUC @ 1: 0.8584
Test Data Eval:
  Num examples: 1856  Num correct: 1282  Precision @ 1: 0.6907  AUC @ 1: 0.7580
Step 7800: loss = 0.3686 (0.290 sec)
Training Data Eval:
  Num examples: 8960  Num correct: 8793  Precision @ 1: 0.9814  AUC @ 1: 0.9991
Validation Data Eval:
  Num examples: 960  Num correct: 761  Precision @ 1: 0.7927  AUC @ 1: 0.8617
Test Data Eval:
  Num examples: 1856  Num correct: 1300  Precision @ 1: 0.7004  AUC @ 1: 0.7667
Step 7900: loss = 0.2973 (0.306 sec)
Training Data Eval:
  Num examples: 8960  Num correct: 8802  Precision @ 1: 0.9824  AUC @ 1: 0.9988
Validation Data Eval:
  Num examples: 960  Num correct: 761  Precision @ 1: 0.7927  AUC @ 1: 0.8577
Test Data Eval:
  Num examples: 1856  Num correct: 1315  Precision @ 1: 0.7085  AUC @ 1: 0.7599
Step 8000: loss = 0.2922 (0.331 sec)
Training Data Eval:
  Num examples: 8960  Num correct: 8603  Precision @ 1: 0.9602  AUC @ 1: 0.9974
Validation Data Eval:
  Num examples: 960  Num correct: 723  Precision @ 1: 0.7531  AUC @ 1: 0.8566
Test Data Eval:
  Num examples: 1856  Num correct: 1151  Precision @ 1: 0.6202  AUC @ 1: 0.7460
Step 8100: loss = 0.6339 (0.328 sec)
Training Data Eval:
  Num examples: 8960  Num correct: 8498  Precision @ 1: 0.9484  AUC @ 1: 0.9945
Validation Data Eval:
  Num examples: 960  Num correct: 731  Precision @ 1: 0.7615  AUC @ 1: 0.8449
Test Data Eval:
  Num examples: 1856  Num correct: 1297  Precision @ 1: 0.6988  AUC @ 1: 0.7553
Step 8200: loss = 0.5227 (0.328 sec)
Training Data Eval:
  Num examples: 8960  Num correct: 8756  Precision @ 1: 0.9772  AUC @ 1: 0.9987
Validation Data Eval:
  Num examples: 960  Num correct: 753  Precision @ 1: 0.7844  AUC @ 1: 0.8552
Test Data Eval:
  Num examples: 1856  Num correct: 1270  Precision @ 1: 0.6843  AUC @ 1: 0.7594
Step 8300: loss = 0.3266 (0.311 sec)
Training Data Eval:
  Num examples: 8960  Num correct: 8757  Precision @ 1: 0.9773  AUC @ 1: 0.9986
Validation Data Eval:
  Num examples: 960  Num correct: 741  Precision @ 1: 0.7719  AUC @ 1: 0.8493
Test Data Eval:
  Num examples: 1856  Num correct: 1273  Precision @ 1: 0.6859  AUC @ 1: 0.7390
Step 8400: loss = 0.4879 (0.379 sec)
Training Data Eval:
  Num examples: 8960  Num correct: 8783  Precision @ 1: 0.9802  AUC @ 1: 0.9990
Validation Data Eval:
  Num examples: 960  Num correct: 752  Precision @ 1: 0.7833  AUC @ 1: 0.8518
Test Data Eval:
  Num examples: 1856  Num correct: 1275  Precision @ 1: 0.6870  AUC @ 1: 0.7434
Step 8500: loss = 0.2886 (0.301 sec)
Training Data Eval:
  Num examples: 8960  Num correct: 8770  Precision @ 1: 0.9788  AUC @ 1: 0.9984
Validation Data Eval:
  Num examples: 960  Num correct: 743  Precision @ 1: 0.7740  AUC @ 1: 0.8518
Test Data Eval:
  Num examples: 1856  Num correct: 1222  Precision @ 1: 0.6584  AUC @ 1: 0.7497
Step 8600: loss = 0.2995 (0.314 sec)
Training Data Eval:
  Num examples: 8960  Num correct: 8771  Precision @ 1: 0.9789  AUC @ 1: 0.9982
Validation Data Eval:
  Num examples: 960  Num correct: 748  Precision @ 1: 0.7792  AUC @ 1: 0.8517
Test Data Eval:
  Num examples: 1856  Num correct: 1239  Precision @ 1: 0.6676  AUC @ 1: 0.7602
Step 8700: loss = 0.3805 (0.313 sec)
Training Data Eval:
  Num examples: 8960  Num correct: 8783  Precision @ 1: 0.9802  AUC @ 1: 0.9988
Validation Data Eval:
  Num examples: 960  Num correct: 720  Precision @ 1: 0.7500  AUC @ 1: 0.8415
Test Data Eval:
  Num examples: 1856  Num correct: 1234  Precision @ 1: 0.6649  AUC @ 1: 0.7461
Step 8800: loss = 0.3351 (0.306 sec)
Training Data Eval:
  Num examples: 8960  Num correct: 8847  Precision @ 1: 0.9874  AUC @ 1: 0.9993
Validation Data Eval:
  Num examples: 960  Num correct: 744  Precision @ 1: 0.7750  AUC @ 1: 0.8434
Test Data Eval:
  Num examples: 1856  Num correct: 1306  Precision @ 1: 0.7037  AUC @ 1: 0.7526
Step 8900: loss = 0.4922 (0.303 sec)
Training Data Eval:
  Num examples: 8960  Num correct: 8785  Precision @ 1: 0.9805  AUC @ 1: 0.9989
Validation Data Eval:
  Num examples: 960  Num correct: 746  Precision @ 1: 0.7771  AUC @ 1: 0.8584
Test Data Eval:
  Num examples: 1856  Num correct: 1275  Precision @ 1: 0.6870  AUC @ 1: 0.7660
Step 9000: loss = 0.2892 (0.295 sec)
Training Data Eval:
  Num examples: 8960  Num correct: 8816  Precision @ 1: 0.9839  AUC @ 1: 0.9995
Validation Data Eval:
  Num examples: 960  Num correct: 764  Precision @ 1: 0.7958  AUC @ 1: 0.8570
Test Data Eval:
  Num examples: 1856  Num correct: 1321  Precision @ 1: 0.7117  AUC @ 1: 0.7613
Step 9100: loss = 0.3404 (0.399 sec)
Training Data Eval:
  Num examples: 8960  Num correct: 8783  Precision @ 1: 0.9802  AUC @ 1: 0.9991
Validation Data Eval:
  Num examples: 960  Num correct: 754  Precision @ 1: 0.7854  AUC @ 1: 0.8466
Test Data Eval:
  Num examples: 1856  Num correct: 1301  Precision @ 1: 0.7010  AUC @ 1: 0.7574
Step 9200: loss = 0.3490 (0.310 sec)
Training Data Eval:
  Num examples: 8960  Num correct: 8830  Precision @ 1: 0.9855  AUC @ 1: 0.9992
Validation Data Eval:
  Num examples: 960  Num correct: 757  Precision @ 1: 0.7885  AUC @ 1: 0.8517
Test Data Eval:
  Num examples: 1856  Num correct: 1295  Precision @ 1: 0.6977  AUC @ 1: 0.7613
Step 9300: loss = 0.3715 (0.304 sec)
Training Data Eval:
  Num examples: 8960  Num correct: 8781  Precision @ 1: 0.9800  AUC @ 1: 0.9988
Validation Data Eval:
  Num examples: 960  Num correct: 757  Precision @ 1: 0.7885  AUC @ 1: 0.8497
Test Data Eval:
  Num examples: 1856  Num correct: 1270  Precision @ 1: 0.6843  AUC @ 1: 0.7530
Step 9400: loss = 0.2925 (0.312 sec)
Training Data Eval:
  Num examples: 8960  Num correct: 8777  Precision @ 1: 0.9796  AUC @ 1: 0.9979
Validation Data Eval:
  Num examples: 960  Num correct: 762  Precision @ 1: 0.7937  AUC @ 1: 0.8567
Test Data Eval:
  Num examples: 1856  Num correct: 1320  Precision @ 1: 0.7112  AUC @ 1: 0.7712
Step 9500: loss = 0.4160 (0.322 sec)
Training Data Eval:
  Num examples: 8960  Num correct: 8817  Precision @ 1: 0.9840  AUC @ 1: 0.9991
Validation Data Eval:
  Num examples: 960  Num correct: 756  Precision @ 1: 0.7875  AUC @ 1: 0.8503
Test Data Eval:
  Num examples: 1856  Num correct: 1282  Precision @ 1: 0.6907  AUC @ 1: 0.7538
Step 9600: loss = 0.2713 (0.321 sec)
Training Data Eval:
  Num examples: 8960  Num correct: 8790  Precision @ 1: 0.9810  AUC @ 1: 0.9990
Validation Data Eval:
  Num examples: 960  Num correct: 747  Precision @ 1: 0.7781  AUC @ 1: 0.8492
Test Data Eval:
  Num examples: 1856  Num correct: 1273  Precision @ 1: 0.6859  AUC @ 1: 0.7550
Step 9700: loss = 0.3600 (0.313 sec)
Training Data Eval:
  Num examples: 8960  Num correct: 8835  Precision @ 1: 0.9860  AUC @ 1: 0.9995
Validation Data Eval:
  Num examples: 960  Num correct: 755  Precision @ 1: 0.7865  AUC @ 1: 0.8570
Test Data Eval:
  Num examples: 1856  Num correct: 1315  Precision @ 1: 0.7085  AUC @ 1: 0.7715
Step 9800: loss = 0.2973 (0.398 sec)
Training Data Eval:
  Num examples: 8960  Num correct: 8794  Precision @ 1: 0.9815  AUC @ 1: 0.9990
Validation Data Eval:
  Num examples: 960  Num correct: 757  Precision @ 1: 0.7885  AUC @ 1: 0.8589
Test Data Eval:
  Num examples: 1856  Num correct: 1272  Precision @ 1: 0.6853  AUC @ 1: 0.7709
Step 9900: loss = 0.3396 (0.317 sec)
Training Data Eval:
  Num examples: 8960  Num correct: 8820  Precision @ 1: 0.9844  AUC @ 1: 0.9993
Validation Data Eval:
  Num examples: 960  Num correct: 757  Precision @ 1: 0.7885  AUC @ 1: 0.8493
Test Data Eval:
  Num examples: 1856  Num correct: 1318  Precision @ 1: 0.7101  AUC @ 1: 0.7654
