Training data shape: 	(10000, 64, 64, 1)
Training label shape:	(10000,)
Testing data shape:  	(1910, 64, 64, 1)
Testing label shape: 	(1910,)
max input value is: 153.458
min input value is: -104.189
random permuted training data
==============================================================================
Model: 			inference_roicnn
Tensor Name: 	Placeholder:0
[64, 64, 64, 1]
==============================================================================
Tensor Name: concat_64:0
[64, 320, 64, 1]
==============================================================================
Tensor Name: concat_129:0
[64, 320, 320, 1]
==============================================================================
Tensor Name: conv0/conv0:0
[64, 64, 64, 32]
==============================================================================
Tensor Name: concat_162:0
[64, 64, 64, 32]
==============================================================================
Tensor Name: MaxPool:0
[64, 32, 32, 32]
==============================================================================
Tensor Name: local1/local1:0
[64, 128]
==============================================================================
Tensor Name: local2/local2:0
[64, 128]
==============================================================================
Tensor Name: softmax_linear/softmax_linear:0
[64, 2]
Step 0: loss = 11.1192 (0.613 sec)
Training Data Eval:
  Num examples: 8960  Num correct: 6018  Precision @ 1: 0.6717  AUC @ 1: 0.7847
Validation Data Eval:
  Num examples: 960  Num correct: 636  Precision @ 1: 0.6625  AUC @ 1: 0.7712
Test Data Eval:
  Num examples: 1856  Num correct: 1159  Precision @ 1: 0.6245  AUC @ 1: 0.7137
Step 100: loss = 10.2678 (0.583 sec)
Training Data Eval:
  Num examples: 8960  Num correct: 6867  Precision @ 1: 0.7664  AUC @ 1: 0.8274
Validation Data Eval:
  Num examples: 960  Num correct: 724  Precision @ 1: 0.7542  AUC @ 1: 0.8052
Test Data Eval:
  Num examples: 1856  Num correct: 1292  Precision @ 1: 0.6961  AUC @ 1: 0.7406
Step 200: loss = 9.4260 (0.556 sec)
Training Data Eval:
  Num examples: 8960  Num correct: 7061  Precision @ 1: 0.7881  AUC @ 1: 0.8572
Validation Data Eval:
  Num examples: 960  Num correct: 734  Precision @ 1: 0.7646  AUC @ 1: 0.8210
Test Data Eval:
  Num examples: 1856  Num correct: 1311  Precision @ 1: 0.7064  AUC @ 1: 0.7619
Step 300: loss = 8.7185 (0.560 sec)
Training Data Eval:
  Num examples: 8960  Num correct: 7197  Precision @ 1: 0.8032  AUC @ 1: 0.8780
Validation Data Eval:
  Num examples: 960  Num correct: 742  Precision @ 1: 0.7729  AUC @ 1: 0.8355
Test Data Eval:
  Num examples: 1856  Num correct: 1292  Precision @ 1: 0.6961  AUC @ 1: 0.7522
Step 400: loss = 8.1459 (0.576 sec)
Training Data Eval:
  Num examples: 8960  Num correct: 7280  Precision @ 1: 0.8125  AUC @ 1: 0.8816
Validation Data Eval:
  Num examples: 960  Num correct: 765  Precision @ 1: 0.7969  AUC @ 1: 0.8438
Test Data Eval:
  Num examples: 1856  Num correct: 1320  Precision @ 1: 0.7112  AUC @ 1: 0.7527
Step 500: loss = 7.4411 (0.546 sec)
Training Data Eval:
  Num examples: 8960  Num correct: 7360  Precision @ 1: 0.8214  AUC @ 1: 0.8941
Validation Data Eval:
  Num examples: 960  Num correct: 741  Precision @ 1: 0.7719  AUC @ 1: 0.8444
Test Data Eval:
  Num examples: 1856  Num correct: 1313  Precision @ 1: 0.7074  AUC @ 1: 0.7562
Step 600: loss = 6.8732 (0.587 sec)
Training Data Eval:
  Num examples: 8960  Num correct: 7504  Precision @ 1: 0.8375  AUC @ 1: 0.9110
Validation Data Eval:
  Num examples: 960  Num correct: 753  Precision @ 1: 0.7844  AUC @ 1: 0.8494
Test Data Eval:
  Num examples: 1856  Num correct: 1323  Precision @ 1: 0.7128  AUC @ 1: 0.7586
Step 700: loss = 6.3368 (0.649 sec)
Training Data Eval:
  Num examples: 8960  Num correct: 7418  Precision @ 1: 0.8279  AUC @ 1: 0.9071
Validation Data Eval:
  Num examples: 960  Num correct: 751  Precision @ 1: 0.7823  AUC @ 1: 0.8513
Test Data Eval:
  Num examples: 1856  Num correct: 1321  Precision @ 1: 0.7117  AUC @ 1: 0.7685
Step 800: loss = 5.8468 (0.557 sec)
Training Data Eval:
  Num examples: 8960  Num correct: 7361  Precision @ 1: 0.8215  AUC @ 1: 0.9094
Validation Data Eval:
  Num examples: 960  Num correct: 751  Precision @ 1: 0.7823  AUC @ 1: 0.8578
Test Data Eval:
  Num examples: 1856  Num correct: 1318  Precision @ 1: 0.7101  AUC @ 1: 0.7714
Step 900: loss = 5.5681 (0.571 sec)
Training Data Eval:
  Num examples: 8960  Num correct: 7342  Precision @ 1: 0.8194  AUC @ 1: 0.9241
Validation Data Eval:
  Num examples: 960  Num correct: 750  Precision @ 1: 0.7812  AUC @ 1: 0.8630
Test Data Eval:
  Num examples: 1856  Num correct: 1317  Precision @ 1: 0.7096  AUC @ 1: 0.7609
Step 1000: loss = 5.0925 (0.549 sec)
Training Data Eval:
  Num examples: 8960  Num correct: 7559  Precision @ 1: 0.8436  AUC @ 1: 0.9346
Validation Data Eval:
  Num examples: 960  Num correct: 763  Precision @ 1: 0.7948  AUC @ 1: 0.8651
Test Data Eval:
  Num examples: 1856  Num correct: 1335  Precision @ 1: 0.7193  AUC @ 1: 0.7552
Step 1100: loss = 4.8325 (0.590 sec)
Training Data Eval:
  Num examples: 8960  Num correct: 7784  Precision @ 1: 0.8688  AUC @ 1: 0.9393
Validation Data Eval:
  Num examples: 960  Num correct: 760  Precision @ 1: 0.7917  AUC @ 1: 0.8643
Test Data Eval:
  Num examples: 1856  Num correct: 1322  Precision @ 1: 0.7123  AUC @ 1: 0.7788
Step 1200: loss = 4.4447 (0.575 sec)
Training Data Eval:
  Num examples: 8960  Num correct: 7731  Precision @ 1: 0.8628  AUC @ 1: 0.9366
Validation Data Eval:
  Num examples: 960  Num correct: 765  Precision @ 1: 0.7969  AUC @ 1: 0.8628
Test Data Eval:
  Num examples: 1856  Num correct: 1335  Precision @ 1: 0.7193  AUC @ 1: 0.7801
Step 1300: loss = 4.0657 (0.550 sec)
Training Data Eval:
  Num examples: 8960  Num correct: 7840  Precision @ 1: 0.8750  AUC @ 1: 0.9424
Validation Data Eval:
  Num examples: 960  Num correct: 755  Precision @ 1: 0.7865  AUC @ 1: 0.8631
Test Data Eval:
  Num examples: 1856  Num correct: 1265  Precision @ 1: 0.6816  AUC @ 1: 0.7685
Step 1400: loss = 3.7979 (0.640 sec)
Training Data Eval:
  Num examples: 8960  Num correct: 7702  Precision @ 1: 0.8596  AUC @ 1: 0.9521
Validation Data Eval:
  Num examples: 960  Num correct: 745  Precision @ 1: 0.7760  AUC @ 1: 0.8639
Test Data Eval:
  Num examples: 1856  Num correct: 1323  Precision @ 1: 0.7128  AUC @ 1: 0.7628
Step 1500: loss = 3.4583 (0.567 sec)
Training Data Eval:
  Num examples: 8960  Num correct: 7830  Precision @ 1: 0.8739  AUC @ 1: 0.9490
Validation Data Eval:
  Num examples: 960  Num correct: 746  Precision @ 1: 0.7771  AUC @ 1: 0.8649
Test Data Eval:
  Num examples: 1856  Num correct: 1317  Precision @ 1: 0.7096  AUC @ 1: 0.7686
Step 1600: loss = 3.2209 (0.552 sec)
Training Data Eval:
  Num examples: 8960  Num correct: 8036  Precision @ 1: 0.8969  AUC @ 1: 0.9638
Validation Data Eval:
  Num examples: 960  Num correct: 774  Precision @ 1: 0.8063  AUC @ 1: 0.8793
Test Data Eval:
  Num examples: 1856  Num correct: 1336  Precision @ 1: 0.7198  AUC @ 1: 0.7863
Step 1700: loss = 2.9941 (0.554 sec)
Training Data Eval:
  Num examples: 8960  Num correct: 8191  Precision @ 1: 0.9142  AUC @ 1: 0.9735
Validation Data Eval:
  Num examples: 960  Num correct: 773  Precision @ 1: 0.8052  AUC @ 1: 0.8791
Test Data Eval:
  Num examples: 1856  Num correct: 1333  Precision @ 1: 0.7182  AUC @ 1: 0.7815
Step 1800: loss = 2.8089 (0.561 sec)
Training Data Eval:
  Num examples: 8960  Num correct: 7881  Precision @ 1: 0.8796  AUC @ 1: 0.9578
Validation Data Eval:
  Num examples: 960  Num correct: 768  Precision @ 1: 0.8000  AUC @ 1: 0.8674
Test Data Eval:
  Num examples: 1856  Num correct: 1325  Precision @ 1: 0.7139  AUC @ 1: 0.7487
Step 1900: loss = 2.6570 (0.564 sec)
Training Data Eval:
  Num examples: 8960  Num correct: 8112  Precision @ 1: 0.9054  AUC @ 1: 0.9713
Validation Data Eval:
  Num examples: 960  Num correct: 771  Precision @ 1: 0.8031  AUC @ 1: 0.8744
Test Data Eval:
  Num examples: 1856  Num correct: 1341  Precision @ 1: 0.7225  AUC @ 1: 0.7763
Step 2000: loss = 2.3390 (0.565 sec)
Training Data Eval:
  Num examples: 8960  Num correct: 8066  Precision @ 1: 0.9002  AUC @ 1: 0.9714
Validation Data Eval:
  Num examples: 960  Num correct: 740  Precision @ 1: 0.7708  AUC @ 1: 0.8694
Test Data Eval:
  Num examples: 1856  Num correct: 1218  Precision @ 1: 0.6562  AUC @ 1: 0.7655
Step 2100: loss = 2.4046 (0.626 sec)
Training Data Eval:
  Num examples: 8960  Num correct: 8280  Precision @ 1: 0.9241  AUC @ 1: 0.9800
Validation Data Eval:
  Num examples: 960  Num correct: 762  Precision @ 1: 0.7937  AUC @ 1: 0.8775
Test Data Eval:
  Num examples: 1856  Num correct: 1241  Precision @ 1: 0.6686  AUC @ 1: 0.7665
Step 2200: loss = 2.1663 (0.565 sec)
Training Data Eval:
  Num examples: 8960  Num correct: 7345  Precision @ 1: 0.8198  AUC @ 1: 0.9357
Validation Data Eval:
  Num examples: 960  Num correct: 687  Precision @ 1: 0.7156  AUC @ 1: 0.8375
Test Data Eval:
  Num examples: 1856  Num correct: 1141  Precision @ 1: 0.6148  AUC @ 1: 0.7239
Step 2300: loss = 2.2610 (0.570 sec)
Training Data Eval:
  Num examples: 8960  Num correct: 8122  Precision @ 1: 0.9065  AUC @ 1: 0.9782
Validation Data Eval:
  Num examples: 960  Num correct: 776  Precision @ 1: 0.8083  AUC @ 1: 0.8773
Test Data Eval:
  Num examples: 1856  Num correct: 1313  Precision @ 1: 0.7074  AUC @ 1: 0.7673
Step 2400: loss = 2.1158 (0.563 sec)
Training Data Eval:
  Num examples: 8960  Num correct: 7930  Precision @ 1: 0.8850  AUC @ 1: 0.9714
Validation Data Eval:
  Num examples: 960  Num correct: 729  Precision @ 1: 0.7594  AUC @ 1: 0.8679
Test Data Eval:
  Num examples: 1856  Num correct: 1185  Precision @ 1: 0.6385  AUC @ 1: 0.7618
Step 2500: loss = 1.7539 (0.545 sec)
Training Data Eval:
  Num examples: 8960  Num correct: 7566  Precision @ 1: 0.8444  AUC @ 1: 0.9706
Validation Data Eval:
  Num examples: 960  Num correct: 678  Precision @ 1: 0.7063  AUC @ 1: 0.8609
Test Data Eval:
  Num examples: 1856  Num correct: 1070  Precision @ 1: 0.5765  AUC @ 1: 0.7501
Step 2600: loss = 1.8386 (0.563 sec)
Training Data Eval:
  Num examples: 8960  Num correct: 8400  Precision @ 1: 0.9375  AUC @ 1: 0.9868
Validation Data Eval:
  Num examples: 960  Num correct: 778  Precision @ 1: 0.8104  AUC @ 1: 0.8761
Test Data Eval:
  Num examples: 1856  Num correct: 1311  Precision @ 1: 0.7064  AUC @ 1: 0.7675
Step 2700: loss = 1.4878 (0.558 sec)
Training Data Eval:
  Num examples: 8960  Num correct: 8364  Precision @ 1: 0.9335  AUC @ 1: 0.9881
Validation Data Eval:
  Num examples: 960  Num correct: 779  Precision @ 1: 0.8115  AUC @ 1: 0.8796
Test Data Eval:
  Num examples: 1856  Num correct: 1292  Precision @ 1: 0.6961  AUC @ 1: 0.7649
Step 2800: loss = 1.5443 (0.628 sec)
Training Data Eval:
  Num examples: 8960  Num correct: 8377  Precision @ 1: 0.9349  AUC @ 1: 0.9891
Validation Data Eval:
  Num examples: 960  Num correct: 768  Precision @ 1: 0.8000  AUC @ 1: 0.8748
Test Data Eval:
  Num examples: 1856  Num correct: 1354  Precision @ 1: 0.7295  AUC @ 1: 0.7813
Step 2900: loss = 1.4049 (0.574 sec)
Training Data Eval:
  Num examples: 8960  Num correct: 8614  Precision @ 1: 0.9614  AUC @ 1: 0.9933
Validation Data Eval:
  Num examples: 960  Num correct: 767  Precision @ 1: 0.7990  AUC @ 1: 0.8741
Test Data Eval:
  Num examples: 1856  Num correct: 1312  Precision @ 1: 0.7069  AUC @ 1: 0.7814
Step 3000: loss = 1.2678 (0.535 sec)
Training Data Eval:
  Num examples: 8960  Num correct: 8551  Precision @ 1: 0.9544  AUC @ 1: 0.9905
Validation Data Eval:
  Num examples: 960  Num correct: 772  Precision @ 1: 0.8042  AUC @ 1: 0.8715
Test Data Eval:
  Num examples: 1856  Num correct: 1317  Precision @ 1: 0.7096  AUC @ 1: 0.7778
Step 3100: loss = 1.2783 (0.554 sec)
Training Data Eval:
  Num examples: 8960  Num correct: 8448  Precision @ 1: 0.9429  AUC @ 1: 0.9936
Validation Data Eval:
  Num examples: 960  Num correct: 779  Precision @ 1: 0.8115  AUC @ 1: 0.8772
Test Data Eval:
  Num examples: 1856  Num correct: 1326  Precision @ 1: 0.7144  AUC @ 1: 0.7713
Step 3200: loss = 1.2276 (0.543 sec)
Training Data Eval:
  Num examples: 8960  Num correct: 8538  Precision @ 1: 0.9529  AUC @ 1: 0.9953
Validation Data Eval:
  Num examples: 960  Num correct: 769  Precision @ 1: 0.8010  AUC @ 1: 0.8812
Test Data Eval:
  Num examples: 1856  Num correct: 1344  Precision @ 1: 0.7241  AUC @ 1: 0.7782
Step 3300: loss = 1.0386 (0.571 sec)
Training Data Eval:
  Num examples: 8960  Num correct: 8491  Precision @ 1: 0.9477  AUC @ 1: 0.9917
Validation Data Eval:
  Num examples: 960  Num correct: 777  Precision @ 1: 0.8094  AUC @ 1: 0.8734
Test Data Eval:
  Num examples: 1856  Num correct: 1332  Precision @ 1: 0.7177  AUC @ 1: 0.7700
Step 3400: loss = 1.0332 (0.545 sec)
Training Data Eval:
  Num examples: 8960  Num correct: 8561  Precision @ 1: 0.9555  AUC @ 1: 0.9945
Validation Data Eval:
  Num examples: 960  Num correct: 765  Precision @ 1: 0.7969  AUC @ 1: 0.8780
Test Data Eval:
  Num examples: 1856  Num correct: 1342  Precision @ 1: 0.7231  AUC @ 1: 0.7711
Step 3500: loss = 1.0394 (0.635 sec)
Training Data Eval:
  Num examples: 8960  Num correct: 8526  Precision @ 1: 0.9516  AUC @ 1: 0.9937
Validation Data Eval:
  Num examples: 960  Num correct: 746  Precision @ 1: 0.7771  AUC @ 1: 0.8781
Test Data Eval:
  Num examples: 1856  Num correct: 1225  Precision @ 1: 0.6600  AUC @ 1: 0.7641
Step 3600: loss = 0.9460 (0.576 sec)
Training Data Eval:
  Num examples: 8960  Num correct: 7817  Precision @ 1: 0.8724  AUC @ 1: 0.9850
Validation Data Eval:
  Num examples: 960  Num correct: 738  Precision @ 1: 0.7688  AUC @ 1: 0.8724
Test Data Eval:
  Num examples: 1856  Num correct: 1303  Precision @ 1: 0.7020  AUC @ 1: 0.7688
Step 3700: loss = 1.0886 (0.552 sec)
Training Data Eval:
  Num examples: 8960  Num correct: 8646  Precision @ 1: 0.9650  AUC @ 1: 0.9960
Validation Data Eval:
  Num examples: 960  Num correct: 753  Precision @ 1: 0.7844  AUC @ 1: 0.8793
Test Data Eval:
  Num examples: 1856  Num correct: 1261  Precision @ 1: 0.6794  AUC @ 1: 0.7724
Step 3800: loss = 0.8267 (0.570 sec)
Training Data Eval:
  Num examples: 8960  Num correct: 8658  Precision @ 1: 0.9663  AUC @ 1: 0.9963
Validation Data Eval:
  Num examples: 960  Num correct: 772  Precision @ 1: 0.8042  AUC @ 1: 0.8755
Test Data Eval:
  Num examples: 1856  Num correct: 1302  Precision @ 1: 0.7015  AUC @ 1: 0.7706
Step 3900: loss = 0.8177 (0.572 sec)
Training Data Eval:
  Num examples: 8960  Num correct: 8701  Precision @ 1: 0.9711  AUC @ 1: 0.9976
Validation Data Eval:
  Num examples: 960  Num correct: 768  Precision @ 1: 0.8000  AUC @ 1: 0.8766
Test Data Eval:
  Num examples: 1856  Num correct: 1318  Precision @ 1: 0.7101  AUC @ 1: 0.7711
Step 4000: loss = 0.8206 (0.555 sec)
Training Data Eval:
  Num examples: 8960  Num correct: 8564  Precision @ 1: 0.9558  AUC @ 1: 0.9923
Validation Data Eval:
  Num examples: 960  Num correct: 758  Precision @ 1: 0.7896  AUC @ 1: 0.8772
Test Data Eval:
  Num examples: 1856  Num correct: 1272  Precision @ 1: 0.6853  AUC @ 1: 0.7591
Step 4100: loss = 0.9779 (0.577 sec)
Training Data Eval:
  Num examples: 8960  Num correct: 8629  Precision @ 1: 0.9631  AUC @ 1: 0.9962
Validation Data Eval:
  Num examples: 960  Num correct: 750  Precision @ 1: 0.7812  AUC @ 1: 0.8736
Test Data Eval:
  Num examples: 1856  Num correct: 1271  Precision @ 1: 0.6848  AUC @ 1: 0.7638
Step 4200: loss = 0.6717 (0.623 sec)
Training Data Eval:
  Num examples: 8960  Num correct: 8705  Precision @ 1: 0.9715  AUC @ 1: 0.9972
Validation Data Eval:
  Num examples: 960  Num correct: 775  Precision @ 1: 0.8073  AUC @ 1: 0.8841
Test Data Eval:
  Num examples: 1856  Num correct: 1280  Precision @ 1: 0.6897  AUC @ 1: 0.7675
Step 4300: loss = 0.7078 (0.573 sec)
Training Data Eval:
  Num examples: 8960  Num correct: 8671  Precision @ 1: 0.9677  AUC @ 1: 0.9967
Validation Data Eval:
  Num examples: 960  Num correct: 783  Precision @ 1: 0.8156  AUC @ 1: 0.8854
Test Data Eval:
  Num examples: 1856  Num correct: 1326  Precision @ 1: 0.7144  AUC @ 1: 0.7584
Step 4400: loss = 0.6214 (0.558 sec)
Training Data Eval:
  Num examples: 8960  Num correct: 8691  Precision @ 1: 0.9700  AUC @ 1: 0.9967
Validation Data Eval:
  Num examples: 960  Num correct: 791  Precision @ 1: 0.8240  AUC @ 1: 0.8869
Test Data Eval:
  Num examples: 1856  Num correct: 1333  Precision @ 1: 0.7182  AUC @ 1: 0.7701
Step 4500: loss = 0.6232 (0.543 sec)
Training Data Eval:
  Num examples: 8960  Num correct: 8606  Precision @ 1: 0.9605  AUC @ 1: 0.9954
Validation Data Eval:
  Num examples: 960  Num correct: 772  Precision @ 1: 0.8042  AUC @ 1: 0.8820
Test Data Eval:
  Num examples: 1856  Num correct: 1282  Precision @ 1: 0.6907  AUC @ 1: 0.7559
Step 4600: loss = 0.5791 (0.573 sec)
Training Data Eval:
  Num examples: 8960  Num correct: 8660  Precision @ 1: 0.9665  AUC @ 1: 0.9972
Validation Data Eval:
  Num examples: 960  Num correct: 790  Precision @ 1: 0.8229  AUC @ 1: 0.8854
Test Data Eval:
  Num examples: 1856  Num correct: 1361  Precision @ 1: 0.7333  AUC @ 1: 0.7750
Step 4700: loss = 0.6239 (0.560 sec)
Training Data Eval:
  Num examples: 8960  Num correct: 8727  Precision @ 1: 0.9740  AUC @ 1: 0.9979
Validation Data Eval:
  Num examples: 960  Num correct: 755  Precision @ 1: 0.7865  AUC @ 1: 0.8792
Test Data Eval:
  Num examples: 1856  Num correct: 1340  Precision @ 1: 0.7220  AUC @ 1: 0.7788
Step 4800: loss = 0.5265 (0.536 sec)
Training Data Eval:
  Num examples: 8960  Num correct: 8663  Precision @ 1: 0.9669  AUC @ 1: 0.9978
Validation Data Eval:
  Num examples: 960  Num correct: 780  Precision @ 1: 0.8125  AUC @ 1: 0.8822
Test Data Eval:
  Num examples: 1856  Num correct: 1328  Precision @ 1: 0.7155  AUC @ 1: 0.7650
Step 4900: loss = 0.5366 (0.622 sec)
Training Data Eval:
  Num examples: 8960  Num correct: 8630  Precision @ 1: 0.9632  AUC @ 1: 0.9974
Validation Data Eval:
  Num examples: 960  Num correct: 761  Precision @ 1: 0.7927  AUC @ 1: 0.8709
Test Data Eval:
  Num examples: 1856  Num correct: 1332  Precision @ 1: 0.7177  AUC @ 1: 0.7721
Step 5000: loss = 0.5157 (0.539 sec)
Training Data Eval:
  Num examples: 8960  Num correct: 8729  Precision @ 1: 0.9742  AUC @ 1: 0.9975
Validation Data Eval:
  Num examples: 960  Num correct: 780  Precision @ 1: 0.8125  AUC @ 1: 0.8743
Test Data Eval:
  Num examples: 1856  Num correct: 1342  Precision @ 1: 0.7231  AUC @ 1: 0.7841
Step 5100: loss = 0.5250 (0.556 sec)
Training Data Eval:
  Num examples: 8960  Num correct: 8702  Precision @ 1: 0.9712  AUC @ 1: 0.9976
Validation Data Eval:
  Num examples: 960  Num correct: 771  Precision @ 1: 0.8031  AUC @ 1: 0.8754
Test Data Eval:
  Num examples: 1856  Num correct: 1302  Precision @ 1: 0.7015  AUC @ 1: 0.7698
Step 5200: loss = 0.5284 (0.534 sec)
Training Data Eval:
  Num examples: 8960  Num correct: 8644  Precision @ 1: 0.9647  AUC @ 1: 0.9971
Validation Data Eval:
  Num examples: 960  Num correct: 758  Precision @ 1: 0.7896  AUC @ 1: 0.8710
Test Data Eval:
  Num examples: 1856  Num correct: 1328  Precision @ 1: 0.7155  AUC @ 1: 0.7813
Step 5300: loss = 0.5195 (0.534 sec)
Training Data Eval:
  Num examples: 8960  Num correct: 8727  Precision @ 1: 0.9740  AUC @ 1: 0.9980
Validation Data Eval:
  Num examples: 960  Num correct: 780  Precision @ 1: 0.8125  AUC @ 1: 0.8822
Test Data Eval:
  Num examples: 1856  Num correct: 1331  Precision @ 1: 0.7171  AUC @ 1: 0.7775
Step 5400: loss = 0.5072 (0.565 sec)
Training Data Eval:
  Num examples: 8960  Num correct: 8723  Precision @ 1: 0.9735  AUC @ 1: 0.9980
Validation Data Eval:
  Num examples: 960  Num correct: 771  Precision @ 1: 0.8031  AUC @ 1: 0.8752
Test Data Eval:
  Num examples: 1856  Num correct: 1345  Precision @ 1: 0.7247  AUC @ 1: 0.7750
Step 5500: loss = 0.5738 (0.548 sec)
Training Data Eval:
  Num examples: 8960  Num correct: 8719  Precision @ 1: 0.9731  AUC @ 1: 0.9975
Validation Data Eval:
  Num examples: 960  Num correct: 756  Precision @ 1: 0.7875  AUC @ 1: 0.8792
Test Data Eval:
  Num examples: 1856  Num correct: 1324  Precision @ 1: 0.7134  AUC @ 1: 0.7794
Step 5600: loss = 0.4747 (0.613 sec)
Training Data Eval:
  Num examples: 8960  Num correct: 8680  Precision @ 1: 0.9688  AUC @ 1: 0.9975
Validation Data Eval:
  Num examples: 960  Num correct: 757  Precision @ 1: 0.7885  AUC @ 1: 0.8780
Test Data Eval:
  Num examples: 1856  Num correct: 1304  Precision @ 1: 0.7026  AUC @ 1: 0.7813
Step 5700: loss = 0.4459 (0.535 sec)
Training Data Eval:
  Num examples: 8960  Num correct: 8684  Precision @ 1: 0.9692  AUC @ 1: 0.9976
Validation Data Eval:
  Num examples: 960  Num correct: 769  Precision @ 1: 0.8010  AUC @ 1: 0.8694
Test Data Eval:
  Num examples: 1856  Num correct: 1338  Precision @ 1: 0.7209  AUC @ 1: 0.7627
Step 5800: loss = 0.5248 (0.526 sec)
Training Data Eval:
  Num examples: 8960  Num correct: 8772  Precision @ 1: 0.9790  AUC @ 1: 0.9986
Validation Data Eval:
  Num examples: 960  Num correct: 773  Precision @ 1: 0.8052  AUC @ 1: 0.8789
Test Data Eval:
  Num examples: 1856  Num correct: 1289  Precision @ 1: 0.6945  AUC @ 1: 0.7748
Step 5900: loss = 0.3823 (0.555 sec)
Training Data Eval:
  Num examples: 8960  Num correct: 8714  Precision @ 1: 0.9725  AUC @ 1: 0.9980
Validation Data Eval:
  Num examples: 960  Num correct: 765  Precision @ 1: 0.7969  AUC @ 1: 0.8711
Test Data Eval:
  Num examples: 1856  Num correct: 1302  Precision @ 1: 0.7015  AUC @ 1: 0.7642
Step 6000: loss = 0.4370 (0.565 sec)
Training Data Eval:
  Num examples: 8960  Num correct: 8671  Precision @ 1: 0.9677  AUC @ 1: 0.9978
Validation Data Eval:
  Num examples: 960  Num correct: 759  Precision @ 1: 0.7906  AUC @ 1: 0.8678
Test Data Eval:
  Num examples: 1856  Num correct: 1306  Precision @ 1: 0.7037  AUC @ 1: 0.7702
Step 6100: loss = 0.4193 (0.549 sec)
Training Data Eval:
  Num examples: 8960  Num correct: 8802  Precision @ 1: 0.9824  AUC @ 1: 0.9990
Validation Data Eval:
  Num examples: 960  Num correct: 780  Precision @ 1: 0.8125  AUC @ 1: 0.8886
Test Data Eval:
  Num examples: 1856  Num correct: 1330  Precision @ 1: 0.7166  AUC @ 1: 0.7782
Step 6200: loss = 0.3367 (0.542 sec)
Training Data Eval:
  Num examples: 8960  Num correct: 8800  Precision @ 1: 0.9821  AUC @ 1: 0.9989
Validation Data Eval:
  Num examples: 960  Num correct: 776  Precision @ 1: 0.8083  AUC @ 1: 0.8818
Test Data Eval:
  Num examples: 1856  Num correct: 1281  Precision @ 1: 0.6902  AUC @ 1: 0.7775
Step 6300: loss = 0.3516 (0.620 sec)
Training Data Eval:
  Num examples: 8960  Num correct: 8778  Precision @ 1: 0.9797  AUC @ 1: 0.9986
Validation Data Eval:
  Num examples: 960  Num correct: 776  Precision @ 1: 0.8083  AUC @ 1: 0.8834
Test Data Eval:
  Num examples: 1856  Num correct: 1319  Precision @ 1: 0.7107  AUC @ 1: 0.7872
Step 6400: loss = 0.3117 (0.553 sec)
Training Data Eval:
  Num examples: 8960  Num correct: 8786  Precision @ 1: 0.9806  AUC @ 1: 0.9986
Validation Data Eval:
  Num examples: 960  Num correct: 788  Precision @ 1: 0.8208  AUC @ 1: 0.8723
Test Data Eval:
  Num examples: 1856  Num correct: 1333  Precision @ 1: 0.7182  AUC @ 1: 0.7705
Step 6500: loss = 0.3382 (0.576 sec)
Training Data Eval:
  Num examples: 8960  Num correct: 8724  Precision @ 1: 0.9737  AUC @ 1: 0.9982
Validation Data Eval:
  Num examples: 960  Num correct: 752  Precision @ 1: 0.7833  AUC @ 1: 0.8725
Test Data Eval:
  Num examples: 1856  Num correct: 1261  Precision @ 1: 0.6794  AUC @ 1: 0.7773
Step 6600: loss = 0.4585 (0.565 sec)
Training Data Eval:
  Num examples: 8960  Num correct: 8752  Precision @ 1: 0.9768  AUC @ 1: 0.9986
Validation Data Eval:
  Num examples: 960  Num correct: 770  Precision @ 1: 0.8021  AUC @ 1: 0.8779
Test Data Eval:
  Num examples: 1856  Num correct: 1327  Precision @ 1: 0.7150  AUC @ 1: 0.7764
Step 6700: loss = 0.3314 (0.558 sec)
Training Data Eval:
  Num examples: 8960  Num correct: 8712  Precision @ 1: 0.9723  AUC @ 1: 0.9978
Validation Data Eval:
  Num examples: 960  Num correct: 768  Precision @ 1: 0.8000  AUC @ 1: 0.8736
Test Data Eval:
  Num examples: 1856  Num correct: 1269  Precision @ 1: 0.6837  AUC @ 1: 0.7635
Step 6800: loss = 0.4436 (0.557 sec)
Training Data Eval:
  Num examples: 8960  Num correct: 8811  Precision @ 1: 0.9834  AUC @ 1: 0.9992
Validation Data Eval:
  Num examples: 960  Num correct: 786  Precision @ 1: 0.8187  AUC @ 1: 0.8768
Test Data Eval:
  Num examples: 1856  Num correct: 1315  Precision @ 1: 0.7085  AUC @ 1: 0.7730
Step 6900: loss = 0.2890 (0.547 sec)
Training Data Eval:
  Num examples: 8960  Num correct: 8012  Precision @ 1: 0.8942  AUC @ 1: 0.9887
Validation Data Eval:
  Num examples: 960  Num correct: 745  Precision @ 1: 0.7760  AUC @ 1: 0.8527
Test Data Eval:
  Num examples: 1856  Num correct: 1290  Precision @ 1: 0.6950  AUC @ 1: 0.7431
Step 7000: loss = 0.5092 (0.619 sec)
Training Data Eval:
  Num examples: 8960  Num correct: 8760  Precision @ 1: 0.9777  AUC @ 1: 0.9988
Validation Data Eval:
  Num examples: 960  Num correct: 771  Precision @ 1: 0.8031  AUC @ 1: 0.8708
Test Data Eval:
  Num examples: 1856  Num correct: 1323  Precision @ 1: 0.7128  AUC @ 1: 0.7642
Step 7100: loss = 0.3760 (0.576 sec)
Training Data Eval:
  Num examples: 8960  Num correct: 8773  Precision @ 1: 0.9791  AUC @ 1: 0.9986
Validation Data Eval:
  Num examples: 960  Num correct: 758  Precision @ 1: 0.7896  AUC @ 1: 0.8722
Test Data Eval:
  Num examples: 1856  Num correct: 1285  Precision @ 1: 0.6923  AUC @ 1: 0.7636
Step 7200: loss = 0.3670 (0.581 sec)
Training Data Eval:
  Num examples: 8960  Num correct: 8743  Precision @ 1: 0.9758  AUC @ 1: 0.9982
Validation Data Eval:
  Num examples: 960  Num correct: 764  Precision @ 1: 0.7958  AUC @ 1: 0.8677
Test Data Eval:
  Num examples: 1856  Num correct: 1304  Precision @ 1: 0.7026  AUC @ 1: 0.7670
Step 7300: loss = 0.3566 (0.555 sec)
Training Data Eval:
  Num examples: 8960  Num correct: 8753  Precision @ 1: 0.9769  AUC @ 1: 0.9991
Validation Data Eval:
  Num examples: 960  Num correct: 773  Precision @ 1: 0.8052  AUC @ 1: 0.8804
Test Data Eval:
  Num examples: 1856  Num correct: 1311  Precision @ 1: 0.7064  AUC @ 1: 0.7733
Step 7400: loss = 0.3474 (0.552 sec)
Training Data Eval:
  Num examples: 8960  Num correct: 8699  Precision @ 1: 0.9709  AUC @ 1: 0.9985
Validation Data Eval:
  Num examples: 960  Num correct: 762  Precision @ 1: 0.7937  AUC @ 1: 0.8663
Test Data Eval:
  Num examples: 1856  Num correct: 1334  Precision @ 1: 0.7188  AUC @ 1: 0.7772
Step 7500: loss = 0.3091 (0.565 sec)
Training Data Eval:
  Num examples: 8960  Num correct: 8799  Precision @ 1: 0.9820  AUC @ 1: 0.9987
Validation Data Eval:
  Num examples: 960  Num correct: 776  Precision @ 1: 0.8083  AUC @ 1: 0.8746
Test Data Eval:
  Num examples: 1856  Num correct: 1312  Precision @ 1: 0.7069  AUC @ 1: 0.7775
Step 7600: loss = 0.3185 (0.563 sec)
Training Data Eval:
  Num examples: 8960  Num correct: 8702  Precision @ 1: 0.9712  AUC @ 1: 0.9975
Validation Data Eval:
  Num examples: 960  Num correct: 769  Precision @ 1: 0.8010  AUC @ 1: 0.8683
Test Data Eval:
  Num examples: 1856  Num correct: 1330  Precision @ 1: 0.7166  AUC @ 1: 0.7734
Step 7700: loss = 0.4799 (0.610 sec)
Training Data Eval:
  Num examples: 8960  Num correct: 8793  Precision @ 1: 0.9814  AUC @ 1: 0.9988
Validation Data Eval:
  Num examples: 960  Num correct: 772  Precision @ 1: 0.8042  AUC @ 1: 0.8697
Test Data Eval:
  Num examples: 1856  Num correct: 1295  Precision @ 1: 0.6977  AUC @ 1: 0.7758
Step 7800: loss = 0.2951 (0.566 sec)
Training Data Eval:
  Num examples: 8960  Num correct: 8742  Precision @ 1: 0.9757  AUC @ 1: 0.9984
Validation Data Eval:
  Num examples: 960  Num correct: 777  Precision @ 1: 0.8094  AUC @ 1: 0.8772
Test Data Eval:
  Num examples: 1856  Num correct: 1328  Precision @ 1: 0.7155  AUC @ 1: 0.7808
Step 7900: loss = 0.4072 (0.545 sec)
Training Data Eval:
  Num examples: 8960  Num correct: 8738  Precision @ 1: 0.9752  AUC @ 1: 0.9985
Validation Data Eval:
  Num examples: 960  Num correct: 775  Precision @ 1: 0.8073  AUC @ 1: 0.8761
Test Data Eval:
  Num examples: 1856  Num correct: 1349  Precision @ 1: 0.7268  AUC @ 1: 0.7831
Step 8000: loss = 0.3985 (0.538 sec)
Training Data Eval:
  Num examples: 8960  Num correct: 8814  Precision @ 1: 0.9837  AUC @ 1: 0.9995
Validation Data Eval:
  Num examples: 960  Num correct: 773  Precision @ 1: 0.8052  AUC @ 1: 0.8766
Test Data Eval:
  Num examples: 1856  Num correct: 1308  Precision @ 1: 0.7047  AUC @ 1: 0.7766
Step 8100: loss = 0.4215 (0.552 sec)
Training Data Eval:
  Num examples: 8960  Num correct: 8758  Precision @ 1: 0.9775  AUC @ 1: 0.9993
Validation Data Eval:
  Num examples: 960  Num correct: 764  Precision @ 1: 0.7958  AUC @ 1: 0.8751
Test Data Eval:
  Num examples: 1856  Num correct: 1332  Precision @ 1: 0.7177  AUC @ 1: 0.7800
Step 8200: loss = 0.3867 (0.539 sec)
Training Data Eval:
  Num examples: 8960  Num correct: 8712  Precision @ 1: 0.9723  AUC @ 1: 0.9974
Validation Data Eval:
  Num examples: 960  Num correct: 768  Precision @ 1: 0.8000  AUC @ 1: 0.8790
Test Data Eval:
  Num examples: 1856  Num correct: 1274  Precision @ 1: 0.6864  AUC @ 1: 0.7712
Step 8300: loss = 0.2848 (0.548 sec)
Training Data Eval:
  Num examples: 8960  Num correct: 8772  Precision @ 1: 0.9790  AUC @ 1: 0.9977
Validation Data Eval:
  Num examples: 960  Num correct: 765  Precision @ 1: 0.7969  AUC @ 1: 0.8739
Test Data Eval:
  Num examples: 1856  Num correct: 1284  Precision @ 1: 0.6918  AUC @ 1: 0.7755
Step 8400: loss = 0.3480 (0.599 sec)
Training Data Eval:
  Num examples: 8960  Num correct: 8772  Precision @ 1: 0.9790  AUC @ 1: 0.9986
Validation Data Eval:
  Num examples: 960  Num correct: 785  Precision @ 1: 0.8177  AUC @ 1: 0.8786
Test Data Eval:
  Num examples: 1856  Num correct: 1317  Precision @ 1: 0.7096  AUC @ 1: 0.7770
Step 8500: loss = 0.3464 (0.539 sec)
Training Data Eval:
  Num examples: 8960  Num correct: 8760  Precision @ 1: 0.9777  AUC @ 1: 0.9985
Validation Data Eval:
  Num examples: 960  Num correct: 783  Precision @ 1: 0.8156  AUC @ 1: 0.8819
Test Data Eval:
  Num examples: 1856  Num correct: 1319  Precision @ 1: 0.7107  AUC @ 1: 0.7688
Step 8600: loss = 0.3653 (0.549 sec)
Training Data Eval:
  Num examples: 8960  Num correct: 8798  Precision @ 1: 0.9819  AUC @ 1: 0.9990
Validation Data Eval:
  Num examples: 960  Num correct: 776  Precision @ 1: 0.8083  AUC @ 1: 0.8798
Test Data Eval:
  Num examples: 1856  Num correct: 1333  Precision @ 1: 0.7182  AUC @ 1: 0.7785
Step 8700: loss = 0.3881 (0.551 sec)
Training Data Eval:
  Num examples: 8960  Num correct: 8813  Precision @ 1: 0.9836  AUC @ 1: 0.9991
Validation Data Eval:
  Num examples: 960  Num correct: 774  Precision @ 1: 0.8063  AUC @ 1: 0.8797
Test Data Eval:
  Num examples: 1856  Num correct: 1350  Precision @ 1: 0.7274  AUC @ 1: 0.7829
Step 8800: loss = 0.2994 (0.546 sec)
Training Data Eval:
  Num examples: 8960  Num correct: 8729  Precision @ 1: 0.9742  AUC @ 1: 0.9962
Validation Data Eval:
  Num examples: 960  Num correct: 768  Precision @ 1: 0.8000  AUC @ 1: 0.8675
Test Data Eval:
  Num examples: 1856  Num correct: 1322  Precision @ 1: 0.7123  AUC @ 1: 0.7786
Step 8900: loss = 0.3858 (0.571 sec)
Training Data Eval:
  Num examples: 8960  Num correct: 8722  Precision @ 1: 0.9734  AUC @ 1: 0.9979
Validation Data Eval:
  Num examples: 960  Num correct: 734  Precision @ 1: 0.7646  AUC @ 1: 0.8667
Test Data Eval:
  Num examples: 1856  Num correct: 1235  Precision @ 1: 0.6654  AUC @ 1: 0.7606
Step 9000: loss = 0.3576 (0.543 sec)
Training Data Eval:
  Num examples: 8960  Num correct: 8823  Precision @ 1: 0.9847  AUC @ 1: 0.9993
Validation Data Eval:
  Num examples: 960  Num correct: 775  Precision @ 1: 0.8073  AUC @ 1: 0.8729
Test Data Eval:
  Num examples: 1856  Num correct: 1325  Precision @ 1: 0.7139  AUC @ 1: 0.7710
Step 9100: loss = 0.2748 (0.629 sec)
Training Data Eval:
  Num examples: 8960  Num correct: 8785  Precision @ 1: 0.9805  AUC @ 1: 0.9995
Validation Data Eval:
  Num examples: 960  Num correct: 765  Precision @ 1: 0.7969  AUC @ 1: 0.8689
Test Data Eval:
  Num examples: 1856  Num correct: 1293  Precision @ 1: 0.6967  AUC @ 1: 0.7654
Step 9200: loss = 0.3249 (0.549 sec)
Training Data Eval:
  Num examples: 8960  Num correct: 8792  Precision @ 1: 0.9812  AUC @ 1: 0.9987
Validation Data Eval:
  Num examples: 960  Num correct: 769  Precision @ 1: 0.8010  AUC @ 1: 0.8728
Test Data Eval:
  Num examples: 1856  Num correct: 1318  Precision @ 1: 0.7101  AUC @ 1: 0.7745
Step 9300: loss = 0.2848 (0.546 sec)
Training Data Eval:
  Num examples: 8960  Num correct: 8815  Precision @ 1: 0.9838  AUC @ 1: 0.9992
Validation Data Eval:
  Num examples: 960  Num correct: 776  Precision @ 1: 0.8083  AUC @ 1: 0.8749
Test Data Eval:
  Num examples: 1856  Num correct: 1316  Precision @ 1: 0.7091  AUC @ 1: 0.7650
Step 9400: loss = 0.2896 (0.533 sec)
Training Data Eval:
  Num examples: 8960  Num correct: 8750  Precision @ 1: 0.9766  AUC @ 1: 0.9985
Validation Data Eval:
  Num examples: 960  Num correct: 771  Precision @ 1: 0.8031  AUC @ 1: 0.8671
Test Data Eval:
  Num examples: 1856  Num correct: 1313  Precision @ 1: 0.7074  AUC @ 1: 0.7556
Step 9500: loss = 0.3361 (0.535 sec)
Training Data Eval:
  Num examples: 8960  Num correct: 8734  Precision @ 1: 0.9748  AUC @ 1: 0.9988
Validation Data Eval:
  Num examples: 960  Num correct: 726  Precision @ 1: 0.7562  AUC @ 1: 0.8703
Test Data Eval:
  Num examples: 1856  Num correct: 1161  Precision @ 1: 0.6255  AUC @ 1: 0.7614
Step 9600: loss = 0.3632 (0.564 sec)
Training Data Eval:
  Num examples: 8960  Num correct: 8759  Precision @ 1: 0.9776  AUC @ 1: 0.9992
Validation Data Eval:
  Num examples: 960  Num correct: 781  Precision @ 1: 0.8135  AUC @ 1: 0.8847
Test Data Eval:
  Num examples: 1856  Num correct: 1334  Precision @ 1: 0.7188  AUC @ 1: 0.7707
Step 9700: loss = 0.2772 (0.562 sec)
Training Data Eval:
  Num examples: 8960  Num correct: 8792  Precision @ 1: 0.9812  AUC @ 1: 0.9988
Validation Data Eval:
  Num examples: 960  Num correct: 746  Precision @ 1: 0.7771  AUC @ 1: 0.8651
Test Data Eval:
  Num examples: 1856  Num correct: 1262  Precision @ 1: 0.6800  AUC @ 1: 0.7582
Step 9800: loss = 0.3433 (0.620 sec)
Training Data Eval:
  Num examples: 8960  Num correct: 8822  Precision @ 1: 0.9846  AUC @ 1: 0.9992
Validation Data Eval:
  Num examples: 960  Num correct: 768  Precision @ 1: 0.8000  AUC @ 1: 0.8732
Test Data Eval:
  Num examples: 1856  Num correct: 1276  Precision @ 1: 0.6875  AUC @ 1: 0.7563
Step 9900: loss = 0.3176 (0.569 sec)
Training Data Eval:
  Num examples: 8960  Num correct: 8771  Precision @ 1: 0.9789  AUC @ 1: 0.9986
Validation Data Eval:
  Num examples: 960  Num correct: 769  Precision @ 1: 0.8010  AUC @ 1: 0.8670
Test Data Eval:
  Num examples: 1856  Num correct: 1330  Precision @ 1: 0.7166  AUC @ 1: 0.7777
