Training data shape: 	(10000, 64, 64, 1)
Training label shape:	(10000,)
Testing data shape:  	(1910, 64, 64, 1)
Testing label shape: 	(1910,)
max input value is: 153.458
min input value is: -104.189
random permuted training data
==============================================================================
Model: 			inference_roicnn
Tensor Name: 	Placeholder:0
[64, 64, 64, 1]
==============================================================================
Tensor Name: concat_64:0
[64, 320, 64, 1]
==============================================================================
Tensor Name: concat_129:0
[64, 320, 320, 1]
==============================================================================
Tensor Name: conv0/conv0:0
[64, 64, 64, 4]
==============================================================================
Tensor Name: concat_162:0
[64, 64, 64, 4]
==============================================================================
Tensor Name: MaxPool:0
[64, 32, 32, 4]
==============================================================================
Tensor Name: local1/local1:0
[64, 128]
==============================================================================
Tensor Name: local2/local2:0
[64, 128]
==============================================================================
Tensor Name: softmax_linear/softmax_linear:0
[64, 2]
Step 0: loss = 2.0345 (0.361 sec)
Training Data Eval:
  Num examples: 8960  Num correct: 6593  Precision @ 1: 0.7358  AUC @ 1: 0.7866
Validation Data Eval:
  Num examples: 960  Num correct: 704  Precision @ 1: 0.7333  AUC @ 1: 0.7733
Test Data Eval:
  Num examples: 1856  Num correct: 1235  Precision @ 1: 0.6654  AUC @ 1: 0.7093
Step 100: loss = 1.8408 (0.303 sec)
Training Data Eval:
  Num examples: 8960  Num correct: 6727  Precision @ 1: 0.7508  AUC @ 1: 0.8177
Validation Data Eval:
  Num examples: 960  Num correct: 720  Precision @ 1: 0.7500  AUC @ 1: 0.7960
Test Data Eval:
  Num examples: 1856  Num correct: 1306  Precision @ 1: 0.7037  AUC @ 1: 0.7458
Step 200: loss = 1.7720 (0.308 sec)
Training Data Eval:
  Num examples: 8960  Num correct: 6949  Precision @ 1: 0.7756  AUC @ 1: 0.8406
Validation Data Eval:
  Num examples: 960  Num correct: 726  Precision @ 1: 0.7562  AUC @ 1: 0.8223
Test Data Eval:
  Num examples: 1856  Num correct: 1311  Precision @ 1: 0.7064  AUC @ 1: 0.7569
Step 300: loss = 1.4389 (0.302 sec)
Training Data Eval:
  Num examples: 8960  Num correct: 6816  Precision @ 1: 0.7607  AUC @ 1: 0.8471
Validation Data Eval:
  Num examples: 960  Num correct: 723  Precision @ 1: 0.7531  AUC @ 1: 0.8292
Test Data Eval:
  Num examples: 1856  Num correct: 1295  Precision @ 1: 0.6977  AUC @ 1: 0.7690
Step 400: loss = 1.4783 (0.291 sec)
Training Data Eval:
  Num examples: 8960  Num correct: 7140  Precision @ 1: 0.7969  AUC @ 1: 0.8673
Validation Data Eval:
  Num examples: 960  Num correct: 744  Precision @ 1: 0.7750  AUC @ 1: 0.8518
Test Data Eval:
  Num examples: 1856  Num correct: 1341  Precision @ 1: 0.7225  AUC @ 1: 0.7760
Step 500: loss = 1.4135 (0.296 sec)
Training Data Eval:
  Num examples: 8960  Num correct: 7317  Precision @ 1: 0.8166  AUC @ 1: 0.8809
Validation Data Eval:
  Num examples: 960  Num correct: 751  Precision @ 1: 0.7823  AUC @ 1: 0.8589
Test Data Eval:
  Num examples: 1856  Num correct: 1328  Precision @ 1: 0.7155  AUC @ 1: 0.7760
Step 600: loss = 1.1427 (0.298 sec)
Training Data Eval:
  Num examples: 8960  Num correct: 7406  Precision @ 1: 0.8266  AUC @ 1: 0.9019
Validation Data Eval:
  Num examples: 960  Num correct: 757  Precision @ 1: 0.7885  AUC @ 1: 0.8683
Test Data Eval:
  Num examples: 1856  Num correct: 1357  Precision @ 1: 0.7311  AUC @ 1: 0.7797
Step 700: loss = 1.1582 (0.392 sec)
Training Data Eval:
  Num examples: 8960  Num correct: 7405  Precision @ 1: 0.8265  AUC @ 1: 0.9010
Validation Data Eval:
  Num examples: 960  Num correct: 762  Precision @ 1: 0.7937  AUC @ 1: 0.8722
Test Data Eval:
  Num examples: 1856  Num correct: 1357  Precision @ 1: 0.7311  AUC @ 1: 0.7930
Step 800: loss = 1.0576 (0.287 sec)
Training Data Eval:
  Num examples: 8960  Num correct: 7536  Precision @ 1: 0.8411  AUC @ 1: 0.9147
Validation Data Eval:
  Num examples: 960  Num correct: 767  Precision @ 1: 0.7990  AUC @ 1: 0.8804
Test Data Eval:
  Num examples: 1856  Num correct: 1340  Precision @ 1: 0.7220  AUC @ 1: 0.7765
Step 900: loss = 1.0659 (0.287 sec)
Training Data Eval:
  Num examples: 8960  Num correct: 7631  Precision @ 1: 0.8517  AUC @ 1: 0.9172
Validation Data Eval:
  Num examples: 960  Num correct: 765  Precision @ 1: 0.7969  AUC @ 1: 0.8791
Test Data Eval:
  Num examples: 1856  Num correct: 1361  Precision @ 1: 0.7333  AUC @ 1: 0.7848
Step 1000: loss = 1.0209 (0.273 sec)
Training Data Eval:
  Num examples: 8960  Num correct: 7728  Precision @ 1: 0.8625  AUC @ 1: 0.9339
Validation Data Eval:
  Num examples: 960  Num correct: 772  Precision @ 1: 0.8042  AUC @ 1: 0.8847
Test Data Eval:
  Num examples: 1856  Num correct: 1346  Precision @ 1: 0.7252  AUC @ 1: 0.7825
Step 1100: loss = 1.1668 (0.291 sec)
Training Data Eval:
  Num examples: 8960  Num correct: 7755  Precision @ 1: 0.8655  AUC @ 1: 0.9341
Validation Data Eval:
  Num examples: 960  Num correct: 770  Precision @ 1: 0.8021  AUC @ 1: 0.8850
Test Data Eval:
  Num examples: 1856  Num correct: 1368  Precision @ 1: 0.7371  AUC @ 1: 0.7941
Step 1200: loss = 0.8448 (0.309 sec)
Training Data Eval:
  Num examples: 8960  Num correct: 7686  Precision @ 1: 0.8578  AUC @ 1: 0.9363
Validation Data Eval:
  Num examples: 960  Num correct: 765  Precision @ 1: 0.7969  AUC @ 1: 0.8793
Test Data Eval:
  Num examples: 1856  Num correct: 1302  Precision @ 1: 0.7015  AUC @ 1: 0.7750
Step 1300: loss = 0.8508 (0.303 sec)
Training Data Eval:
  Num examples: 8960  Num correct: 7918  Precision @ 1: 0.8837  AUC @ 1: 0.9521
Validation Data Eval:
  Num examples: 960  Num correct: 769  Precision @ 1: 0.8010  AUC @ 1: 0.8807
Test Data Eval:
  Num examples: 1856  Num correct: 1324  Precision @ 1: 0.7134  AUC @ 1: 0.7816
Step 1400: loss = 0.7718 (0.357 sec)
Training Data Eval:
  Num examples: 8960  Num correct: 7918  Precision @ 1: 0.8837  AUC @ 1: 0.9508
Validation Data Eval:
  Num examples: 960  Num correct: 771  Precision @ 1: 0.8031  AUC @ 1: 0.8898
Test Data Eval:
  Num examples: 1856  Num correct: 1321  Precision @ 1: 0.7117  AUC @ 1: 0.7750
Step 1500: loss = 0.6340 (0.284 sec)
Training Data Eval:
  Num examples: 8960  Num correct: 7674  Precision @ 1: 0.8565  AUC @ 1: 0.9519
Validation Data Eval:
  Num examples: 960  Num correct: 764  Precision @ 1: 0.7958  AUC @ 1: 0.8794
Test Data Eval:
  Num examples: 1856  Num correct: 1318  Precision @ 1: 0.7101  AUC @ 1: 0.7677
Step 1600: loss = 0.7123 (0.281 sec)
Training Data Eval:
  Num examples: 8960  Num correct: 7817  Precision @ 1: 0.8724  AUC @ 1: 0.9553
Validation Data Eval:
  Num examples: 960  Num correct: 767  Precision @ 1: 0.7990  AUC @ 1: 0.8758
Test Data Eval:
  Num examples: 1856  Num correct: 1309  Precision @ 1: 0.7053  AUC @ 1: 0.7555
Step 1700: loss = 0.8094 (0.271 sec)
Training Data Eval:
  Num examples: 8960  Num correct: 8102  Precision @ 1: 0.9042  AUC @ 1: 0.9687
Validation Data Eval:
  Num examples: 960  Num correct: 771  Precision @ 1: 0.8031  AUC @ 1: 0.8866
Test Data Eval:
  Num examples: 1856  Num correct: 1293  Precision @ 1: 0.6967  AUC @ 1: 0.7701
Step 1800: loss = 0.6864 (0.282 sec)
Training Data Eval:
  Num examples: 8960  Num correct: 8130  Precision @ 1: 0.9074  AUC @ 1: 0.9661
Validation Data Eval:
  Num examples: 960  Num correct: 779  Precision @ 1: 0.8115  AUC @ 1: 0.8790
Test Data Eval:
  Num examples: 1856  Num correct: 1326  Precision @ 1: 0.7144  AUC @ 1: 0.7658
Step 1900: loss = 0.5739 (0.273 sec)
Training Data Eval:
  Num examples: 8960  Num correct: 8110  Precision @ 1: 0.9051  AUC @ 1: 0.9696
Validation Data Eval:
  Num examples: 960  Num correct: 765  Precision @ 1: 0.7969  AUC @ 1: 0.8831
Test Data Eval:
  Num examples: 1856  Num correct: 1281  Precision @ 1: 0.6902  AUC @ 1: 0.7718
Step 2000: loss = 0.5428 (0.279 sec)
Training Data Eval:
  Num examples: 8960  Num correct: 8207  Precision @ 1: 0.9160  AUC @ 1: 0.9732
Validation Data Eval:
  Num examples: 960  Num correct: 766  Precision @ 1: 0.7979  AUC @ 1: 0.8800
Test Data Eval:
  Num examples: 1856  Num correct: 1323  Precision @ 1: 0.7128  AUC @ 1: 0.7701
Step 2100: loss = 0.5821 (0.369 sec)
Training Data Eval:
  Num examples: 8960  Num correct: 8228  Precision @ 1: 0.9183  AUC @ 1: 0.9772
Validation Data Eval:
  Num examples: 960  Num correct: 773  Precision @ 1: 0.8052  AUC @ 1: 0.8816
Test Data Eval:
  Num examples: 1856  Num correct: 1334  Precision @ 1: 0.7188  AUC @ 1: 0.7770
Step 2200: loss = 0.5657 (0.275 sec)
Training Data Eval:
  Num examples: 8960  Num correct: 8215  Precision @ 1: 0.9169  AUC @ 1: 0.9808
Validation Data Eval:
  Num examples: 960  Num correct: 760  Precision @ 1: 0.7917  AUC @ 1: 0.8717
Test Data Eval:
  Num examples: 1856  Num correct: 1327  Precision @ 1: 0.7150  AUC @ 1: 0.7683
Step 2300: loss = 0.5985 (0.275 sec)
Training Data Eval:
  Num examples: 8960  Num correct: 8295  Precision @ 1: 0.9258  AUC @ 1: 0.9837
Validation Data Eval:
  Num examples: 960  Num correct: 763  Precision @ 1: 0.7948  AUC @ 1: 0.8779
Test Data Eval:
  Num examples: 1856  Num correct: 1346  Precision @ 1: 0.7252  AUC @ 1: 0.7760
Step 2400: loss = 0.5574 (0.306 sec)
Training Data Eval:
  Num examples: 8960  Num correct: 8366  Precision @ 1: 0.9337  AUC @ 1: 0.9837
Validation Data Eval:
  Num examples: 960  Num correct: 764  Precision @ 1: 0.7958  AUC @ 1: 0.8750
Test Data Eval:
  Num examples: 1856  Num correct: 1280  Precision @ 1: 0.6897  AUC @ 1: 0.7761
Step 2500: loss = 0.4948 (0.297 sec)
Training Data Eval:
  Num examples: 8960  Num correct: 8462  Precision @ 1: 0.9444  AUC @ 1: 0.9870
Validation Data Eval:
  Num examples: 960  Num correct: 772  Precision @ 1: 0.8042  AUC @ 1: 0.8740
Test Data Eval:
  Num examples: 1856  Num correct: 1296  Precision @ 1: 0.6983  AUC @ 1: 0.7548
Step 2600: loss = 0.4218 (0.283 sec)
Training Data Eval:
  Num examples: 8960  Num correct: 8364  Precision @ 1: 0.9335  AUC @ 1: 0.9862
Validation Data Eval:
  Num examples: 960  Num correct: 758  Precision @ 1: 0.7896  AUC @ 1: 0.8736
Test Data Eval:
  Num examples: 1856  Num correct: 1297  Precision @ 1: 0.6988  AUC @ 1: 0.7594
Step 2700: loss = 0.5194 (0.298 sec)
Training Data Eval:
  Num examples: 8960  Num correct: 8452  Precision @ 1: 0.9433  AUC @ 1: 0.9889
Validation Data Eval:
  Num examples: 960  Num correct: 774  Precision @ 1: 0.8063  AUC @ 1: 0.8752
Test Data Eval:
  Num examples: 1856  Num correct: 1317  Precision @ 1: 0.7096  AUC @ 1: 0.7609
Step 2800: loss = 0.4432 (0.373 sec)
Training Data Eval:
  Num examples: 8960  Num correct: 8461  Precision @ 1: 0.9443  AUC @ 1: 0.9911
Validation Data Eval:
  Num examples: 960  Num correct: 763  Precision @ 1: 0.7948  AUC @ 1: 0.8679
Test Data Eval:
  Num examples: 1856  Num correct: 1346  Precision @ 1: 0.7252  AUC @ 1: 0.7728
Step 2900: loss = 0.4421 (0.304 sec)
Training Data Eval:
  Num examples: 8960  Num correct: 8466  Precision @ 1: 0.9449  AUC @ 1: 0.9906
Validation Data Eval:
  Num examples: 960  Num correct: 777  Precision @ 1: 0.8094  AUC @ 1: 0.8800
Test Data Eval:
  Num examples: 1856  Num correct: 1323  Precision @ 1: 0.7128  AUC @ 1: 0.7634
Step 3000: loss = 0.4610 (0.279 sec)
Training Data Eval:
  Num examples: 8960  Num correct: 8503  Precision @ 1: 0.9490  AUC @ 1: 0.9909
Validation Data Eval:
  Num examples: 960  Num correct: 765  Precision @ 1: 0.7969  AUC @ 1: 0.8696
Test Data Eval:
  Num examples: 1856  Num correct: 1291  Precision @ 1: 0.6956  AUC @ 1: 0.7569
Step 3100: loss = 0.7011 (0.300 sec)
Training Data Eval:
  Num examples: 8960  Num correct: 8564  Precision @ 1: 0.9558  AUC @ 1: 0.9931
Validation Data Eval:
  Num examples: 960  Num correct: 762  Precision @ 1: 0.7937  AUC @ 1: 0.8721
Test Data Eval:
  Num examples: 1856  Num correct: 1321  Precision @ 1: 0.7117  AUC @ 1: 0.7634
Step 3200: loss = 0.4731 (0.295 sec)
Training Data Eval:
  Num examples: 8960  Num correct: 8284  Precision @ 1: 0.9246  AUC @ 1: 0.9846
Validation Data Eval:
  Num examples: 960  Num correct: 769  Precision @ 1: 0.8010  AUC @ 1: 0.8662
Test Data Eval:
  Num examples: 1856  Num correct: 1328  Precision @ 1: 0.7155  AUC @ 1: 0.7643
Step 3300: loss = 0.4460 (0.295 sec)
Training Data Eval:
  Num examples: 8960  Num correct: 8594  Precision @ 1: 0.9592  AUC @ 1: 0.9934
Validation Data Eval:
  Num examples: 960  Num correct: 765  Precision @ 1: 0.7969  AUC @ 1: 0.8734
Test Data Eval:
  Num examples: 1856  Num correct: 1327  Precision @ 1: 0.7150  AUC @ 1: 0.7784
Step 3400: loss = 0.3908 (0.281 sec)
Training Data Eval:
  Num examples: 8960  Num correct: 8599  Precision @ 1: 0.9597  AUC @ 1: 0.9951
Validation Data Eval:
  Num examples: 960  Num correct: 772  Precision @ 1: 0.8042  AUC @ 1: 0.8774
Test Data Eval:
  Num examples: 1856  Num correct: 1313  Precision @ 1: 0.7074  AUC @ 1: 0.7672
Step 3500: loss = 0.4692 (0.370 sec)
Training Data Eval:
  Num examples: 8960  Num correct: 8015  Precision @ 1: 0.8945  AUC @ 1: 0.9870
Validation Data Eval:
  Num examples: 960  Num correct: 724  Precision @ 1: 0.7542  AUC @ 1: 0.8727
Test Data Eval:
  Num examples: 1856  Num correct: 1147  Precision @ 1: 0.6180  AUC @ 1: 0.7499
Step 3600: loss = 0.5892 (0.281 sec)
Training Data Eval:
  Num examples: 8960  Num correct: 8572  Precision @ 1: 0.9567  AUC @ 1: 0.9943
Validation Data Eval:
  Num examples: 960  Num correct: 770  Precision @ 1: 0.8021  AUC @ 1: 0.8717
Test Data Eval:
  Num examples: 1856  Num correct: 1312  Precision @ 1: 0.7069  AUC @ 1: 0.7632
Step 3700: loss = 0.4554 (0.274 sec)
Training Data Eval:
  Num examples: 8960  Num correct: 8642  Precision @ 1: 0.9645  AUC @ 1: 0.9942
Validation Data Eval:
  Num examples: 960  Num correct: 762  Precision @ 1: 0.7937  AUC @ 1: 0.8762
Test Data Eval:
  Num examples: 1856  Num correct: 1304  Precision @ 1: 0.7026  AUC @ 1: 0.7636
Step 3800: loss = 0.3342 (0.280 sec)
Training Data Eval:
  Num examples: 8960  Num correct: 8631  Precision @ 1: 0.9633  AUC @ 1: 0.9946
Validation Data Eval:
  Num examples: 960  Num correct: 753  Precision @ 1: 0.7844  AUC @ 1: 0.8692
Test Data Eval:
  Num examples: 1856  Num correct: 1286  Precision @ 1: 0.6929  AUC @ 1: 0.7581
Step 3900: loss = 0.4304 (0.288 sec)
Training Data Eval:
  Num examples: 8960  Num correct: 8500  Precision @ 1: 0.9487  AUC @ 1: 0.9933
Validation Data Eval:
  Num examples: 960  Num correct: 758  Precision @ 1: 0.7896  AUC @ 1: 0.8685
Test Data Eval:
  Num examples: 1856  Num correct: 1313  Precision @ 1: 0.7074  AUC @ 1: 0.7588
Step 4000: loss = 0.3783 (0.277 sec)
Training Data Eval:
  Num examples: 8960  Num correct: 8658  Precision @ 1: 0.9663  AUC @ 1: 0.9967
Validation Data Eval:
  Num examples: 960  Num correct: 763  Precision @ 1: 0.7948  AUC @ 1: 0.8677
Test Data Eval:
  Num examples: 1856  Num correct: 1330  Precision @ 1: 0.7166  AUC @ 1: 0.7616
Step 4100: loss = 0.3828 (0.300 sec)
Training Data Eval:
  Num examples: 8960  Num correct: 8633  Precision @ 1: 0.9635  AUC @ 1: 0.9950
Validation Data Eval:
  Num examples: 960  Num correct: 768  Precision @ 1: 0.8000  AUC @ 1: 0.8738
Test Data Eval:
  Num examples: 1856  Num correct: 1326  Precision @ 1: 0.7144  AUC @ 1: 0.7676
Step 4200: loss = 0.4074 (0.361 sec)
Training Data Eval:
  Num examples: 8960  Num correct: 8533  Precision @ 1: 0.9523  AUC @ 1: 0.9936
Validation Data Eval:
  Num examples: 960  Num correct: 768  Precision @ 1: 0.8000  AUC @ 1: 0.8735
Test Data Eval:
  Num examples: 1856  Num correct: 1320  Precision @ 1: 0.7112  AUC @ 1: 0.7550
Step 4300: loss = 0.3083 (0.309 sec)
Training Data Eval:
  Num examples: 8960  Num correct: 8627  Precision @ 1: 0.9628  AUC @ 1: 0.9952
Validation Data Eval:
  Num examples: 960  Num correct: 760  Precision @ 1: 0.7917  AUC @ 1: 0.8681
Test Data Eval:
  Num examples: 1856  Num correct: 1337  Precision @ 1: 0.7204  AUC @ 1: 0.7640
Step 4400: loss = 0.3350 (0.295 sec)
Training Data Eval:
  Num examples: 8960  Num correct: 8670  Precision @ 1: 0.9676  AUC @ 1: 0.9971
Validation Data Eval:
  Num examples: 960  Num correct: 766  Precision @ 1: 0.7979  AUC @ 1: 0.8745
Test Data Eval:
  Num examples: 1856  Num correct: 1310  Precision @ 1: 0.7058  AUC @ 1: 0.7610
Step 4500: loss = 0.3620 (0.276 sec)
Training Data Eval:
  Num examples: 8960  Num correct: 8584  Precision @ 1: 0.9580  AUC @ 1: 0.9958
Validation Data Eval:
  Num examples: 960  Num correct: 772  Precision @ 1: 0.8042  AUC @ 1: 0.8765
Test Data Eval:
  Num examples: 1856  Num correct: 1304  Precision @ 1: 0.7026  AUC @ 1: 0.7446
Step 4600: loss = 0.5148 (0.291 sec)
Training Data Eval:
  Num examples: 8960  Num correct: 8593  Precision @ 1: 0.9590  AUC @ 1: 0.9970
Validation Data Eval:
  Num examples: 960  Num correct: 763  Precision @ 1: 0.7948  AUC @ 1: 0.8777
Test Data Eval:
  Num examples: 1856  Num correct: 1349  Precision @ 1: 0.7268  AUC @ 1: 0.7682
Step 4700: loss = 0.3941 (0.260 sec)
Training Data Eval:
  Num examples: 8960  Num correct: 8724  Precision @ 1: 0.9737  AUC @ 1: 0.9976
Validation Data Eval:
  Num examples: 960  Num correct: 775  Precision @ 1: 0.8073  AUC @ 1: 0.8720
Test Data Eval:
  Num examples: 1856  Num correct: 1313  Precision @ 1: 0.7074  AUC @ 1: 0.7629
Step 4800: loss = 0.4462 (0.305 sec)
Training Data Eval:
  Num examples: 8960  Num correct: 8422  Precision @ 1: 0.9400  AUC @ 1: 0.9944
Validation Data Eval:
  Num examples: 960  Num correct: 763  Precision @ 1: 0.7948  AUC @ 1: 0.8629
Test Data Eval:
  Num examples: 1856  Num correct: 1321  Precision @ 1: 0.7117  AUC @ 1: 0.7632
Step 4900: loss = 0.3577 (0.351 sec)
Training Data Eval:
  Num examples: 8960  Num correct: 8655  Precision @ 1: 0.9660  AUC @ 1: 0.9964
Validation Data Eval:
  Num examples: 960  Num correct: 776  Precision @ 1: 0.8083  AUC @ 1: 0.8772
Test Data Eval:
  Num examples: 1856  Num correct: 1340  Precision @ 1: 0.7220  AUC @ 1: 0.7667
Step 5000: loss = 0.3657 (0.276 sec)
Training Data Eval:
  Num examples: 8960  Num correct: 8657  Precision @ 1: 0.9662  AUC @ 1: 0.9961
Validation Data Eval:
  Num examples: 960  Num correct: 754  Precision @ 1: 0.7854  AUC @ 1: 0.8698
Test Data Eval:
  Num examples: 1856  Num correct: 1314  Precision @ 1: 0.7080  AUC @ 1: 0.7690
Step 5100: loss = 0.3570 (0.276 sec)
Training Data Eval:
  Num examples: 8960  Num correct: 8670  Precision @ 1: 0.9676  AUC @ 1: 0.9965
Validation Data Eval:
  Num examples: 960  Num correct: 777  Precision @ 1: 0.8094  AUC @ 1: 0.8767
Test Data Eval:
  Num examples: 1856  Num correct: 1316  Precision @ 1: 0.7091  AUC @ 1: 0.7611
Step 5200: loss = 0.3840 (0.282 sec)
Training Data Eval:
  Num examples: 8960  Num correct: 8728  Precision @ 1: 0.9741  AUC @ 1: 0.9980
Validation Data Eval:
  Num examples: 960  Num correct: 779  Precision @ 1: 0.8115  AUC @ 1: 0.8772
Test Data Eval:
  Num examples: 1856  Num correct: 1324  Precision @ 1: 0.7134  AUC @ 1: 0.7578
Step 5300: loss = 0.4215 (0.277 sec)
Training Data Eval:
  Num examples: 8960  Num correct: 8648  Precision @ 1: 0.9652  AUC @ 1: 0.9962
Validation Data Eval:
  Num examples: 960  Num correct: 762  Precision @ 1: 0.7937  AUC @ 1: 0.8694
Test Data Eval:
  Num examples: 1856  Num correct: 1314  Precision @ 1: 0.7080  AUC @ 1: 0.7713
Step 5400: loss = 0.3513 (0.293 sec)
Training Data Eval:
  Num examples: 8960  Num correct: 8621  Precision @ 1: 0.9622  AUC @ 1: 0.9964
Validation Data Eval:
  Num examples: 960  Num correct: 747  Precision @ 1: 0.7781  AUC @ 1: 0.8709
Test Data Eval:
  Num examples: 1856  Num correct: 1349  Precision @ 1: 0.7268  AUC @ 1: 0.7634
Step 5500: loss = 0.4433 (0.267 sec)
Training Data Eval:
  Num examples: 8960  Num correct: 8730  Precision @ 1: 0.9743  AUC @ 1: 0.9983
Validation Data Eval:
  Num examples: 960  Num correct: 756  Precision @ 1: 0.7875  AUC @ 1: 0.8653
Test Data Eval:
  Num examples: 1856  Num correct: 1342  Precision @ 1: 0.7231  AUC @ 1: 0.7577
Step 5600: loss = 0.4192 (0.359 sec)
Training Data Eval:
  Num examples: 8960  Num correct: 8673  Precision @ 1: 0.9680  AUC @ 1: 0.9971
Validation Data Eval:
  Num examples: 960  Num correct: 765  Precision @ 1: 0.7969  AUC @ 1: 0.8682
Test Data Eval:
  Num examples: 1856  Num correct: 1333  Precision @ 1: 0.7182  AUC @ 1: 0.7552
Step 5700: loss = 0.3356 (0.282 sec)
Training Data Eval:
  Num examples: 8960  Num correct: 8696  Precision @ 1: 0.9705  AUC @ 1: 0.9968
Validation Data Eval:
  Num examples: 960  Num correct: 769  Precision @ 1: 0.8010  AUC @ 1: 0.8664
Test Data Eval:
  Num examples: 1856  Num correct: 1331  Precision @ 1: 0.7171  AUC @ 1: 0.7687
Step 5800: loss = 0.5019 (0.291 sec)
Training Data Eval:
  Num examples: 8960  Num correct: 8685  Precision @ 1: 0.9693  AUC @ 1: 0.9969
Validation Data Eval:
  Num examples: 960  Num correct: 761  Precision @ 1: 0.7927  AUC @ 1: 0.8728
Test Data Eval:
  Num examples: 1856  Num correct: 1318  Precision @ 1: 0.7101  AUC @ 1: 0.7580
Step 5900: loss = 0.3129 (0.282 sec)
Training Data Eval:
  Num examples: 8960  Num correct: 8723  Precision @ 1: 0.9735  AUC @ 1: 0.9978
Validation Data Eval:
  Num examples: 960  Num correct: 760  Precision @ 1: 0.7917  AUC @ 1: 0.8706
Test Data Eval:
  Num examples: 1856  Num correct: 1283  Precision @ 1: 0.6913  AUC @ 1: 0.7509
Step 6000: loss = 0.3360 (0.302 sec)
Training Data Eval:
  Num examples: 8960  Num correct: 8718  Precision @ 1: 0.9730  AUC @ 1: 0.9973
Validation Data Eval:
  Num examples: 960  Num correct: 767  Precision @ 1: 0.7990  AUC @ 1: 0.8696
Test Data Eval:
  Num examples: 1856  Num correct: 1338  Precision @ 1: 0.7209  AUC @ 1: 0.7684
Step 6100: loss = 0.3561 (0.294 sec)
Training Data Eval:
  Num examples: 8960  Num correct: 8719  Precision @ 1: 0.9731  AUC @ 1: 0.9981
Validation Data Eval:
  Num examples: 960  Num correct: 779  Precision @ 1: 0.8115  AUC @ 1: 0.8828
Test Data Eval:
  Num examples: 1856  Num correct: 1318  Precision @ 1: 0.7101  AUC @ 1: 0.7548
Step 6200: loss = 0.3670 (0.268 sec)
Training Data Eval:
  Num examples: 8960  Num correct: 8717  Precision @ 1: 0.9729  AUC @ 1: 0.9982
Validation Data Eval:
  Num examples: 960  Num correct: 772  Precision @ 1: 0.8042  AUC @ 1: 0.8698
Test Data Eval:
  Num examples: 1856  Num correct: 1337  Precision @ 1: 0.7204  AUC @ 1: 0.7626
Step 6300: loss = 0.3160 (0.376 sec)
Training Data Eval:
  Num examples: 8960  Num correct: 8722  Precision @ 1: 0.9734  AUC @ 1: 0.9977
Validation Data Eval:
  Num examples: 960  Num correct: 774  Precision @ 1: 0.8063  AUC @ 1: 0.8717
Test Data Eval:
  Num examples: 1856  Num correct: 1308  Precision @ 1: 0.7047  AUC @ 1: 0.7589
Step 6400: loss = 0.3253 (0.287 sec)
Training Data Eval:
  Num examples: 8960  Num correct: 8694  Precision @ 1: 0.9703  AUC @ 1: 0.9972
Validation Data Eval:
  Num examples: 960  Num correct: 761  Precision @ 1: 0.7927  AUC @ 1: 0.8672
Test Data Eval:
  Num examples: 1856  Num correct: 1348  Precision @ 1: 0.7263  AUC @ 1: 0.7685
Step 6500: loss = 0.3712 (0.305 sec)
Training Data Eval:
  Num examples: 8960  Num correct: 8551  Precision @ 1: 0.9544  AUC @ 1: 0.9966
Validation Data Eval:
  Num examples: 960  Num correct: 736  Precision @ 1: 0.7667  AUC @ 1: 0.8658
Test Data Eval:
  Num examples: 1856  Num correct: 1228  Precision @ 1: 0.6616  AUC @ 1: 0.7521
Step 6600: loss = 0.3588 (0.293 sec)
Training Data Eval:
  Num examples: 8960  Num correct: 8791  Precision @ 1: 0.9811  AUC @ 1: 0.9986
Validation Data Eval:
  Num examples: 960  Num correct: 751  Precision @ 1: 0.7823  AUC @ 1: 0.8620
Test Data Eval:
  Num examples: 1856  Num correct: 1324  Precision @ 1: 0.7134  AUC @ 1: 0.7617
Step 6700: loss = 0.4163 (0.292 sec)
Training Data Eval:
  Num examples: 8960  Num correct: 8768  Precision @ 1: 0.9786  AUC @ 1: 0.9981
Validation Data Eval:
  Num examples: 960  Num correct: 755  Precision @ 1: 0.7865  AUC @ 1: 0.8741
Test Data Eval:
  Num examples: 1856  Num correct: 1298  Precision @ 1: 0.6994  AUC @ 1: 0.7573
Step 6800: loss = 0.3493 (0.280 sec)
Training Data Eval:
  Num examples: 8960  Num correct: 8482  Precision @ 1: 0.9467  AUC @ 1: 0.9938
Validation Data Eval:
  Num examples: 960  Num correct: 742  Precision @ 1: 0.7729  AUC @ 1: 0.8640
Test Data Eval:
  Num examples: 1856  Num correct: 1204  Precision @ 1: 0.6487  AUC @ 1: 0.7482
Step 6900: loss = 0.6627 (0.278 sec)
Training Data Eval:
  Num examples: 8960  Num correct: 8636  Precision @ 1: 0.9638  AUC @ 1: 0.9974
Validation Data Eval:
  Num examples: 960  Num correct: 748  Precision @ 1: 0.7792  AUC @ 1: 0.8641
Test Data Eval:
  Num examples: 1856  Num correct: 1216  Precision @ 1: 0.6552  AUC @ 1: 0.7500
Step 7000: loss = 0.4018 (0.352 sec)
Training Data Eval:
  Num examples: 8960  Num correct: 8699  Precision @ 1: 0.9709  AUC @ 1: 0.9973
Validation Data Eval:
  Num examples: 960  Num correct: 747  Precision @ 1: 0.7781  AUC @ 1: 0.8617
Test Data Eval:
  Num examples: 1856  Num correct: 1282  Precision @ 1: 0.6907  AUC @ 1: 0.7612
Step 7100: loss = 0.3757 (0.305 sec)
Training Data Eval:
  Num examples: 8960  Num correct: 8503  Precision @ 1: 0.9490  AUC @ 1: 0.9964
Validation Data Eval:
  Num examples: 960  Num correct: 751  Precision @ 1: 0.7823  AUC @ 1: 0.8647
Test Data Eval:
  Num examples: 1856  Num correct: 1330  Precision @ 1: 0.7166  AUC @ 1: 0.7557
Step 7200: loss = 0.3369 (0.299 sec)
Training Data Eval:
  Num examples: 8960  Num correct: 8717  Precision @ 1: 0.9729  AUC @ 1: 0.9971
Validation Data Eval:
  Num examples: 960  Num correct: 775  Precision @ 1: 0.8073  AUC @ 1: 0.8725
Test Data Eval:
  Num examples: 1856  Num correct: 1295  Precision @ 1: 0.6977  AUC @ 1: 0.7570
Step 7300: loss = 0.3846 (0.277 sec)
Training Data Eval:
  Num examples: 8960  Num correct: 8775  Precision @ 1: 0.9794  AUC @ 1: 0.9981
Validation Data Eval:
  Num examples: 960  Num correct: 733  Precision @ 1: 0.7635  AUC @ 1: 0.8559
Test Data Eval:
  Num examples: 1856  Num correct: 1308  Precision @ 1: 0.7047  AUC @ 1: 0.7731
Step 7400: loss = 0.3838 (0.283 sec)
Training Data Eval:
  Num examples: 8960  Num correct: 8730  Precision @ 1: 0.9743  AUC @ 1: 0.9970
Validation Data Eval:
  Num examples: 960  Num correct: 762  Precision @ 1: 0.7937  AUC @ 1: 0.8573
Test Data Eval:
  Num examples: 1856  Num correct: 1296  Precision @ 1: 0.6983  AUC @ 1: 0.7523
Step 7500: loss = 0.3660 (0.280 sec)
Training Data Eval:
  Num examples: 8960  Num correct: 8701  Precision @ 1: 0.9711  AUC @ 1: 0.9976
Validation Data Eval:
  Num examples: 960  Num correct: 759  Precision @ 1: 0.7906  AUC @ 1: 0.8671
Test Data Eval:
  Num examples: 1856  Num correct: 1308  Precision @ 1: 0.7047  AUC @ 1: 0.7680
Step 7600: loss = 0.3131 (0.271 sec)
Training Data Eval:
  Num examples: 8960  Num correct: 8763  Precision @ 1: 0.9780  AUC @ 1: 0.9984
Validation Data Eval:
  Num examples: 960  Num correct: 757  Precision @ 1: 0.7885  AUC @ 1: 0.8588
Test Data Eval:
  Num examples: 1856  Num correct: 1293  Precision @ 1: 0.6967  AUC @ 1: 0.7466
Step 7700: loss = 0.3180 (0.362 sec)
Training Data Eval:
  Num examples: 8960  Num correct: 8722  Precision @ 1: 0.9734  AUC @ 1: 0.9972
Validation Data Eval:
  Num examples: 960  Num correct: 767  Precision @ 1: 0.7990  AUC @ 1: 0.8594
Test Data Eval:
  Num examples: 1856  Num correct: 1321  Precision @ 1: 0.7117  AUC @ 1: 0.7611
Step 7800: loss = 0.4217 (0.276 sec)
Training Data Eval:
  Num examples: 8960  Num correct: 8752  Precision @ 1: 0.9768  AUC @ 1: 0.9978
Validation Data Eval:
  Num examples: 960  Num correct: 764  Precision @ 1: 0.7958  AUC @ 1: 0.8609
Test Data Eval:
  Num examples: 1856  Num correct: 1282  Precision @ 1: 0.6907  AUC @ 1: 0.7424
Step 7900: loss = 0.4388 (0.297 sec)
Training Data Eval:
  Num examples: 8960  Num correct: 8739  Precision @ 1: 0.9753  AUC @ 1: 0.9980
Validation Data Eval:
  Num examples: 960  Num correct: 770  Precision @ 1: 0.8021  AUC @ 1: 0.8703
Test Data Eval:
  Num examples: 1856  Num correct: 1290  Precision @ 1: 0.6950  AUC @ 1: 0.7579
Step 8000: loss = 0.2949 (0.268 sec)
Training Data Eval:
  Num examples: 8960  Num correct: 8693  Precision @ 1: 0.9702  AUC @ 1: 0.9982
Validation Data Eval:
  Num examples: 960  Num correct: 764  Precision @ 1: 0.7958  AUC @ 1: 0.8597
Test Data Eval:
  Num examples: 1856  Num correct: 1312  Precision @ 1: 0.7069  AUC @ 1: 0.7604
Step 8100: loss = 0.2889 (0.284 sec)
Training Data Eval:
  Num examples: 8960  Num correct: 8742  Precision @ 1: 0.9757  AUC @ 1: 0.9973
Validation Data Eval:
  Num examples: 960  Num correct: 775  Precision @ 1: 0.8073  AUC @ 1: 0.8657
Test Data Eval:
  Num examples: 1856  Num correct: 1300  Precision @ 1: 0.7004  AUC @ 1: 0.7514
Step 8200: loss = 0.2779 (0.286 sec)
Training Data Eval:
  Num examples: 8960  Num correct: 8778  Precision @ 1: 0.9797  AUC @ 1: 0.9987
Validation Data Eval:
  Num examples: 960  Num correct: 741  Precision @ 1: 0.7719  AUC @ 1: 0.8490
Test Data Eval:
  Num examples: 1856  Num correct: 1305  Precision @ 1: 0.7031  AUC @ 1: 0.7514
Step 8300: loss = 0.3409 (0.275 sec)
Training Data Eval:
  Num examples: 8960  Num correct: 8740  Precision @ 1: 0.9754  AUC @ 1: 0.9983
Validation Data Eval:
  Num examples: 960  Num correct: 742  Precision @ 1: 0.7729  AUC @ 1: 0.8565
Test Data Eval:
  Num examples: 1856  Num correct: 1280  Precision @ 1: 0.6897  AUC @ 1: 0.7467
Step 8400: loss = 0.3145 (0.384 sec)
Training Data Eval:
  Num examples: 8960  Num correct: 8826  Precision @ 1: 0.9850  AUC @ 1: 0.9990
Validation Data Eval:
  Num examples: 960  Num correct: 764  Precision @ 1: 0.7958  AUC @ 1: 0.8641
Test Data Eval:
  Num examples: 1856  Num correct: 1297  Precision @ 1: 0.6988  AUC @ 1: 0.7503
Step 8500: loss = 0.3713 (0.282 sec)
Training Data Eval:
  Num examples: 8960  Num correct: 8775  Precision @ 1: 0.9794  AUC @ 1: 0.9983
Validation Data Eval:
  Num examples: 960  Num correct: 772  Precision @ 1: 0.8042  AUC @ 1: 0.8654
Test Data Eval:
  Num examples: 1856  Num correct: 1346  Precision @ 1: 0.7252  AUC @ 1: 0.7758
Step 8600: loss = 0.4103 (0.287 sec)
Training Data Eval:
  Num examples: 8960  Num correct: 8623  Precision @ 1: 0.9624  AUC @ 1: 0.9966
Validation Data Eval:
  Num examples: 960  Num correct: 745  Precision @ 1: 0.7760  AUC @ 1: 0.8584
Test Data Eval:
  Num examples: 1856  Num correct: 1238  Precision @ 1: 0.6670  AUC @ 1: 0.7505
Step 8700: loss = 0.3159 (0.302 sec)
Training Data Eval:
  Num examples: 8960  Num correct: 8743  Precision @ 1: 0.9758  AUC @ 1: 0.9979
Validation Data Eval:
  Num examples: 960  Num correct: 754  Precision @ 1: 0.7854  AUC @ 1: 0.8604
Test Data Eval:
  Num examples: 1856  Num correct: 1294  Precision @ 1: 0.6972  AUC @ 1: 0.7673
Step 8800: loss = 0.2872 (0.303 sec)
Training Data Eval:
  Num examples: 8960  Num correct: 8792  Precision @ 1: 0.9812  AUC @ 1: 0.9987
Validation Data Eval:
  Num examples: 960  Num correct: 759  Precision @ 1: 0.7906  AUC @ 1: 0.8538
Test Data Eval:
  Num examples: 1856  Num correct: 1327  Precision @ 1: 0.7150  AUC @ 1: 0.7602
Step 8900: loss = 0.3274 (0.280 sec)
Training Data Eval:
  Num examples: 8960  Num correct: 8785  Precision @ 1: 0.9805  AUC @ 1: 0.9989
Validation Data Eval:
  Num examples: 960  Num correct: 766  Precision @ 1: 0.7979  AUC @ 1: 0.8606
Test Data Eval:
  Num examples: 1856  Num correct: 1314  Precision @ 1: 0.7080  AUC @ 1: 0.7632
Step 9000: loss = 0.3948 (0.295 sec)
Training Data Eval:
  Num examples: 8960  Num correct: 8818  Precision @ 1: 0.9842  AUC @ 1: 0.9987
Validation Data Eval:
  Num examples: 960  Num correct: 749  Precision @ 1: 0.7802  AUC @ 1: 0.8522
Test Data Eval:
  Num examples: 1856  Num correct: 1301  Precision @ 1: 0.7010  AUC @ 1: 0.7626
Step 9100: loss = 0.3743 (0.366 sec)
Training Data Eval:
  Num examples: 8960  Num correct: 8768  Precision @ 1: 0.9786  AUC @ 1: 0.9984
Validation Data Eval:
  Num examples: 960  Num correct: 765  Precision @ 1: 0.7969  AUC @ 1: 0.8618
Test Data Eval:
  Num examples: 1856  Num correct: 1301  Precision @ 1: 0.7010  AUC @ 1: 0.7460
Step 9200: loss = 0.2970 (0.297 sec)
Training Data Eval:
  Num examples: 8960  Num correct: 8771  Precision @ 1: 0.9789  AUC @ 1: 0.9983
Validation Data Eval:
  Num examples: 960  Num correct: 751  Precision @ 1: 0.7823  AUC @ 1: 0.8567
Test Data Eval:
  Num examples: 1856  Num correct: 1290  Precision @ 1: 0.6950  AUC @ 1: 0.7387
Step 9300: loss = 0.3588 (0.286 sec)
Training Data Eval:
  Num examples: 8960  Num correct: 8749  Precision @ 1: 0.9765  AUC @ 1: 0.9977
Validation Data Eval:
  Num examples: 960  Num correct: 763  Precision @ 1: 0.7948  AUC @ 1: 0.8661
Test Data Eval:
  Num examples: 1856  Num correct: 1332  Precision @ 1: 0.7177  AUC @ 1: 0.7711
Step 9400: loss = 0.3368 (0.268 sec)
Training Data Eval:
  Num examples: 8960  Num correct: 8773  Precision @ 1: 0.9791  AUC @ 1: 0.9975
Validation Data Eval:
  Num examples: 960  Num correct: 757  Precision @ 1: 0.7885  AUC @ 1: 0.8663
Test Data Eval:
  Num examples: 1856  Num correct: 1287  Precision @ 1: 0.6934  AUC @ 1: 0.7374
Step 9500: loss = 0.3234 (0.296 sec)
Training Data Eval:
  Num examples: 8960  Num correct: 8742  Precision @ 1: 0.9757  AUC @ 1: 0.9976
Validation Data Eval:
  Num examples: 960  Num correct: 765  Precision @ 1: 0.7969  AUC @ 1: 0.8655
Test Data Eval:
  Num examples: 1856  Num correct: 1298  Precision @ 1: 0.6994  AUC @ 1: 0.7530
Step 9600: loss = 0.3170 (0.273 sec)
Training Data Eval:
  Num examples: 8960  Num correct: 8773  Precision @ 1: 0.9791  AUC @ 1: 0.9980
Validation Data Eval:
  Num examples: 960  Num correct: 754  Precision @ 1: 0.7854  AUC @ 1: 0.8616
Test Data Eval:
  Num examples: 1856  Num correct: 1293  Precision @ 1: 0.6967  AUC @ 1: 0.7503
Step 9700: loss = 0.3460 (0.296 sec)
Training Data Eval:
  Num examples: 8960  Num correct: 8666  Precision @ 1: 0.9672  AUC @ 1: 0.9983
Validation Data Eval:
  Num examples: 960  Num correct: 750  Precision @ 1: 0.7812  AUC @ 1: 0.8508
Test Data Eval:
  Num examples: 1856  Num correct: 1296  Precision @ 1: 0.6983  AUC @ 1: 0.7494
Step 9800: loss = 0.3645 (0.358 sec)
Training Data Eval:
  Num examples: 8960  Num correct: 8756  Precision @ 1: 0.9772  AUC @ 1: 0.9985
Validation Data Eval:
  Num examples: 960  Num correct: 757  Precision @ 1: 0.7885  AUC @ 1: 0.8609
Test Data Eval:
  Num examples: 1856  Num correct: 1302  Precision @ 1: 0.7015  AUC @ 1: 0.7546
Step 9900: loss = 0.4790 (0.282 sec)
Training Data Eval:
  Num examples: 8960  Num correct: 8770  Precision @ 1: 0.9788  AUC @ 1: 0.9983
Validation Data Eval:
  Num examples: 960  Num correct: 758  Precision @ 1: 0.7896  AUC @ 1: 0.8490
Test Data Eval:
  Num examples: 1856  Num correct: 1302  Precision @ 1: 0.7015  AUC @ 1: 0.7509
