Training data shape: 	(10000, 64, 64, 1)
Training label shape:	(10000,)
Testing data shape:  	(1910, 64, 64, 1)
Testing label shape: 	(1910,)
max input value is: 153.458
min input value is: -104.189
random permuted training data
==============================================================================
Model: 			inference_roicnn
Tensor Name: 	Placeholder:0
[64, 64, 64, 1]
==============================================================================
Tensor Name: concat_64:0
[64, 320, 64, 1]
==============================================================================
Tensor Name: concat_129:0
[64, 320, 320, 1]
==============================================================================
Tensor Name: conv0/conv0:0
[64, 64, 64, 16]
==============================================================================
Tensor Name: concat_162:0
[64, 64, 64, 16]
==============================================================================
Tensor Name: MaxPool:0
[64, 32, 32, 16]
==============================================================================
Tensor Name: local1/local1:0
[64, 128]
==============================================================================
Tensor Name: local2/local2:0
[64, 128]
==============================================================================
Tensor Name: softmax_linear/softmax_linear:0
[64, 2]
Step 0: loss = 5.9256 (0.474 sec)
Training Data Eval:
  Num examples: 8960  Num correct: 6366  Precision @ 1: 0.7105  AUC @ 1: 0.7943
Validation Data Eval:
  Num examples: 960  Num correct: 708  Precision @ 1: 0.7375  AUC @ 1: 0.7967
Test Data Eval:
  Num examples: 1856  Num correct: 1211  Precision @ 1: 0.6525  AUC @ 1: 0.7113
Step 100: loss = 5.4148 (0.399 sec)
Training Data Eval:
  Num examples: 8960  Num correct: 6670  Precision @ 1: 0.7444  AUC @ 1: 0.8076
Validation Data Eval:
  Num examples: 960  Num correct: 718  Precision @ 1: 0.7479  AUC @ 1: 0.8035
Test Data Eval:
  Num examples: 1856  Num correct: 1272  Precision @ 1: 0.6853  AUC @ 1: 0.7221
Step 200: loss = 4.9741 (0.398 sec)
Training Data Eval:
  Num examples: 8960  Num correct: 7043  Precision @ 1: 0.7860  AUC @ 1: 0.8481
Validation Data Eval:
  Num examples: 960  Num correct: 739  Precision @ 1: 0.7698  AUC @ 1: 0.8374
Test Data Eval:
  Num examples: 1856  Num correct: 1308  Precision @ 1: 0.7047  AUC @ 1: 0.7538
Step 300: loss = 4.6614 (0.414 sec)
Training Data Eval:
  Num examples: 8960  Num correct: 6905  Precision @ 1: 0.7706  AUC @ 1: 0.8601
Validation Data Eval:
  Num examples: 960  Num correct: 721  Precision @ 1: 0.7510  AUC @ 1: 0.8500
Test Data Eval:
  Num examples: 1856  Num correct: 1249  Precision @ 1: 0.6730  AUC @ 1: 0.7730
Step 400: loss = 4.2390 (0.413 sec)
Training Data Eval:
  Num examples: 8960  Num correct: 6980  Precision @ 1: 0.7790  AUC @ 1: 0.8713
Validation Data Eval:
  Num examples: 960  Num correct: 746  Precision @ 1: 0.7771  AUC @ 1: 0.8601
Test Data Eval:
  Num examples: 1856  Num correct: 1294  Precision @ 1: 0.6972  AUC @ 1: 0.7578
Step 500: loss = 3.9979 (0.385 sec)
Training Data Eval:
  Num examples: 8960  Num correct: 7280  Precision @ 1: 0.8125  AUC @ 1: 0.8937
Validation Data Eval:
  Num examples: 960  Num correct: 767  Precision @ 1: 0.7990  AUC @ 1: 0.8780
Test Data Eval:
  Num examples: 1856  Num correct: 1329  Precision @ 1: 0.7161  AUC @ 1: 0.7511
Step 600: loss = 3.7056 (0.431 sec)
Training Data Eval:
  Num examples: 8960  Num correct: 7422  Precision @ 1: 0.8283  AUC @ 1: 0.9043
Validation Data Eval:
  Num examples: 960  Num correct: 778  Precision @ 1: 0.8104  AUC @ 1: 0.8894
Test Data Eval:
  Num examples: 1856  Num correct: 1319  Precision @ 1: 0.7107  AUC @ 1: 0.7547
Step 700: loss = 3.3782 (0.478 sec)
Training Data Eval:
  Num examples: 8960  Num correct: 7413  Precision @ 1: 0.8273  AUC @ 1: 0.9057
Validation Data Eval:
  Num examples: 960  Num correct: 768  Precision @ 1: 0.8000  AUC @ 1: 0.8800
Test Data Eval:
  Num examples: 1856  Num correct: 1304  Precision @ 1: 0.7026  AUC @ 1: 0.7556
Step 800: loss = 3.1401 (0.399 sec)
Training Data Eval:
  Num examples: 8960  Num correct: 7464  Precision @ 1: 0.8330  AUC @ 1: 0.9097
Validation Data Eval:
  Num examples: 960  Num correct: 777  Precision @ 1: 0.8094  AUC @ 1: 0.8896
Test Data Eval:
  Num examples: 1856  Num correct: 1346  Precision @ 1: 0.7252  AUC @ 1: 0.7666
Step 900: loss = 2.8674 (0.424 sec)
Training Data Eval:
  Num examples: 8960  Num correct: 7529  Precision @ 1: 0.8403  AUC @ 1: 0.9260
Validation Data Eval:
  Num examples: 960  Num correct: 776  Precision @ 1: 0.8083  AUC @ 1: 0.8903
Test Data Eval:
  Num examples: 1856  Num correct: 1219  Precision @ 1: 0.6568  AUC @ 1: 0.7641
Step 1000: loss = 2.8347 (0.386 sec)
Training Data Eval:
  Num examples: 8960  Num correct: 7709  Precision @ 1: 0.8604  AUC @ 1: 0.9356
Validation Data Eval:
  Num examples: 960  Num correct: 775  Precision @ 1: 0.8073  AUC @ 1: 0.8969
Test Data Eval:
  Num examples: 1856  Num correct: 1352  Precision @ 1: 0.7284  AUC @ 1: 0.7808
Step 1100: loss = 2.5517 (0.403 sec)
Training Data Eval:
  Num examples: 8960  Num correct: 7672  Precision @ 1: 0.8562  AUC @ 1: 0.9371
Validation Data Eval:
  Num examples: 960  Num correct: 776  Precision @ 1: 0.8083  AUC @ 1: 0.9001
Test Data Eval:
  Num examples: 1856  Num correct: 1340  Precision @ 1: 0.7220  AUC @ 1: 0.7657
Step 1200: loss = 2.2543 (0.389 sec)
Training Data Eval:
  Num examples: 8960  Num correct: 7785  Precision @ 1: 0.8689  AUC @ 1: 0.9422
Validation Data Eval:
  Num examples: 960  Num correct: 787  Precision @ 1: 0.8198  AUC @ 1: 0.8950
Test Data Eval:
  Num examples: 1856  Num correct: 1316  Precision @ 1: 0.7091  AUC @ 1: 0.7596
Step 1300: loss = 2.1837 (0.408 sec)
Training Data Eval:
  Num examples: 8960  Num correct: 7555  Precision @ 1: 0.8432  AUC @ 1: 0.9455
Validation Data Eval:
  Num examples: 960  Num correct: 737  Precision @ 1: 0.7677  AUC @ 1: 0.8873
Test Data Eval:
  Num examples: 1856  Num correct: 1129  Precision @ 1: 0.6083  AUC @ 1: 0.7534
Step 1400: loss = 2.0373 (0.489 sec)
Training Data Eval:
  Num examples: 8960  Num correct: 7963  Precision @ 1: 0.8887  AUC @ 1: 0.9580
Validation Data Eval:
  Num examples: 960  Num correct: 784  Precision @ 1: 0.8167  AUC @ 1: 0.8994
Test Data Eval:
  Num examples: 1856  Num correct: 1351  Precision @ 1: 0.7279  AUC @ 1: 0.7687
Step 1500: loss = 1.9887 (0.412 sec)
Training Data Eval:
  Num examples: 8960  Num correct: 7810  Precision @ 1: 0.8717  AUC @ 1: 0.9515
Validation Data Eval:
  Num examples: 960  Num correct: 789  Precision @ 1: 0.8219  AUC @ 1: 0.8874
Test Data Eval:
  Num examples: 1856  Num correct: 1336  Precision @ 1: 0.7198  AUC @ 1: 0.7458
Step 1600: loss = 1.8302 (0.401 sec)
Training Data Eval:
  Num examples: 8960  Num correct: 8158  Precision @ 1: 0.9105  AUC @ 1: 0.9683
Validation Data Eval:
  Num examples: 960  Num correct: 791  Precision @ 1: 0.8240  AUC @ 1: 0.8927
Test Data Eval:
  Num examples: 1856  Num correct: 1292  Precision @ 1: 0.6961  AUC @ 1: 0.7736
Step 1700: loss = 1.7680 (0.369 sec)
Training Data Eval:
  Num examples: 8960  Num correct: 7947  Precision @ 1: 0.8869  AUC @ 1: 0.9708
Validation Data Eval:
  Num examples: 960  Num correct: 777  Precision @ 1: 0.8094  AUC @ 1: 0.8966
Test Data Eval:
  Num examples: 1856  Num correct: 1350  Precision @ 1: 0.7274  AUC @ 1: 0.7811
Step 1800: loss = 1.6910 (0.403 sec)
Training Data Eval:
  Num examples: 8960  Num correct: 8196  Precision @ 1: 0.9147  AUC @ 1: 0.9709
Validation Data Eval:
  Num examples: 960  Num correct: 779  Precision @ 1: 0.8115  AUC @ 1: 0.9007
Test Data Eval:
  Num examples: 1856  Num correct: 1308  Precision @ 1: 0.7047  AUC @ 1: 0.7824
Step 1900: loss = 1.6205 (0.392 sec)
Training Data Eval:
  Num examples: 8960  Num correct: 8190  Precision @ 1: 0.9141  AUC @ 1: 0.9721
Validation Data Eval:
  Num examples: 960  Num correct: 794  Precision @ 1: 0.8271  AUC @ 1: 0.8950
Test Data Eval:
  Num examples: 1856  Num correct: 1323  Precision @ 1: 0.7128  AUC @ 1: 0.7789
Step 2000: loss = 1.4166 (0.395 sec)
Training Data Eval:
  Num examples: 8960  Num correct: 8356  Precision @ 1: 0.9326  AUC @ 1: 0.9821
Validation Data Eval:
  Num examples: 960  Num correct: 776  Precision @ 1: 0.8083  AUC @ 1: 0.8954
Test Data Eval:
  Num examples: 1856  Num correct: 1309  Precision @ 1: 0.7053  AUC @ 1: 0.7681
Step 2100: loss = 1.2249 (0.469 sec)
Training Data Eval:
  Num examples: 8960  Num correct: 8397  Precision @ 1: 0.9372  AUC @ 1: 0.9845
Validation Data Eval:
  Num examples: 960  Num correct: 783  Precision @ 1: 0.8156  AUC @ 1: 0.8940
Test Data Eval:
  Num examples: 1856  Num correct: 1310  Precision @ 1: 0.7058  AUC @ 1: 0.7710
Step 2200: loss = 1.2097 (0.402 sec)
Training Data Eval:
  Num examples: 8960  Num correct: 8365  Precision @ 1: 0.9336  AUC @ 1: 0.9835
Validation Data Eval:
  Num examples: 960  Num correct: 784  Precision @ 1: 0.8167  AUC @ 1: 0.8938
Test Data Eval:
  Num examples: 1856  Num correct: 1300  Precision @ 1: 0.7004  AUC @ 1: 0.7693
Step 2300: loss = 1.1487 (0.390 sec)
Training Data Eval:
  Num examples: 8960  Num correct: 8314  Precision @ 1: 0.9279  AUC @ 1: 0.9876
Validation Data Eval:
  Num examples: 960  Num correct: 773  Precision @ 1: 0.8052  AUC @ 1: 0.8913
Test Data Eval:
  Num examples: 1856  Num correct: 1349  Precision @ 1: 0.7268  AUC @ 1: 0.7861
Step 2400: loss = 1.1648 (0.392 sec)
Training Data Eval:
  Num examples: 8960  Num correct: 8449  Precision @ 1: 0.9430  AUC @ 1: 0.9893
Validation Data Eval:
  Num examples: 960  Num correct: 786  Precision @ 1: 0.8187  AUC @ 1: 0.8975
Test Data Eval:
  Num examples: 1856  Num correct: 1261  Precision @ 1: 0.6794  AUC @ 1: 0.7609
Step 2500: loss = 1.0670 (0.417 sec)
Training Data Eval:
  Num examples: 8960  Num correct: 8028  Precision @ 1: 0.8960  AUC @ 1: 0.9773
Validation Data Eval:
  Num examples: 960  Num correct: 726  Precision @ 1: 0.7562  AUC @ 1: 0.8795
Test Data Eval:
  Num examples: 1856  Num correct: 1170  Precision @ 1: 0.6304  AUC @ 1: 0.7665
Step 2600: loss = 1.1145 (0.391 sec)
Training Data Eval:
  Num examples: 8960  Num correct: 8501  Precision @ 1: 0.9488  AUC @ 1: 0.9906
Validation Data Eval:
  Num examples: 960  Num correct: 779  Precision @ 1: 0.8115  AUC @ 1: 0.8895
Test Data Eval:
  Num examples: 1856  Num correct: 1302  Precision @ 1: 0.7015  AUC @ 1: 0.7711
Step 2700: loss = 0.9892 (0.401 sec)
Training Data Eval:
  Num examples: 8960  Num correct: 8497  Precision @ 1: 0.9483  AUC @ 1: 0.9915
Validation Data Eval:
  Num examples: 960  Num correct: 782  Precision @ 1: 0.8146  AUC @ 1: 0.8972
Test Data Eval:
  Num examples: 1856  Num correct: 1322  Precision @ 1: 0.7123  AUC @ 1: 0.7640
Step 2800: loss = 0.8037 (0.470 sec)
Training Data Eval:
  Num examples: 8960  Num correct: 8097  Precision @ 1: 0.9037  AUC @ 1: 0.9824
Validation Data Eval:
  Num examples: 960  Num correct: 769  Precision @ 1: 0.8010  AUC @ 1: 0.8910
Test Data Eval:
  Num examples: 1856  Num correct: 1318  Precision @ 1: 0.7101  AUC @ 1: 0.7616
Step 2900: loss = 0.9140 (0.403 sec)
Training Data Eval:
  Num examples: 8960  Num correct: 8224  Precision @ 1: 0.9179  AUC @ 1: 0.9826
Validation Data Eval:
  Num examples: 960  Num correct: 742  Precision @ 1: 0.7729  AUC @ 1: 0.8747
Test Data Eval:
  Num examples: 1856  Num correct: 1153  Precision @ 1: 0.6212  AUC @ 1: 0.7439
Step 3000: loss = 0.8840 (0.388 sec)
Training Data Eval:
  Num examples: 8960  Num correct: 8659  Precision @ 1: 0.9664  AUC @ 1: 0.9964
Validation Data Eval:
  Num examples: 960  Num correct: 785  Precision @ 1: 0.8177  AUC @ 1: 0.8937
Test Data Eval:
  Num examples: 1856  Num correct: 1333  Precision @ 1: 0.7182  AUC @ 1: 0.7769
Step 3100: loss = 0.7065 (0.404 sec)
Training Data Eval:
  Num examples: 8960  Num correct: 8731  Precision @ 1: 0.9744  AUC @ 1: 0.9972
Validation Data Eval:
  Num examples: 960  Num correct: 789  Precision @ 1: 0.8219  AUC @ 1: 0.8910
Test Data Eval:
  Num examples: 1856  Num correct: 1309  Precision @ 1: 0.7053  AUC @ 1: 0.7749
Step 3200: loss = 0.6706 (0.401 sec)
Training Data Eval:
  Num examples: 8960  Num correct: 8601  Precision @ 1: 0.9599  AUC @ 1: 0.9948
Validation Data Eval:
  Num examples: 960  Num correct: 789  Precision @ 1: 0.8219  AUC @ 1: 0.8861
Test Data Eval:
  Num examples: 1856  Num correct: 1348  Precision @ 1: 0.7263  AUC @ 1: 0.7742
Step 3300: loss = 0.7047 (0.385 sec)
Training Data Eval:
  Num examples: 8960  Num correct: 8501  Precision @ 1: 0.9488  AUC @ 1: 0.9926
Validation Data Eval:
  Num examples: 960  Num correct: 756  Precision @ 1: 0.7875  AUC @ 1: 0.8815
Test Data Eval:
  Num examples: 1856  Num correct: 1233  Precision @ 1: 0.6643  AUC @ 1: 0.7598
Step 3400: loss = 0.6460 (0.387 sec)
Training Data Eval:
  Num examples: 8960  Num correct: 8665  Precision @ 1: 0.9671  AUC @ 1: 0.9975
Validation Data Eval:
  Num examples: 960  Num correct: 780  Precision @ 1: 0.8125  AUC @ 1: 0.8920
Test Data Eval:
  Num examples: 1856  Num correct: 1311  Precision @ 1: 0.7064  AUC @ 1: 0.7651
Step 3500: loss = 0.6545 (0.478 sec)
Training Data Eval:
  Num examples: 8960  Num correct: 8658  Precision @ 1: 0.9663  AUC @ 1: 0.9969
Validation Data Eval:
  Num examples: 960  Num correct: 789  Precision @ 1: 0.8219  AUC @ 1: 0.8842
Test Data Eval:
  Num examples: 1856  Num correct: 1319  Precision @ 1: 0.7107  AUC @ 1: 0.7722
Step 3600: loss = 0.5723 (0.395 sec)
Training Data Eval:
  Num examples: 8960  Num correct: 8647  Precision @ 1: 0.9651  AUC @ 1: 0.9954
Validation Data Eval:
  Num examples: 960  Num correct: 758  Precision @ 1: 0.7896  AUC @ 1: 0.8772
Test Data Eval:
  Num examples: 1856  Num correct: 1250  Precision @ 1: 0.6735  AUC @ 1: 0.7602
Step 3700: loss = 0.6311 (0.401 sec)
Training Data Eval:
  Num examples: 8960  Num correct: 8562  Precision @ 1: 0.9556  AUC @ 1: 0.9942
Validation Data Eval:
  Num examples: 960  Num correct: 758  Precision @ 1: 0.7896  AUC @ 1: 0.8802
Test Data Eval:
  Num examples: 1856  Num correct: 1277  Precision @ 1: 0.6880  AUC @ 1: 0.7710
Step 3800: loss = 0.6749 (0.415 sec)
Training Data Eval:
  Num examples: 8960  Num correct: 8725  Precision @ 1: 0.9738  AUC @ 1: 0.9975
Validation Data Eval:
  Num examples: 960  Num correct: 769  Precision @ 1: 0.8010  AUC @ 1: 0.8802
Test Data Eval:
  Num examples: 1856  Num correct: 1324  Precision @ 1: 0.7134  AUC @ 1: 0.7753
Step 3900: loss = 0.6526 (0.407 sec)
Training Data Eval:
  Num examples: 8960  Num correct: 8587  Precision @ 1: 0.9584  AUC @ 1: 0.9941
Validation Data Eval:
  Num examples: 960  Num correct: 783  Precision @ 1: 0.8156  AUC @ 1: 0.8847
Test Data Eval:
  Num examples: 1856  Num correct: 1302  Precision @ 1: 0.7015  AUC @ 1: 0.7766
Step 4000: loss = 0.5041 (0.379 sec)
Training Data Eval:
  Num examples: 8960  Num correct: 8656  Precision @ 1: 0.9661  AUC @ 1: 0.9961
Validation Data Eval:
  Num examples: 960  Num correct: 780  Precision @ 1: 0.8125  AUC @ 1: 0.8848
Test Data Eval:
  Num examples: 1856  Num correct: 1299  Precision @ 1: 0.6999  AUC @ 1: 0.7625
Step 4100: loss = 0.4678 (0.419 sec)
Training Data Eval:
  Num examples: 8960  Num correct: 8673  Precision @ 1: 0.9680  AUC @ 1: 0.9979
Validation Data Eval:
  Num examples: 960  Num correct: 786  Precision @ 1: 0.8187  AUC @ 1: 0.8909
Test Data Eval:
  Num examples: 1856  Num correct: 1312  Precision @ 1: 0.7069  AUC @ 1: 0.7671
Step 4200: loss = 0.4450 (0.468 sec)
Training Data Eval:
  Num examples: 8960  Num correct: 8622  Precision @ 1: 0.9623  AUC @ 1: 0.9974
Validation Data Eval:
  Num examples: 960  Num correct: 768  Precision @ 1: 0.8000  AUC @ 1: 0.8895
Test Data Eval:
  Num examples: 1856  Num correct: 1328  Precision @ 1: 0.7155  AUC @ 1: 0.7719
Step 4300: loss = 0.5888 (0.393 sec)
Training Data Eval:
  Num examples: 8960  Num correct: 8677  Precision @ 1: 0.9684  AUC @ 1: 0.9969
Validation Data Eval:
  Num examples: 960  Num correct: 792  Precision @ 1: 0.8250  AUC @ 1: 0.8943
Test Data Eval:
  Num examples: 1856  Num correct: 1324  Precision @ 1: 0.7134  AUC @ 1: 0.7743
Step 4400: loss = 0.4977 (0.385 sec)
Training Data Eval:
  Num examples: 8960  Num correct: 8714  Precision @ 1: 0.9725  AUC @ 1: 0.9979
Validation Data Eval:
  Num examples: 960  Num correct: 774  Precision @ 1: 0.8063  AUC @ 1: 0.8879
Test Data Eval:
  Num examples: 1856  Num correct: 1293  Precision @ 1: 0.6967  AUC @ 1: 0.7682
Step 4500: loss = 0.4194 (0.399 sec)
Training Data Eval:
  Num examples: 8960  Num correct: 8767  Precision @ 1: 0.9785  AUC @ 1: 0.9986
Validation Data Eval:
  Num examples: 960  Num correct: 781  Precision @ 1: 0.8135  AUC @ 1: 0.8912
Test Data Eval:
  Num examples: 1856  Num correct: 1310  Precision @ 1: 0.7058  AUC @ 1: 0.7780
Step 4600: loss = 0.3912 (0.397 sec)
Training Data Eval:
  Num examples: 8960  Num correct: 8673  Precision @ 1: 0.9680  AUC @ 1: 0.9968
Validation Data Eval:
  Num examples: 960  Num correct: 781  Precision @ 1: 0.8135  AUC @ 1: 0.8885
Test Data Eval:
  Num examples: 1856  Num correct: 1241  Precision @ 1: 0.6686  AUC @ 1: 0.7500
Step 4700: loss = 0.4677 (0.410 sec)
Training Data Eval:
  Num examples: 8960  Num correct: 8670  Precision @ 1: 0.9676  AUC @ 1: 0.9960
Validation Data Eval:
  Num examples: 960  Num correct: 772  Precision @ 1: 0.8042  AUC @ 1: 0.8785
Test Data Eval:
  Num examples: 1856  Num correct: 1251  Precision @ 1: 0.6740  AUC @ 1: 0.7590
Step 4800: loss = 0.4409 (0.405 sec)
Training Data Eval:
  Num examples: 8960  Num correct: 8749  Precision @ 1: 0.9765  AUC @ 1: 0.9980
Validation Data Eval:
  Num examples: 960  Num correct: 776  Precision @ 1: 0.8083  AUC @ 1: 0.8882
Test Data Eval:
  Num examples: 1856  Num correct: 1249  Precision @ 1: 0.6730  AUC @ 1: 0.7554
Step 4900: loss = 0.4068 (0.474 sec)
Training Data Eval:
  Num examples: 8960  Num correct: 8716  Precision @ 1: 0.9728  AUC @ 1: 0.9964
Validation Data Eval:
  Num examples: 960  Num correct: 785  Precision @ 1: 0.8177  AUC @ 1: 0.8913
Test Data Eval:
  Num examples: 1856  Num correct: 1290  Precision @ 1: 0.6950  AUC @ 1: 0.7661
Step 5000: loss = 0.3671 (0.383 sec)
Training Data Eval:
  Num examples: 8960  Num correct: 8689  Precision @ 1: 0.9698  AUC @ 1: 0.9973
Validation Data Eval:
  Num examples: 960  Num correct: 776  Precision @ 1: 0.8083  AUC @ 1: 0.8832
Test Data Eval:
  Num examples: 1856  Num correct: 1182  Precision @ 1: 0.6369  AUC @ 1: 0.7345
Step 5100: loss = 0.3781 (0.399 sec)
Training Data Eval:
  Num examples: 8960  Num correct: 8732  Precision @ 1: 0.9746  AUC @ 1: 0.9979
Validation Data Eval:
  Num examples: 960  Num correct: 763  Precision @ 1: 0.7948  AUC @ 1: 0.8818
Test Data Eval:
  Num examples: 1856  Num correct: 1257  Precision @ 1: 0.6773  AUC @ 1: 0.7570
Step 5200: loss = 0.3585 (0.374 sec)
Training Data Eval:
  Num examples: 8960  Num correct: 8724  Precision @ 1: 0.9737  AUC @ 1: 0.9974
Validation Data Eval:
  Num examples: 960  Num correct: 767  Precision @ 1: 0.7990  AUC @ 1: 0.8798
Test Data Eval:
  Num examples: 1856  Num correct: 1233  Precision @ 1: 0.6643  AUC @ 1: 0.7532
Step 5300: loss = 0.4413 (0.387 sec)
Training Data Eval:
  Num examples: 8960  Num correct: 8782  Precision @ 1: 0.9801  AUC @ 1: 0.9987
Validation Data Eval:
  Num examples: 960  Num correct: 772  Precision @ 1: 0.8042  AUC @ 1: 0.8880
Test Data Eval:
  Num examples: 1856  Num correct: 1293  Precision @ 1: 0.6967  AUC @ 1: 0.7628
Step 5400: loss = 0.3999 (0.375 sec)
Training Data Eval:
  Num examples: 8960  Num correct: 8714  Precision @ 1: 0.9725  AUC @ 1: 0.9975
Validation Data Eval:
  Num examples: 960  Num correct: 775  Precision @ 1: 0.8073  AUC @ 1: 0.8818
Test Data Eval:
  Num examples: 1856  Num correct: 1300  Precision @ 1: 0.7004  AUC @ 1: 0.7558
Step 5500: loss = 0.4994 (0.404 sec)
Training Data Eval:
  Num examples: 8960  Num correct: 8732  Precision @ 1: 0.9746  AUC @ 1: 0.9977
Validation Data Eval:
  Num examples: 960  Num correct: 777  Precision @ 1: 0.8094  AUC @ 1: 0.8851
Test Data Eval:
  Num examples: 1856  Num correct: 1211  Precision @ 1: 0.6525  AUC @ 1: 0.7497
Step 5600: loss = 0.3770 (0.452 sec)
Training Data Eval:
  Num examples: 8960  Num correct: 8767  Precision @ 1: 0.9785  AUC @ 1: 0.9984
Validation Data Eval:
  Num examples: 960  Num correct: 769  Precision @ 1: 0.8010  AUC @ 1: 0.8814
Test Data Eval:
  Num examples: 1856  Num correct: 1287  Precision @ 1: 0.6934  AUC @ 1: 0.7641
Step 5700: loss = 0.3513 (0.393 sec)
Training Data Eval:
  Num examples: 8960  Num correct: 8729  Precision @ 1: 0.9742  AUC @ 1: 0.9982
Validation Data Eval:
  Num examples: 960  Num correct: 770  Precision @ 1: 0.8021  AUC @ 1: 0.8856
Test Data Eval:
  Num examples: 1856  Num correct: 1271  Precision @ 1: 0.6848  AUC @ 1: 0.7452
Step 5800: loss = 0.4310 (0.378 sec)
Training Data Eval:
  Num examples: 8960  Num correct: 8781  Precision @ 1: 0.9800  AUC @ 1: 0.9988
Validation Data Eval:
  Num examples: 960  Num correct: 776  Precision @ 1: 0.8083  AUC @ 1: 0.8864
Test Data Eval:
  Num examples: 1856  Num correct: 1252  Precision @ 1: 0.6746  AUC @ 1: 0.7478
Step 5900: loss = 0.3167 (0.383 sec)
Training Data Eval:
  Num examples: 8960  Num correct: 8783  Precision @ 1: 0.9802  AUC @ 1: 0.9986
Validation Data Eval:
  Num examples: 960  Num correct: 781  Precision @ 1: 0.8135  AUC @ 1: 0.8876
Test Data Eval:
  Num examples: 1856  Num correct: 1248  Precision @ 1: 0.6724  AUC @ 1: 0.7499
Step 6000: loss = 0.3651 (0.385 sec)
Training Data Eval:
  Num examples: 8960  Num correct: 8755  Precision @ 1: 0.9771  AUC @ 1: 0.9983
Validation Data Eval:
  Num examples: 960  Num correct: 779  Precision @ 1: 0.8115  AUC @ 1: 0.8906
Test Data Eval:
  Num examples: 1856  Num correct: 1287  Precision @ 1: 0.6934  AUC @ 1: 0.7574
Step 6100: loss = 0.4000 (0.403 sec)
Training Data Eval:
  Num examples: 8960  Num correct: 8766  Precision @ 1: 0.9783  AUC @ 1: 0.9986
Validation Data Eval:
  Num examples: 960  Num correct: 784  Precision @ 1: 0.8167  AUC @ 1: 0.8862
Test Data Eval:
  Num examples: 1856  Num correct: 1256  Precision @ 1: 0.6767  AUC @ 1: 0.7530
Step 6200: loss = 0.3781 (0.415 sec)
Training Data Eval:
  Num examples: 8960  Num correct: 8689  Precision @ 1: 0.9698  AUC @ 1: 0.9981
Validation Data Eval:
  Num examples: 960  Num correct: 760  Precision @ 1: 0.7917  AUC @ 1: 0.8762
Test Data Eval:
  Num examples: 1856  Num correct: 1316  Precision @ 1: 0.7091  AUC @ 1: 0.7512
Step 6300: loss = 0.4580 (0.464 sec)
Training Data Eval:
  Num examples: 8960  Num correct: 8754  Precision @ 1: 0.9770  AUC @ 1: 0.9988
Validation Data Eval:
  Num examples: 960  Num correct: 772  Precision @ 1: 0.8042  AUC @ 1: 0.8798
Test Data Eval:
  Num examples: 1856  Num correct: 1300  Precision @ 1: 0.7004  AUC @ 1: 0.7571
Step 6400: loss = 0.4052 (0.388 sec)
Training Data Eval:
  Num examples: 8960  Num correct: 8761  Precision @ 1: 0.9778  AUC @ 1: 0.9982
Validation Data Eval:
  Num examples: 960  Num correct: 766  Precision @ 1: 0.7979  AUC @ 1: 0.8807
Test Data Eval:
  Num examples: 1856  Num correct: 1294  Precision @ 1: 0.6972  AUC @ 1: 0.7625
Step 6500: loss = 0.4125 (0.412 sec)
Training Data Eval:
  Num examples: 8960  Num correct: 8633  Precision @ 1: 0.9635  AUC @ 1: 0.9978
Validation Data Eval:
  Num examples: 960  Num correct: 760  Precision @ 1: 0.7917  AUC @ 1: 0.8802
Test Data Eval:
  Num examples: 1856  Num correct: 1308  Precision @ 1: 0.7047  AUC @ 1: 0.7485
Step 6600: loss = 0.3686 (0.392 sec)
Training Data Eval:
  Num examples: 8960  Num correct: 8658  Precision @ 1: 0.9663  AUC @ 1: 0.9974
Validation Data Eval:
  Num examples: 960  Num correct: 774  Precision @ 1: 0.8063  AUC @ 1: 0.8799
Test Data Eval:
  Num examples: 1856  Num correct: 1284  Precision @ 1: 0.6918  AUC @ 1: 0.7490
Step 6700: loss = 0.4766 (0.387 sec)
Training Data Eval:
  Num examples: 8960  Num correct: 8743  Precision @ 1: 0.9758  AUC @ 1: 0.9982
Validation Data Eval:
  Num examples: 960  Num correct: 768  Precision @ 1: 0.8000  AUC @ 1: 0.8790
Test Data Eval:
  Num examples: 1856  Num correct: 1253  Precision @ 1: 0.6751  AUC @ 1: 0.7454
Step 6800: loss = 0.4407 (0.387 sec)
Training Data Eval:
  Num examples: 8960  Num correct: 8735  Precision @ 1: 0.9749  AUC @ 1: 0.9974
Validation Data Eval:
  Num examples: 960  Num correct: 777  Precision @ 1: 0.8094  AUC @ 1: 0.8838
Test Data Eval:
  Num examples: 1856  Num correct: 1231  Precision @ 1: 0.6633  AUC @ 1: 0.7406
Step 6900: loss = 0.3771 (0.405 sec)
Training Data Eval:
  Num examples: 8960  Num correct: 8771  Precision @ 1: 0.9789  AUC @ 1: 0.9987
Validation Data Eval:
  Num examples: 960  Num correct: 769  Precision @ 1: 0.8010  AUC @ 1: 0.8808
Test Data Eval:
  Num examples: 1856  Num correct: 1281  Precision @ 1: 0.6902  AUC @ 1: 0.7416
Step 7000: loss = 0.3103 (0.459 sec)
Training Data Eval:
  Num examples: 8960  Num correct: 8825  Precision @ 1: 0.9849  AUC @ 1: 0.9990
Validation Data Eval:
  Num examples: 960  Num correct: 751  Precision @ 1: 0.7823  AUC @ 1: 0.8718
Test Data Eval:
  Num examples: 1856  Num correct: 1264  Precision @ 1: 0.6810  AUC @ 1: 0.7506
Step 7100: loss = 0.4682 (0.403 sec)
Training Data Eval:
  Num examples: 8960  Num correct: 8718  Precision @ 1: 0.9730  AUC @ 1: 0.9976
Validation Data Eval:
  Num examples: 960  Num correct: 752  Precision @ 1: 0.7833  AUC @ 1: 0.8776
Test Data Eval:
  Num examples: 1856  Num correct: 1252  Precision @ 1: 0.6746  AUC @ 1: 0.7556
Step 7200: loss = 0.3928 (0.396 sec)
Training Data Eval:
  Num examples: 8960  Num correct: 8825  Precision @ 1: 0.9849  AUC @ 1: 0.9992
Validation Data Eval:
  Num examples: 960  Num correct: 774  Precision @ 1: 0.8063  AUC @ 1: 0.8851
Test Data Eval:
  Num examples: 1856  Num correct: 1288  Precision @ 1: 0.6940  AUC @ 1: 0.7607
Step 7300: loss = 0.2970 (0.414 sec)
Training Data Eval:
  Num examples: 8960  Num correct: 8849  Precision @ 1: 0.9876  AUC @ 1: 0.9995
Validation Data Eval:
  Num examples: 960  Num correct: 785  Precision @ 1: 0.8177  AUC @ 1: 0.8815
Test Data Eval:
  Num examples: 1856  Num correct: 1308  Precision @ 1: 0.7047  AUC @ 1: 0.7689
Step 7400: loss = 0.2605 (0.391 sec)
Training Data Eval:
  Num examples: 8960  Num correct: 8766  Precision @ 1: 0.9783  AUC @ 1: 0.9987
Validation Data Eval:
  Num examples: 960  Num correct: 778  Precision @ 1: 0.8104  AUC @ 1: 0.8785
Test Data Eval:
  Num examples: 1856  Num correct: 1284  Precision @ 1: 0.6918  AUC @ 1: 0.7591
Step 7500: loss = 0.2930 (0.401 sec)
Training Data Eval:
  Num examples: 8960  Num correct: 8788  Precision @ 1: 0.9808  AUC @ 1: 0.9985
Validation Data Eval:
  Num examples: 960  Num correct: 772  Precision @ 1: 0.8042  AUC @ 1: 0.8763
Test Data Eval:
  Num examples: 1856  Num correct: 1307  Precision @ 1: 0.7042  AUC @ 1: 0.7538
Step 7600: loss = 0.3110 (0.396 sec)
Training Data Eval:
  Num examples: 8960  Num correct: 8785  Precision @ 1: 0.9805  AUC @ 1: 0.9974
Validation Data Eval:
  Num examples: 960  Num correct: 771  Precision @ 1: 0.8031  AUC @ 1: 0.8799
Test Data Eval:
  Num examples: 1856  Num correct: 1288  Precision @ 1: 0.6940  AUC @ 1: 0.7626
Step 7700: loss = 0.3276 (0.464 sec)
Training Data Eval:
  Num examples: 8960  Num correct: 8790  Precision @ 1: 0.9810  AUC @ 1: 0.9989
Validation Data Eval:
  Num examples: 960  Num correct: 770  Precision @ 1: 0.8021  AUC @ 1: 0.8771
Test Data Eval:
  Num examples: 1856  Num correct: 1282  Precision @ 1: 0.6907  AUC @ 1: 0.7576
Step 7800: loss = 0.3661 (0.378 sec)
Training Data Eval:
  Num examples: 8960  Num correct: 8712  Precision @ 1: 0.9723  AUC @ 1: 0.9988
Validation Data Eval:
  Num examples: 960  Num correct: 772  Precision @ 1: 0.8042  AUC @ 1: 0.8752
Test Data Eval:
  Num examples: 1856  Num correct: 1313  Precision @ 1: 0.7074  AUC @ 1: 0.7574
Step 7900: loss = 0.2880 (0.396 sec)
Training Data Eval:
  Num examples: 8960  Num correct: 8803  Precision @ 1: 0.9825  AUC @ 1: 0.9992
Validation Data Eval:
  Num examples: 960  Num correct: 756  Precision @ 1: 0.7875  AUC @ 1: 0.8761
Test Data Eval:
  Num examples: 1856  Num correct: 1269  Precision @ 1: 0.6837  AUC @ 1: 0.7529
Step 8000: loss = 0.2995 (0.422 sec)
Training Data Eval:
  Num examples: 8960  Num correct: 8823  Precision @ 1: 0.9847  AUC @ 1: 0.9991
Validation Data Eval:
  Num examples: 960  Num correct: 765  Precision @ 1: 0.7969  AUC @ 1: 0.8731
Test Data Eval:
  Num examples: 1856  Num correct: 1269  Precision @ 1: 0.6837  AUC @ 1: 0.7597
Step 8100: loss = 0.3279 (0.413 sec)
Training Data Eval:
  Num examples: 8960  Num correct: 8826  Precision @ 1: 0.9850  AUC @ 1: 0.9992
Validation Data Eval:
  Num examples: 960  Num correct: 783  Precision @ 1: 0.8156  AUC @ 1: 0.8813
Test Data Eval:
  Num examples: 1856  Num correct: 1261  Precision @ 1: 0.6794  AUC @ 1: 0.7514
Step 8200: loss = 0.3413 (0.383 sec)
Training Data Eval:
  Num examples: 8960  Num correct: 8652  Precision @ 1: 0.9656  AUC @ 1: 0.9975
Validation Data Eval:
  Num examples: 960  Num correct: 759  Precision @ 1: 0.7906  AUC @ 1: 0.8724
Test Data Eval:
  Num examples: 1856  Num correct: 1328  Precision @ 1: 0.7155  AUC @ 1: 0.7629
Step 8300: loss = 0.4665 (0.386 sec)
Training Data Eval:
  Num examples: 8960  Num correct: 8834  Precision @ 1: 0.9859  AUC @ 1: 0.9993
Validation Data Eval:
  Num examples: 960  Num correct: 755  Precision @ 1: 0.7865  AUC @ 1: 0.8733
Test Data Eval:
  Num examples: 1856  Num correct: 1287  Precision @ 1: 0.6934  AUC @ 1: 0.7624
Step 8400: loss = 0.3321 (0.456 sec)
Training Data Eval:
  Num examples: 8960  Num correct: 8719  Precision @ 1: 0.9731  AUC @ 1: 0.9976
Validation Data Eval:
  Num examples: 960  Num correct: 772  Precision @ 1: 0.8042  AUC @ 1: 0.8796
Test Data Eval:
  Num examples: 1856  Num correct: 1273  Precision @ 1: 0.6859  AUC @ 1: 0.7517
Step 8500: loss = 0.3121 (0.379 sec)
Training Data Eval:
  Num examples: 8960  Num correct: 8829  Precision @ 1: 0.9854  AUC @ 1: 0.9993
Validation Data Eval:
  Num examples: 960  Num correct: 762  Precision @ 1: 0.7937  AUC @ 1: 0.8751
Test Data Eval:
  Num examples: 1856  Num correct: 1291  Precision @ 1: 0.6956  AUC @ 1: 0.7590
Step 8600: loss = 0.3516 (0.395 sec)
Training Data Eval:
  Num examples: 8960  Num correct: 8817  Precision @ 1: 0.9840  AUC @ 1: 0.9992
Validation Data Eval:
  Num examples: 960  Num correct: 770  Precision @ 1: 0.8021  AUC @ 1: 0.8872
Test Data Eval:
  Num examples: 1856  Num correct: 1295  Precision @ 1: 0.6977  AUC @ 1: 0.7564
Step 8700: loss = 0.3290 (0.387 sec)
Training Data Eval:
  Num examples: 8960  Num correct: 8718  Precision @ 1: 0.9730  AUC @ 1: 0.9991
Validation Data Eval:
  Num examples: 960  Num correct: 764  Precision @ 1: 0.7958  AUC @ 1: 0.8845
Test Data Eval:
  Num examples: 1856  Num correct: 1315  Precision @ 1: 0.7085  AUC @ 1: 0.7367
Step 8800: loss = 0.3551 (0.409 sec)
Training Data Eval:
  Num examples: 8960  Num correct: 8723  Precision @ 1: 0.9735  AUC @ 1: 0.9984
Validation Data Eval:
  Num examples: 960  Num correct: 769  Precision @ 1: 0.8010  AUC @ 1: 0.8770
Test Data Eval:
  Num examples: 1856  Num correct: 1225  Precision @ 1: 0.6600  AUC @ 1: 0.7409
Step 8900: loss = 0.2767 (0.394 sec)
Training Data Eval:
  Num examples: 8960  Num correct: 8799  Precision @ 1: 0.9820  AUC @ 1: 0.9990
Validation Data Eval:
  Num examples: 960  Num correct: 768  Precision @ 1: 0.8000  AUC @ 1: 0.8753
Test Data Eval:
  Num examples: 1856  Num correct: 1294  Precision @ 1: 0.6972  AUC @ 1: 0.7576
Step 9000: loss = 0.3509 (0.392 sec)
Training Data Eval:
  Num examples: 8960  Num correct: 8705  Precision @ 1: 0.9715  AUC @ 1: 0.9986
Validation Data Eval:
  Num examples: 960  Num correct: 759  Precision @ 1: 0.7906  AUC @ 1: 0.8807
Test Data Eval:
  Num examples: 1856  Num correct: 1314  Precision @ 1: 0.7080  AUC @ 1: 0.7555
Step 9100: loss = 0.3218 (0.466 sec)
Training Data Eval:
  Num examples: 8960  Num correct: 8820  Precision @ 1: 0.9844  AUC @ 1: 0.9992
Validation Data Eval:
  Num examples: 960  Num correct: 755  Precision @ 1: 0.7865  AUC @ 1: 0.8703
Test Data Eval:
  Num examples: 1856  Num correct: 1273  Precision @ 1: 0.6859  AUC @ 1: 0.7575
Step 9200: loss = 0.2780 (0.385 sec)
Training Data Eval:
  Num examples: 8960  Num correct: 8799  Precision @ 1: 0.9820  AUC @ 1: 0.9989
Validation Data Eval:
  Num examples: 960  Num correct: 747  Precision @ 1: 0.7781  AUC @ 1: 0.8682
Test Data Eval:
  Num examples: 1856  Num correct: 1246  Precision @ 1: 0.6713  AUC @ 1: 0.7419
Step 9300: loss = 0.3122 (0.407 sec)
Training Data Eval:
  Num examples: 8960  Num correct: 8810  Precision @ 1: 0.9833  AUC @ 1: 0.9991
Validation Data Eval:
  Num examples: 960  Num correct: 763  Precision @ 1: 0.7948  AUC @ 1: 0.8809
Test Data Eval:
  Num examples: 1856  Num correct: 1321  Precision @ 1: 0.7117  AUC @ 1: 0.7560
Step 9400: loss = 0.4950 (0.396 sec)
Training Data Eval:
  Num examples: 8960  Num correct: 8848  Precision @ 1: 0.9875  AUC @ 1: 0.9994
Validation Data Eval:
  Num examples: 960  Num correct: 787  Precision @ 1: 0.8198  AUC @ 1: 0.8961
Test Data Eval:
  Num examples: 1856  Num correct: 1293  Precision @ 1: 0.6967  AUC @ 1: 0.7615
Step 9500: loss = 0.3110 (0.402 sec)
Training Data Eval:
  Num examples: 8960  Num correct: 8794  Precision @ 1: 0.9815  AUC @ 1: 0.9991
Validation Data Eval:
  Num examples: 960  Num correct: 765  Precision @ 1: 0.7969  AUC @ 1: 0.8808
Test Data Eval:
  Num examples: 1856  Num correct: 1303  Precision @ 1: 0.7020  AUC @ 1: 0.7614
Step 9600: loss = 0.2800 (0.389 sec)
Training Data Eval:
  Num examples: 8960  Num correct: 8720  Precision @ 1: 0.9732  AUC @ 1: 0.9984
Validation Data Eval:
  Num examples: 960  Num correct: 768  Precision @ 1: 0.8000  AUC @ 1: 0.8890
Test Data Eval:
  Num examples: 1856  Num correct: 1285  Precision @ 1: 0.6923  AUC @ 1: 0.7474
Step 9700: loss = 0.3302 (0.389 sec)
Training Data Eval:
  Num examples: 8960  Num correct: 8820  Precision @ 1: 0.9844  AUC @ 1: 0.9993
Validation Data Eval:
  Num examples: 960  Num correct: 773  Precision @ 1: 0.8052  AUC @ 1: 0.8891
Test Data Eval:
  Num examples: 1856  Num correct: 1295  Precision @ 1: 0.6977  AUC @ 1: 0.7500
Step 9800: loss = 0.3021 (0.472 sec)
Training Data Eval:
  Num examples: 8960  Num correct: 8777  Precision @ 1: 0.9796  AUC @ 1: 0.9994
Validation Data Eval:
  Num examples: 960  Num correct: 779  Precision @ 1: 0.8115  AUC @ 1: 0.8881
Test Data Eval:
  Num examples: 1856  Num correct: 1291  Precision @ 1: 0.6956  AUC @ 1: 0.7519
Step 9900: loss = 0.3189 (0.386 sec)
Training Data Eval:
  Num examples: 8960  Num correct: 8685  Precision @ 1: 0.9693  AUC @ 1: 0.9989
Validation Data Eval:
  Num examples: 960  Num correct: 756  Precision @ 1: 0.7875  AUC @ 1: 0.8814
Test Data Eval:
  Num examples: 1856  Num correct: 1315  Precision @ 1: 0.7085  AUC @ 1: 0.7595
