Training data shape: 	(10000, 64, 64, 1)
Training label shape:	(10000,)
Testing data shape:  	(1910, 64, 64, 1)
Testing label shape: 	(1910,)
max input value is: 153.458
min input value is: -104.189
random permuted training data
==============================================================================
Model: 			inference_roicnn
Tensor Name: 	Placeholder:0
[64, 64, 64, 1]
==============================================================================
Tensor Name: concat_64:0
[64, 320, 64, 1]
==============================================================================
Tensor Name: concat_129:0
[64, 320, 320, 1]
==============================================================================
Tensor Name: conv0/conv0:0
[64, 64, 64, 64]
==============================================================================
Tensor Name: concat_162:0
[64, 64, 64, 64]
==============================================================================
Tensor Name: MaxPool:0
[64, 32, 32, 64]
==============================================================================
Tensor Name: local1/local1:0
[64, 128]
==============================================================================
Tensor Name: local2/local2:0
[64, 128]
==============================================================================
Tensor Name: softmax_linear/softmax_linear:0
[64, 2]
Step 0: loss = 21.4983 (0.990 sec)
Training Data Eval:
  Num examples: 8960  Num correct: 4918  Precision @ 1: 0.5489  AUC @ 1: 0.7866
Validation Data Eval:
  Num examples: 960  Num correct: 541  Precision @ 1: 0.5635  AUC @ 1: 0.7863
Test Data Eval:
  Num examples: 1856  Num correct: 984  Precision @ 1: 0.5302  AUC @ 1: 0.7307
Step 100: loss = 20.1430 (0.909 sec)
Training Data Eval:
  Num examples: 8960  Num correct: 6886  Precision @ 1: 0.7685  AUC @ 1: 0.8327
Validation Data Eval:
  Num examples: 960  Num correct: 737  Precision @ 1: 0.7677  AUC @ 1: 0.8273
Test Data Eval:
  Num examples: 1856  Num correct: 1299  Precision @ 1: 0.6999  AUC @ 1: 0.7423
Step 200: loss = 18.2817 (0.934 sec)
Training Data Eval:
  Num examples: 8960  Num correct: 6999  Precision @ 1: 0.7811  AUC @ 1: 0.8584
Validation Data Eval:
  Num examples: 960  Num correct: 729  Precision @ 1: 0.7594  AUC @ 1: 0.8333
Test Data Eval:
  Num examples: 1856  Num correct: 1311  Precision @ 1: 0.7064  AUC @ 1: 0.7611
Step 300: loss = 16.8728 (0.897 sec)
Training Data Eval:
  Num examples: 8960  Num correct: 7124  Precision @ 1: 0.7951  AUC @ 1: 0.8749
Validation Data Eval:
  Num examples: 960  Num correct: 745  Precision @ 1: 0.7760  AUC @ 1: 0.8438
Test Data Eval:
  Num examples: 1856  Num correct: 1332  Precision @ 1: 0.7177  AUC @ 1: 0.7772
Step 400: loss = 15.5070 (0.923 sec)
Training Data Eval:
  Num examples: 8960  Num correct: 6963  Precision @ 1: 0.7771  AUC @ 1: 0.8890
Validation Data Eval:
  Num examples: 960  Num correct: 728  Precision @ 1: 0.7583  AUC @ 1: 0.8549
Test Data Eval:
  Num examples: 1856  Num correct: 1293  Precision @ 1: 0.6967  AUC @ 1: 0.7664
Step 500: loss = 14.4705 (0.903 sec)
Training Data Eval:
  Num examples: 8960  Num correct: 7177  Precision @ 1: 0.8010  AUC @ 1: 0.8894
Validation Data Eval:
  Num examples: 960  Num correct: 737  Precision @ 1: 0.7677  AUC @ 1: 0.8588
Test Data Eval:
  Num examples: 1856  Num correct: 1292  Precision @ 1: 0.6961  AUC @ 1: 0.7658
Step 600: loss = 13.4321 (0.932 sec)
Training Data Eval:
  Num examples: 8960  Num correct: 7336  Precision @ 1: 0.8187  AUC @ 1: 0.9064
Validation Data Eval:
  Num examples: 960  Num correct: 761  Precision @ 1: 0.7927  AUC @ 1: 0.8647
Test Data Eval:
  Num examples: 1856  Num correct: 1347  Precision @ 1: 0.7258  AUC @ 1: 0.7806
Step 700: loss = 12.3395 (0.975 sec)
Training Data Eval:
  Num examples: 8960  Num correct: 7500  Precision @ 1: 0.8371  AUC @ 1: 0.9104
Validation Data Eval:
  Num examples: 960  Num correct: 763  Precision @ 1: 0.7948  AUC @ 1: 0.8684
Test Data Eval:
  Num examples: 1856  Num correct: 1355  Precision @ 1: 0.7301  AUC @ 1: 0.7878
Step 800: loss = 11.4049 (0.923 sec)
Training Data Eval:
  Num examples: 8960  Num correct: 7104  Precision @ 1: 0.7929  AUC @ 1: 0.9064
Validation Data Eval:
  Num examples: 960  Num correct: 737  Precision @ 1: 0.7677  AUC @ 1: 0.8569
Test Data Eval:
  Num examples: 1856  Num correct: 1299  Precision @ 1: 0.6999  AUC @ 1: 0.7652
Step 900: loss = 10.6063 (0.919 sec)
Training Data Eval:
  Num examples: 8960  Num correct: 7590  Precision @ 1: 0.8471  AUC @ 1: 0.9264
Validation Data Eval:
  Num examples: 960  Num correct: 759  Precision @ 1: 0.7906  AUC @ 1: 0.8723
Test Data Eval:
  Num examples: 1856  Num correct: 1333  Precision @ 1: 0.7182  AUC @ 1: 0.7931
Step 1000: loss = 9.8114 (0.903 sec)
Training Data Eval:
  Num examples: 8960  Num correct: 7647  Precision @ 1: 0.8535  AUC @ 1: 0.9342
Validation Data Eval:
  Num examples: 960  Num correct: 771  Precision @ 1: 0.8031  AUC @ 1: 0.8788
Test Data Eval:
  Num examples: 1856  Num correct: 1344  Precision @ 1: 0.7241  AUC @ 1: 0.7698
Step 1100: loss = 9.0248 (0.870 sec)
Training Data Eval:
  Num examples: 8960  Num correct: 7282  Precision @ 1: 0.8127  AUC @ 1: 0.9244
Validation Data Eval:
  Num examples: 960  Num correct: 744  Precision @ 1: 0.7750  AUC @ 1: 0.8664
Test Data Eval:
  Num examples: 1856  Num correct: 1322  Precision @ 1: 0.7123  AUC @ 1: 0.7791
Step 1200: loss = 8.3253 (0.889 sec)
Training Data Eval:
  Num examples: 8960  Num correct: 7844  Precision @ 1: 0.8754  AUC @ 1: 0.9458
Validation Data Eval:
  Num examples: 960  Num correct: 762  Precision @ 1: 0.7937  AUC @ 1: 0.8789
Test Data Eval:
  Num examples: 1856  Num correct: 1343  Precision @ 1: 0.7236  AUC @ 1: 0.7839
Step 1300: loss = 7.6182 (0.912 sec)
Training Data Eval:
  Num examples: 8960  Num correct: 7517  Precision @ 1: 0.8390  AUC @ 1: 0.9476
Validation Data Eval:
  Num examples: 960  Num correct: 743  Precision @ 1: 0.7740  AUC @ 1: 0.8782
Test Data Eval:
  Num examples: 1856  Num correct: 1333  Precision @ 1: 0.7182  AUC @ 1: 0.7903
Step 1400: loss = 7.3786 (0.954 sec)
Training Data Eval:
  Num examples: 8960  Num correct: 7931  Precision @ 1: 0.8852  AUC @ 1: 0.9531
Validation Data Eval:
  Num examples: 960  Num correct: 775  Precision @ 1: 0.8073  AUC @ 1: 0.8747
Test Data Eval:
  Num examples: 1856  Num correct: 1355  Precision @ 1: 0.7301  AUC @ 1: 0.7845
Step 1500: loss = 6.6074 (0.875 sec)
Training Data Eval:
  Num examples: 8960  Num correct: 7964  Precision @ 1: 0.8888  AUC @ 1: 0.9571
Validation Data Eval:
  Num examples: 960  Num correct: 779  Precision @ 1: 0.8115  AUC @ 1: 0.8816
Test Data Eval:
  Num examples: 1856  Num correct: 1357  Precision @ 1: 0.7311  AUC @ 1: 0.7799
Step 1600: loss = 6.2179 (0.882 sec)
Training Data Eval:
  Num examples: 8960  Num correct: 8082  Precision @ 1: 0.9020  AUC @ 1: 0.9626
Validation Data Eval:
  Num examples: 960  Num correct: 785  Precision @ 1: 0.8177  AUC @ 1: 0.8836
Test Data Eval:
  Num examples: 1856  Num correct: 1332  Precision @ 1: 0.7177  AUC @ 1: 0.7739
Step 1700: loss = 5.6452 (0.886 sec)
Training Data Eval:
  Num examples: 8960  Num correct: 7422  Precision @ 1: 0.8283  AUC @ 1: 0.9492
Validation Data Eval:
  Num examples: 960  Num correct: 746  Precision @ 1: 0.7771  AUC @ 1: 0.8701
Test Data Eval:
  Num examples: 1856  Num correct: 1326  Precision @ 1: 0.7144  AUC @ 1: 0.7878
Step 1800: loss = 5.5866 (0.897 sec)
Training Data Eval:
  Num examples: 8960  Num correct: 8043  Precision @ 1: 0.8977  AUC @ 1: 0.9680
Validation Data Eval:
  Num examples: 960  Num correct: 778  Precision @ 1: 0.8104  AUC @ 1: 0.8810
Test Data Eval:
  Num examples: 1856  Num correct: 1352  Precision @ 1: 0.7284  AUC @ 1: 0.7739
Step 1900: loss = 4.9224 (0.893 sec)
Training Data Eval:
  Num examples: 8960  Num correct: 8122  Precision @ 1: 0.9065  AUC @ 1: 0.9757
Validation Data Eval:
  Num examples: 960  Num correct: 784  Precision @ 1: 0.8167  AUC @ 1: 0.8888
Test Data Eval:
  Num examples: 1856  Num correct: 1351  Precision @ 1: 0.7279  AUC @ 1: 0.7869
Step 2000: loss = 4.6282 (0.883 sec)
Training Data Eval:
  Num examples: 8960  Num correct: 8290  Precision @ 1: 0.9252  AUC @ 1: 0.9810
Validation Data Eval:
  Num examples: 960  Num correct: 775  Precision @ 1: 0.8073  AUC @ 1: 0.8913
Test Data Eval:
  Num examples: 1856  Num correct: 1352  Precision @ 1: 0.7284  AUC @ 1: 0.7811
Step 2100: loss = 4.1133 (0.952 sec)
Training Data Eval:
  Num examples: 8960  Num correct: 7991  Precision @ 1: 0.8919  AUC @ 1: 0.9790
Validation Data Eval:
  Num examples: 960  Num correct: 767  Precision @ 1: 0.7990  AUC @ 1: 0.8873
Test Data Eval:
  Num examples: 1856  Num correct: 1345  Precision @ 1: 0.7247  AUC @ 1: 0.7918
Step 2200: loss = 3.9493 (0.894 sec)
Training Data Eval:
  Num examples: 8960  Num correct: 8353  Precision @ 1: 0.9323  AUC @ 1: 0.9818
Validation Data Eval:
  Num examples: 960  Num correct: 778  Precision @ 1: 0.8104  AUC @ 1: 0.8859
Test Data Eval:
  Num examples: 1856  Num correct: 1297  Precision @ 1: 0.6988  AUC @ 1: 0.7757
Step 2300: loss = 3.6483 (0.906 sec)
Training Data Eval:
  Num examples: 8960  Num correct: 8362  Precision @ 1: 0.9333  AUC @ 1: 0.9821
Validation Data Eval:
  Num examples: 960  Num correct: 780  Precision @ 1: 0.8125  AUC @ 1: 0.8850
Test Data Eval:
  Num examples: 1856  Num correct: 1322  Precision @ 1: 0.7123  AUC @ 1: 0.7788
Step 2400: loss = 3.2701 (0.881 sec)
Training Data Eval:
  Num examples: 8960  Num correct: 8391  Precision @ 1: 0.9365  AUC @ 1: 0.9856
Validation Data Eval:
  Num examples: 960  Num correct: 783  Precision @ 1: 0.8156  AUC @ 1: 0.8876
Test Data Eval:
  Num examples: 1856  Num correct: 1316  Precision @ 1: 0.7091  AUC @ 1: 0.7775
Step 2500: loss = 3.1062 (0.877 sec)
Training Data Eval:
  Num examples: 8960  Num correct: 8423  Precision @ 1: 0.9401  AUC @ 1: 0.9863
Validation Data Eval:
  Num examples: 960  Num correct: 767  Precision @ 1: 0.7990  AUC @ 1: 0.8845
Test Data Eval:
  Num examples: 1856  Num correct: 1322  Precision @ 1: 0.7123  AUC @ 1: 0.7873
Step 2600: loss = 2.9407 (0.899 sec)
Training Data Eval:
  Num examples: 8960  Num correct: 8437  Precision @ 1: 0.9416  AUC @ 1: 0.9898
Validation Data Eval:
  Num examples: 960  Num correct: 779  Precision @ 1: 0.8115  AUC @ 1: 0.8826
Test Data Eval:
  Num examples: 1856  Num correct: 1360  Precision @ 1: 0.7328  AUC @ 1: 0.7942
Step 2700: loss = 2.6580 (0.877 sec)
Training Data Eval:
  Num examples: 8960  Num correct: 8387  Precision @ 1: 0.9360  AUC @ 1: 0.9894
Validation Data Eval:
  Num examples: 960  Num correct: 761  Precision @ 1: 0.7927  AUC @ 1: 0.8767
Test Data Eval:
  Num examples: 1856  Num correct: 1379  Precision @ 1: 0.7430  AUC @ 1: 0.7858
Step 2800: loss = 2.5136 (0.965 sec)
Training Data Eval:
  Num examples: 8960  Num correct: 8495  Precision @ 1: 0.9481  AUC @ 1: 0.9942
Validation Data Eval:
  Num examples: 960  Num correct: 772  Precision @ 1: 0.8042  AUC @ 1: 0.8853
Test Data Eval:
  Num examples: 1856  Num correct: 1343  Precision @ 1: 0.7236  AUC @ 1: 0.7876
Step 2900: loss = 2.3849 (0.900 sec)
Training Data Eval:
  Num examples: 8960  Num correct: 8391  Precision @ 1: 0.9365  AUC @ 1: 0.9896
Validation Data Eval:
  Num examples: 960  Num correct: 774  Precision @ 1: 0.8063  AUC @ 1: 0.8804
Test Data Eval:
  Num examples: 1856  Num correct: 1335  Precision @ 1: 0.7193  AUC @ 1: 0.7686
Step 3000: loss = 2.1684 (0.858 sec)
Training Data Eval:
  Num examples: 8960  Num correct: 8577  Precision @ 1: 0.9573  AUC @ 1: 0.9939
Validation Data Eval:
  Num examples: 960  Num correct: 777  Precision @ 1: 0.8094  AUC @ 1: 0.8853
Test Data Eval:
  Num examples: 1856  Num correct: 1322  Precision @ 1: 0.7123  AUC @ 1: 0.7874
Step 3100: loss = 2.1254 (0.895 sec)
Training Data Eval:
  Num examples: 8960  Num correct: 8606  Precision @ 1: 0.9605  AUC @ 1: 0.9952
Validation Data Eval:
  Num examples: 960  Num correct: 772  Precision @ 1: 0.8042  AUC @ 1: 0.8837
Test Data Eval:
  Num examples: 1856  Num correct: 1320  Precision @ 1: 0.7112  AUC @ 1: 0.7863
Step 3200: loss = 1.9165 (0.889 sec)
Training Data Eval:
  Num examples: 8960  Num correct: 8583  Precision @ 1: 0.9579  AUC @ 1: 0.9943
Validation Data Eval:
  Num examples: 960  Num correct: 773  Precision @ 1: 0.8052  AUC @ 1: 0.8739
Test Data Eval:
  Num examples: 1856  Num correct: 1348  Precision @ 1: 0.7263  AUC @ 1: 0.7782
Step 3300: loss = 1.7680 (0.879 sec)
Training Data Eval:
  Num examples: 8960  Num correct: 8456  Precision @ 1: 0.9437  AUC @ 1: 0.9931
Validation Data Eval:
  Num examples: 960  Num correct: 773  Precision @ 1: 0.8052  AUC @ 1: 0.8736
Test Data Eval:
  Num examples: 1856  Num correct: 1313  Precision @ 1: 0.7074  AUC @ 1: 0.7651
Step 3400: loss = 1.7303 (0.877 sec)
Training Data Eval:
  Num examples: 8960  Num correct: 8656  Precision @ 1: 0.9661  AUC @ 1: 0.9969
Validation Data Eval:
  Num examples: 960  Num correct: 783  Precision @ 1: 0.8156  AUC @ 1: 0.8880
Test Data Eval:
  Num examples: 1856  Num correct: 1330  Precision @ 1: 0.7166  AUC @ 1: 0.7844
Step 3500: loss = 1.6051 (0.968 sec)
Training Data Eval:
  Num examples: 8960  Num correct: 8080  Precision @ 1: 0.9018  AUC @ 1: 0.9891
Validation Data Eval:
  Num examples: 960  Num correct: 747  Precision @ 1: 0.7781  AUC @ 1: 0.8625
Test Data Eval:
  Num examples: 1856  Num correct: 1319  Precision @ 1: 0.7107  AUC @ 1: 0.7630
Step 3600: loss = 1.6467 (0.876 sec)
Training Data Eval:
  Num examples: 8960  Num correct: 8620  Precision @ 1: 0.9621  AUC @ 1: 0.9957
Validation Data Eval:
  Num examples: 960  Num correct: 770  Precision @ 1: 0.8021  AUC @ 1: 0.8755
Test Data Eval:
  Num examples: 1856  Num correct: 1346  Precision @ 1: 0.7252  AUC @ 1: 0.7852
Step 3700: loss = 1.3284 (0.891 sec)
Training Data Eval:
  Num examples: 8960  Num correct: 8654  Precision @ 1: 0.9658  AUC @ 1: 0.9959
Validation Data Eval:
  Num examples: 960  Num correct: 775  Precision @ 1: 0.8073  AUC @ 1: 0.8860
Test Data Eval:
  Num examples: 1856  Num correct: 1335  Precision @ 1: 0.7193  AUC @ 1: 0.7882
Step 3800: loss = 1.3461 (0.888 sec)
Training Data Eval:
  Num examples: 8960  Num correct: 8592  Precision @ 1: 0.9589  AUC @ 1: 0.9962
Validation Data Eval:
  Num examples: 960  Num correct: 767  Precision @ 1: 0.7990  AUC @ 1: 0.8761
Test Data Eval:
  Num examples: 1856  Num correct: 1330  Precision @ 1: 0.7166  AUC @ 1: 0.7795
Step 3900: loss = 1.1627 (0.879 sec)
Training Data Eval:
  Num examples: 8960  Num correct: 8559  Precision @ 1: 0.9552  AUC @ 1: 0.9963
Validation Data Eval:
  Num examples: 960  Num correct: 765  Precision @ 1: 0.7969  AUC @ 1: 0.8722
Test Data Eval:
  Num examples: 1856  Num correct: 1324  Precision @ 1: 0.7134  AUC @ 1: 0.7678
Step 4000: loss = 1.0997 (0.896 sec)
Training Data Eval:
  Num examples: 8960  Num correct: 8695  Precision @ 1: 0.9704  AUC @ 1: 0.9971
Validation Data Eval:
  Num examples: 960  Num correct: 784  Precision @ 1: 0.8167  AUC @ 1: 0.8838
Test Data Eval:
  Num examples: 1856  Num correct: 1349  Precision @ 1: 0.7268  AUC @ 1: 0.7934
Step 4100: loss = 1.1389 (0.870 sec)
Training Data Eval:
  Num examples: 8960  Num correct: 8746  Precision @ 1: 0.9761  AUC @ 1: 0.9980
Validation Data Eval:
  Num examples: 960  Num correct: 766  Precision @ 1: 0.7979  AUC @ 1: 0.8744
Test Data Eval:
  Num examples: 1856  Num correct: 1351  Precision @ 1: 0.7279  AUC @ 1: 0.7851
Step 4200: loss = 1.0229 (0.948 sec)
Training Data Eval:
  Num examples: 8960  Num correct: 8696  Precision @ 1: 0.9705  AUC @ 1: 0.9971
Validation Data Eval:
  Num examples: 960  Num correct: 762  Precision @ 1: 0.7937  AUC @ 1: 0.8696
Test Data Eval:
  Num examples: 1856  Num correct: 1297  Precision @ 1: 0.6988  AUC @ 1: 0.7672
Step 4300: loss = 1.0249 (0.882 sec)
Training Data Eval:
  Num examples: 8960  Num correct: 8634  Precision @ 1: 0.9636  AUC @ 1: 0.9954
Validation Data Eval:
  Num examples: 960  Num correct: 776  Precision @ 1: 0.8083  AUC @ 1: 0.8771
Test Data Eval:
  Num examples: 1856  Num correct: 1330  Precision @ 1: 0.7166  AUC @ 1: 0.7786
Step 4400: loss = 1.0209 (0.893 sec)
Training Data Eval:
  Num examples: 8960  Num correct: 8771  Precision @ 1: 0.9789  AUC @ 1: 0.9983
Validation Data Eval:
  Num examples: 960  Num correct: 783  Precision @ 1: 0.8156  AUC @ 1: 0.8795
Test Data Eval:
  Num examples: 1856  Num correct: 1351  Precision @ 1: 0.7279  AUC @ 1: 0.7888
Step 4500: loss = 0.8532 (0.873 sec)
Training Data Eval:
  Num examples: 8960  Num correct: 8742  Precision @ 1: 0.9757  AUC @ 1: 0.9982
Validation Data Eval:
  Num examples: 960  Num correct: 783  Precision @ 1: 0.8156  AUC @ 1: 0.8834
Test Data Eval:
  Num examples: 1856  Num correct: 1365  Precision @ 1: 0.7355  AUC @ 1: 0.8045
Step 4600: loss = 0.9989 (0.894 sec)
Training Data Eval:
  Num examples: 8960  Num correct: 8679  Precision @ 1: 0.9686  AUC @ 1: 0.9984
Validation Data Eval:
  Num examples: 960  Num correct: 773  Precision @ 1: 0.8052  AUC @ 1: 0.8867
Test Data Eval:
  Num examples: 1856  Num correct: 1344  Precision @ 1: 0.7241  AUC @ 1: 0.7857
Step 4700: loss = 0.9236 (0.851 sec)
Training Data Eval:
  Num examples: 8960  Num correct: 8696  Precision @ 1: 0.9705  AUC @ 1: 0.9975
Validation Data Eval:
  Num examples: 960  Num correct: 769  Precision @ 1: 0.8010  AUC @ 1: 0.8793
Test Data Eval:
  Num examples: 1856  Num correct: 1329  Precision @ 1: 0.7161  AUC @ 1: 0.7780
Step 4800: loss = 0.7205 (0.867 sec)
Training Data Eval:
  Num examples: 8960  Num correct: 8743  Precision @ 1: 0.9758  AUC @ 1: 0.9984
Validation Data Eval:
  Num examples: 960  Num correct: 772  Precision @ 1: 0.8042  AUC @ 1: 0.8835
Test Data Eval:
  Num examples: 1856  Num correct: 1336  Precision @ 1: 0.7198  AUC @ 1: 0.7784
Step 4900: loss = 0.8362 (0.954 sec)
Training Data Eval:
  Num examples: 8960  Num correct: 8755  Precision @ 1: 0.9771  AUC @ 1: 0.9985
Validation Data Eval:
  Num examples: 960  Num correct: 781  Precision @ 1: 0.8135  AUC @ 1: 0.8903
Test Data Eval:
  Num examples: 1856  Num correct: 1373  Precision @ 1: 0.7398  AUC @ 1: 0.8029
Step 5000: loss = 0.6361 (0.860 sec)
Training Data Eval:
  Num examples: 8960  Num correct: 8685  Precision @ 1: 0.9693  AUC @ 1: 0.9968
Validation Data Eval:
  Num examples: 960  Num correct: 772  Precision @ 1: 0.8042  AUC @ 1: 0.8869
Test Data Eval:
  Num examples: 1856  Num correct: 1301  Precision @ 1: 0.7010  AUC @ 1: 0.7797
Step 5100: loss = 0.7700 (0.870 sec)
Training Data Eval:
  Num examples: 8960  Num correct: 8709  Precision @ 1: 0.9720  AUC @ 1: 0.9976
Validation Data Eval:
  Num examples: 960  Num correct: 773  Precision @ 1: 0.8052  AUC @ 1: 0.8863
Test Data Eval:
  Num examples: 1856  Num correct: 1293  Precision @ 1: 0.6967  AUC @ 1: 0.7895
Step 5200: loss = 0.6236 (0.888 sec)
Training Data Eval:
  Num examples: 8960  Num correct: 8720  Precision @ 1: 0.9732  AUC @ 1: 0.9975
Validation Data Eval:
  Num examples: 960  Num correct: 768  Precision @ 1: 0.8000  AUC @ 1: 0.8740
Test Data Eval:
  Num examples: 1856  Num correct: 1382  Precision @ 1: 0.7446  AUC @ 1: 0.7973
Step 5300: loss = 0.6546 (0.882 sec)
Training Data Eval:
  Num examples: 8960  Num correct: 8750  Precision @ 1: 0.9766  AUC @ 1: 0.9981
Validation Data Eval:
  Num examples: 960  Num correct: 794  Precision @ 1: 0.8271  AUC @ 1: 0.8895
Test Data Eval:
  Num examples: 1856  Num correct: 1336  Precision @ 1: 0.7198  AUC @ 1: 0.7985
Step 5400: loss = 0.5693 (0.904 sec)
Training Data Eval:
  Num examples: 8960  Num correct: 8740  Precision @ 1: 0.9754  AUC @ 1: 0.9984
Validation Data Eval:
  Num examples: 960  Num correct: 785  Precision @ 1: 0.8177  AUC @ 1: 0.8922
Test Data Eval:
  Num examples: 1856  Num correct: 1379  Precision @ 1: 0.7430  AUC @ 1: 0.7997
Step 5500: loss = 0.5471 (0.871 sec)
Training Data Eval:
  Num examples: 8960  Num correct: 8726  Precision @ 1: 0.9739  AUC @ 1: 0.9980
Validation Data Eval:
  Num examples: 960  Num correct: 772  Precision @ 1: 0.8042  AUC @ 1: 0.8757
Test Data Eval:
  Num examples: 1856  Num correct: 1340  Precision @ 1: 0.7220  AUC @ 1: 0.7766
Step 5600: loss = 0.5871 (0.941 sec)
Training Data Eval:
  Num examples: 8960  Num correct: 8811  Precision @ 1: 0.9834  AUC @ 1: 0.9989
Validation Data Eval:
  Num examples: 960  Num correct: 781  Precision @ 1: 0.8135  AUC @ 1: 0.8800
Test Data Eval:
  Num examples: 1856  Num correct: 1350  Precision @ 1: 0.7274  AUC @ 1: 0.7914
Step 5700: loss = 0.5435 (0.895 sec)
Training Data Eval:
  Num examples: 8960  Num correct: 8738  Precision @ 1: 0.9752  AUC @ 1: 0.9983
Validation Data Eval:
  Num examples: 960  Num correct: 784  Precision @ 1: 0.8167  AUC @ 1: 0.8842
Test Data Eval:
  Num examples: 1856  Num correct: 1359  Precision @ 1: 0.7322  AUC @ 1: 0.7878
Step 5800: loss = 0.5462 (0.848 sec)
Training Data Eval:
  Num examples: 8960  Num correct: 8633  Precision @ 1: 0.9635  AUC @ 1: 0.9984
Validation Data Eval:
  Num examples: 960  Num correct: 768  Precision @ 1: 0.8000  AUC @ 1: 0.8850
Test Data Eval:
  Num examples: 1856  Num correct: 1276  Precision @ 1: 0.6875  AUC @ 1: 0.7793
Step 5900: loss = 0.4410 (0.888 sec)
Training Data Eval:
  Num examples: 8960  Num correct: 8761  Precision @ 1: 0.9778  AUC @ 1: 0.9982
Validation Data Eval:
  Num examples: 960  Num correct: 767  Precision @ 1: 0.7990  AUC @ 1: 0.8833
Test Data Eval:
  Num examples: 1856  Num correct: 1329  Precision @ 1: 0.7161  AUC @ 1: 0.7886
Step 6000: loss = 0.4814 (0.893 sec)
Training Data Eval:
  Num examples: 8960  Num correct: 8767  Precision @ 1: 0.9785  AUC @ 1: 0.9991
Validation Data Eval:
  Num examples: 960  Num correct: 775  Precision @ 1: 0.8073  AUC @ 1: 0.8822
Test Data Eval:
  Num examples: 1856  Num correct: 1325  Precision @ 1: 0.7139  AUC @ 1: 0.7804
Step 6100: loss = 0.4035 (0.877 sec)
Training Data Eval:
  Num examples: 8960  Num correct: 7148  Precision @ 1: 0.7978  AUC @ 1: 0.9890
Validation Data Eval:
  Num examples: 960  Num correct: 667  Precision @ 1: 0.6948  AUC @ 1: 0.8564
Test Data Eval:
  Num examples: 1856  Num correct: 1258  Precision @ 1: 0.6778  AUC @ 1: 0.7647
Step 6200: loss = 0.8707 (0.883 sec)
Training Data Eval:
  Num examples: 8960  Num correct: 8819  Precision @ 1: 0.9843  AUC @ 1: 0.9991
Validation Data Eval:
  Num examples: 960  Num correct: 784  Precision @ 1: 0.8167  AUC @ 1: 0.8846
Test Data Eval:
  Num examples: 1856  Num correct: 1337  Precision @ 1: 0.7204  AUC @ 1: 0.7855
Step 6300: loss = 0.4698 (0.955 sec)
Training Data Eval:
  Num examples: 8960  Num correct: 8668  Precision @ 1: 0.9674  AUC @ 1: 0.9970
Validation Data Eval:
  Num examples: 960  Num correct: 783  Precision @ 1: 0.8156  AUC @ 1: 0.8814
Test Data Eval:
  Num examples: 1856  Num correct: 1347  Precision @ 1: 0.7258  AUC @ 1: 0.7762
Step 6400: loss = 0.4470 (0.857 sec)
Training Data Eval:
  Num examples: 8960  Num correct: 8771  Precision @ 1: 0.9789  AUC @ 1: 0.9987
Validation Data Eval:
  Num examples: 960  Num correct: 774  Precision @ 1: 0.8063  AUC @ 1: 0.8833
Test Data Eval:
  Num examples: 1856  Num correct: 1366  Precision @ 1: 0.7360  AUC @ 1: 0.7912
Step 6500: loss = 0.4128 (0.865 sec)
Training Data Eval:
  Num examples: 8960  Num correct: 8786  Precision @ 1: 0.9806  AUC @ 1: 0.9987
Validation Data Eval:
  Num examples: 960  Num correct: 768  Precision @ 1: 0.8000  AUC @ 1: 0.8844
Test Data Eval:
  Num examples: 1856  Num correct: 1295  Precision @ 1: 0.6977  AUC @ 1: 0.7810
Step 6600: loss = 0.3490 (0.858 sec)
Training Data Eval:
  Num examples: 8960  Num correct: 8849  Precision @ 1: 0.9876  AUC @ 1: 0.9995
Validation Data Eval:
  Num examples: 960  Num correct: 783  Precision @ 1: 0.8156  AUC @ 1: 0.8816
Test Data Eval:
  Num examples: 1856  Num correct: 1329  Precision @ 1: 0.7161  AUC @ 1: 0.7855
Step 6700: loss = 0.3519 (0.861 sec)
Training Data Eval:
  Num examples: 8960  Num correct: 8823  Precision @ 1: 0.9847  AUC @ 1: 0.9993
Validation Data Eval:
  Num examples: 960  Num correct: 785  Precision @ 1: 0.8177  AUC @ 1: 0.8823
Test Data Eval:
  Num examples: 1856  Num correct: 1334  Precision @ 1: 0.7188  AUC @ 1: 0.7748
Step 6800: loss = 0.4331 (0.900 sec)
Training Data Eval:
  Num examples: 8960  Num correct: 8771  Precision @ 1: 0.9789  AUC @ 1: 0.9990
Validation Data Eval:
  Num examples: 960  Num correct: 771  Precision @ 1: 0.8031  AUC @ 1: 0.8780
Test Data Eval:
  Num examples: 1856  Num correct: 1304  Precision @ 1: 0.7026  AUC @ 1: 0.7831
Step 6900: loss = 0.4267 (0.881 sec)
Training Data Eval:
  Num examples: 8960  Num correct: 8813  Precision @ 1: 0.9836  AUC @ 1: 0.9992
Validation Data Eval:
  Num examples: 960  Num correct: 775  Precision @ 1: 0.8073  AUC @ 1: 0.8808
Test Data Eval:
  Num examples: 1856  Num correct: 1253  Precision @ 1: 0.6751  AUC @ 1: 0.7649
Step 7000: loss = 0.4947 (0.955 sec)
Training Data Eval:
  Num examples: 8960  Num correct: 8862  Precision @ 1: 0.9891  AUC @ 1: 0.9994
Validation Data Eval:
  Num examples: 960  Num correct: 766  Precision @ 1: 0.7979  AUC @ 1: 0.8809
Test Data Eval:
  Num examples: 1856  Num correct: 1315  Precision @ 1: 0.7085  AUC @ 1: 0.7655
Step 7100: loss = 0.4458 (0.877 sec)
Training Data Eval:
  Num examples: 8960  Num correct: 8821  Precision @ 1: 0.9845  AUC @ 1: 0.9993
Validation Data Eval:
  Num examples: 960  Num correct: 769  Precision @ 1: 0.8010  AUC @ 1: 0.8766
Test Data Eval:
  Num examples: 1856  Num correct: 1304  Precision @ 1: 0.7026  AUC @ 1: 0.7676
Step 7200: loss = 0.4277 (0.881 sec)
Training Data Eval:
  Num examples: 8960  Num correct: 8784  Precision @ 1: 0.9804  AUC @ 1: 0.9988
Validation Data Eval:
  Num examples: 960  Num correct: 779  Precision @ 1: 0.8115  AUC @ 1: 0.8839
Test Data Eval:
  Num examples: 1856  Num correct: 1323  Precision @ 1: 0.7128  AUC @ 1: 0.7809
Step 7300: loss = 0.3151 (0.845 sec)
Training Data Eval:
  Num examples: 8960  Num correct: 8808  Precision @ 1: 0.9830  AUC @ 1: 0.9991
Validation Data Eval:
  Num examples: 960  Num correct: 772  Precision @ 1: 0.8042  AUC @ 1: 0.8775
Test Data Eval:
  Num examples: 1856  Num correct: 1329  Precision @ 1: 0.7161  AUC @ 1: 0.7719
Step 7400: loss = 0.3640 (0.881 sec)
Training Data Eval:
  Num examples: 8960  Num correct: 8822  Precision @ 1: 0.9846  AUC @ 1: 0.9993
Validation Data Eval:
  Num examples: 960  Num correct: 772  Precision @ 1: 0.8042  AUC @ 1: 0.8793
Test Data Eval:
  Num examples: 1856  Num correct: 1334  Precision @ 1: 0.7188  AUC @ 1: 0.7838
Step 7500: loss = 0.3506 (0.873 sec)
Training Data Eval:
  Num examples: 8960  Num correct: 8783  Precision @ 1: 0.9802  AUC @ 1: 0.9990
Validation Data Eval:
  Num examples: 960  Num correct: 780  Precision @ 1: 0.8125  AUC @ 1: 0.8755
Test Data Eval:
  Num examples: 1856  Num correct: 1350  Precision @ 1: 0.7274  AUC @ 1: 0.7760
Step 7600: loss = 0.3240 (0.853 sec)
Training Data Eval:
  Num examples: 8960  Num correct: 8620  Precision @ 1: 0.9621  AUC @ 1: 0.9906
Validation Data Eval:
  Num examples: 960  Num correct: 751  Precision @ 1: 0.7823  AUC @ 1: 0.8711
Test Data Eval:
  Num examples: 1856  Num correct: 1309  Precision @ 1: 0.7053  AUC @ 1: 0.7697
Step 7700: loss = 0.4691 (0.939 sec)
Training Data Eval:
  Num examples: 8960  Num correct: 8793  Precision @ 1: 0.9814  AUC @ 1: 0.9990
Validation Data Eval:
  Num examples: 960  Num correct: 783  Precision @ 1: 0.8156  AUC @ 1: 0.8720
Test Data Eval:
  Num examples: 1856  Num correct: 1320  Precision @ 1: 0.7112  AUC @ 1: 0.7671
Step 7800: loss = 0.4178 (0.849 sec)
Training Data Eval:
  Num examples: 8960  Num correct: 8809  Precision @ 1: 0.9831  AUC @ 1: 0.9987
Validation Data Eval:
  Num examples: 960  Num correct: 761  Precision @ 1: 0.7927  AUC @ 1: 0.8811
Test Data Eval:
  Num examples: 1856  Num correct: 1303  Precision @ 1: 0.7020  AUC @ 1: 0.7745
Step 7900: loss = 0.3799 (0.885 sec)
Training Data Eval:
  Num examples: 8960  Num correct: 8794  Precision @ 1: 0.9815  AUC @ 1: 0.9989
Validation Data Eval:
  Num examples: 960  Num correct: 767  Precision @ 1: 0.7990  AUC @ 1: 0.8712
Test Data Eval:
  Num examples: 1856  Num correct: 1321  Precision @ 1: 0.7117  AUC @ 1: 0.7787
Step 8000: loss = 0.3891 (0.850 sec)
Training Data Eval:
  Num examples: 8960  Num correct: 8702  Precision @ 1: 0.9712  AUC @ 1: 0.9984
Validation Data Eval:
  Num examples: 960  Num correct: 784  Precision @ 1: 0.8167  AUC @ 1: 0.8853
Test Data Eval:
  Num examples: 1856  Num correct: 1276  Precision @ 1: 0.6875  AUC @ 1: 0.7742
Step 8100: loss = 0.3392 (0.867 sec)
Training Data Eval:
  Num examples: 8960  Num correct: 8835  Precision @ 1: 0.9860  AUC @ 1: 0.9993
Validation Data Eval:
  Num examples: 960  Num correct: 785  Precision @ 1: 0.8177  AUC @ 1: 0.8846
Test Data Eval:
  Num examples: 1856  Num correct: 1326  Precision @ 1: 0.7144  AUC @ 1: 0.7858
Step 8200: loss = 0.2858 (0.888 sec)
Training Data Eval:
  Num examples: 8960  Num correct: 8823  Precision @ 1: 0.9847  AUC @ 1: 0.9994
Validation Data Eval:
  Num examples: 960  Num correct: 779  Precision @ 1: 0.8115  AUC @ 1: 0.8772
Test Data Eval:
  Num examples: 1856  Num correct: 1305  Precision @ 1: 0.7031  AUC @ 1: 0.7822
Step 8300: loss = 0.3097 (0.886 sec)
Training Data Eval:
  Num examples: 8960  Num correct: 8864  Precision @ 1: 0.9893  AUC @ 1: 0.9994
Validation Data Eval:
  Num examples: 960  Num correct: 776  Precision @ 1: 0.8083  AUC @ 1: 0.8703
Test Data Eval:
  Num examples: 1856  Num correct: 1329  Precision @ 1: 0.7161  AUC @ 1: 0.7852
Step 8400: loss = 0.3133 (0.943 sec)
Training Data Eval:
  Num examples: 8960  Num correct: 8824  Precision @ 1: 0.9848  AUC @ 1: 0.9994
Validation Data Eval:
  Num examples: 960  Num correct: 783  Precision @ 1: 0.8156  AUC @ 1: 0.8756
Test Data Eval:
  Num examples: 1856  Num correct: 1363  Precision @ 1: 0.7344  AUC @ 1: 0.7828
Step 8500: loss = 0.3174 (0.872 sec)
Training Data Eval:
  Num examples: 8960  Num correct: 8763  Precision @ 1: 0.9780  AUC @ 1: 0.9977
Validation Data Eval:
  Num examples: 960  Num correct: 783  Precision @ 1: 0.8156  AUC @ 1: 0.8814
Test Data Eval:
  Num examples: 1856  Num correct: 1260  Precision @ 1: 0.6789  AUC @ 1: 0.7762
Step 8600: loss = 0.4380 (0.869 sec)
Training Data Eval:
  Num examples: 8960  Num correct: 8832  Precision @ 1: 0.9857  AUC @ 1: 0.9992
Validation Data Eval:
  Num examples: 960  Num correct: 769  Precision @ 1: 0.8010  AUC @ 1: 0.8726
Test Data Eval:
  Num examples: 1856  Num correct: 1330  Precision @ 1: 0.7166  AUC @ 1: 0.7865
Step 8700: loss = 0.3183 (0.877 sec)
Training Data Eval:
  Num examples: 8960  Num correct: 8657  Precision @ 1: 0.9662  AUC @ 1: 0.9962
Validation Data Eval:
  Num examples: 960  Num correct: 745  Precision @ 1: 0.7760  AUC @ 1: 0.8655
Test Data Eval:
  Num examples: 1856  Num correct: 1234  Precision @ 1: 0.6649  AUC @ 1: 0.7740
Step 8800: loss = 0.3904 (0.877 sec)
Training Data Eval:
  Num examples: 8960  Num correct: 8808  Precision @ 1: 0.9830  AUC @ 1: 0.9990
Validation Data Eval:
  Num examples: 960  Num correct: 780  Precision @ 1: 0.8125  AUC @ 1: 0.8800
Test Data Eval:
  Num examples: 1856  Num correct: 1328  Precision @ 1: 0.7155  AUC @ 1: 0.7907
Step 8900: loss = 0.3416 (0.875 sec)
Training Data Eval:
  Num examples: 8960  Num correct: 8826  Precision @ 1: 0.9850  AUC @ 1: 0.9992
Validation Data Eval:
  Num examples: 960  Num correct: 778  Precision @ 1: 0.8104  AUC @ 1: 0.8803
Test Data Eval:
  Num examples: 1856  Num correct: 1328  Precision @ 1: 0.7155  AUC @ 1: 0.7867
Step 9000: loss = 0.3077 (0.865 sec)
Training Data Eval:
  Num examples: 8960  Num correct: 8863  Precision @ 1: 0.9892  AUC @ 1: 0.9992
Validation Data Eval:
  Num examples: 960  Num correct: 782  Precision @ 1: 0.8146  AUC @ 1: 0.8755
Test Data Eval:
  Num examples: 1856  Num correct: 1347  Precision @ 1: 0.7258  AUC @ 1: 0.7831
Step 9100: loss = 0.2946 (0.956 sec)
Training Data Eval:
  Num examples: 8960  Num correct: 8820  Precision @ 1: 0.9844  AUC @ 1: 0.9990
Validation Data Eval:
  Num examples: 960  Num correct: 787  Precision @ 1: 0.8198  AUC @ 1: 0.8790
Test Data Eval:
  Num examples: 1856  Num correct: 1325  Precision @ 1: 0.7139  AUC @ 1: 0.7798
Step 9200: loss = 0.3748 (0.839 sec)
Training Data Eval:
  Num examples: 8960  Num correct: 8857  Precision @ 1: 0.9885  AUC @ 1: 0.9997
Validation Data Eval:
  Num examples: 960  Num correct: 766  Precision @ 1: 0.7979  AUC @ 1: 0.8706
Test Data Eval:
  Num examples: 1856  Num correct: 1306  Precision @ 1: 0.7037  AUC @ 1: 0.7780
Step 9300: loss = 0.2982 (0.879 sec)
Training Data Eval:
  Num examples: 8960  Num correct: 8875  Precision @ 1: 0.9905  AUC @ 1: 0.9996
Validation Data Eval:
  Num examples: 960  Num correct: 773  Precision @ 1: 0.8052  AUC @ 1: 0.8755
Test Data Eval:
  Num examples: 1856  Num correct: 1309  Precision @ 1: 0.7053  AUC @ 1: 0.7765
Step 9400: loss = 0.3271 (0.897 sec)
Training Data Eval:
  Num examples: 8960  Num correct: 8874  Precision @ 1: 0.9904  AUC @ 1: 0.9996
Validation Data Eval:
  Num examples: 960  Num correct: 771  Precision @ 1: 0.8031  AUC @ 1: 0.8744
Test Data Eval:
  Num examples: 1856  Num correct: 1268  Precision @ 1: 0.6832  AUC @ 1: 0.7701
Step 9500: loss = 0.3156 (0.890 sec)
Training Data Eval:
  Num examples: 8960  Num correct: 8856  Precision @ 1: 0.9884  AUC @ 1: 0.9995
Validation Data Eval:
  Num examples: 960  Num correct: 769  Precision @ 1: 0.8010  AUC @ 1: 0.8738
Test Data Eval:
  Num examples: 1856  Num correct: 1306  Precision @ 1: 0.7037  AUC @ 1: 0.7719
Step 9600: loss = 0.2770 (0.900 sec)
Training Data Eval:
  Num examples: 8960  Num correct: 8820  Precision @ 1: 0.9844  AUC @ 1: 0.9994
Validation Data Eval:
  Num examples: 960  Num correct: 775  Precision @ 1: 0.8073  AUC @ 1: 0.8942
Test Data Eval:
  Num examples: 1856  Num correct: 1280  Precision @ 1: 0.6897  AUC @ 1: 0.7902
Step 9700: loss = 0.2908 (0.858 sec)
Training Data Eval:
  Num examples: 8960  Num correct: 8881  Precision @ 1: 0.9912  AUC @ 1: 0.9997
Validation Data Eval:
  Num examples: 960  Num correct: 780  Precision @ 1: 0.8125  AUC @ 1: 0.8800
Test Data Eval:
  Num examples: 1856  Num correct: 1328  Precision @ 1: 0.7155  AUC @ 1: 0.7799
Step 9800: loss = 0.2498 (0.929 sec)
Training Data Eval:
  Num examples: 8960  Num correct: 8750  Precision @ 1: 0.9766  AUC @ 1: 0.9987
Validation Data Eval:
  Num examples: 960  Num correct: 753  Precision @ 1: 0.7844  AUC @ 1: 0.8721
Test Data Eval:
  Num examples: 1856  Num correct: 1253  Precision @ 1: 0.6751  AUC @ 1: 0.7768
Step 9900: loss = 0.4828 (0.868 sec)
Training Data Eval:
  Num examples: 8960  Num correct: 8869  Precision @ 1: 0.9898  AUC @ 1: 0.9995
Validation Data Eval:
  Num examples: 960  Num correct: 782  Precision @ 1: 0.8146  AUC @ 1: 0.8841
Test Data Eval:
  Num examples: 1856  Num correct: 1331  Precision @ 1: 0.7171  AUC @ 1: 0.7808
